MPRINT(EM_DIAGRAM):    data _null_;
MPRINT(EM_DIAGRAM):   call symput('NLDATE', strip(put(date(), NLDATE.)));
MPRINT(EM_DIAGRAM):   call symput('NLTIME', strip(put(datetime(), NLTIME.)));
MPRINT(EM_DIAGRAM):   run;
MPRINT(EM_DIAGRAM):   data _null_;
MPRINT(EM_DIAGRAM):   nldate= sasmsg("sashelp.dmine", "log_date_note", 'N', "November 16, 2015" );
MPRINT(EM_DIAGRAM):   nltime= sasmsg("sashelp.dmine", "log_time_note", 'N', "14:07:08" );
MPRINT(EM_DIAGRAM):   put "*------------------------------------------------------------*";
MPRINT(EM_DIAGRAM):   put "* Report Log";
MPRINT(EM_DIAGRAM):   put nldate;
MPRINT(EM_DIAGRAM):   put nltime;
MPRINT(EM_DIAGRAM):   put "*------------------------------------------------------------*";
MPRINT(EM_DIAGRAM):   run;
*------------------------------------------------------------*
* Report Log
Date:                November 16, 2015
Time:                14:07:08
*------------------------------------------------------------*
MPRINT(EM_DIAGRAM):    filename O2EWSO0Y "C:\Users\bteric01\Documents\Tutorials_Projects\Project_4\Workspaces\EMWS1\Part\EMREPORT.out" encoding="UTF-8" NOBOM;
MPRINT(EM_DIAGRAM):   proc printto print=O2EWSO0Y new;
MPRINT(EM_DIAGRAM):   run;
MPRINT(EM_DIAGRAM):    data WORK.M0S_BBD4;
MPRINT(EM_DIAGRAM):   set WORK.M0S_BBD4;
MPRINT(EM_DIAGRAM):   where(ROLE = "TARGET" or ROLE = "FREQ");
MPRINT(EM_DIAGRAM):   run;
21565      *------------------------------------------------------------*;
MPRINT(EM_DIAGRAM):    *------------------------------------------------------------*;
21566      * Part: Computing statistics for class target variables;
MPRINT(EM_DIAGRAM):   * Part: Computing statistics for class target variables;
21567      *------------------------------------------------------------*;
MPRINT(EM_DIAGRAM):   *------------------------------------------------------------*;
21568      *------------------------------------------------------------*;
MPRINT(EM_DIAGRAM):   *------------------------------------------------------------*;
21569      * Part: Computing statistics for interval target variables;
MPRINT(EM_DIAGRAM):   * Part: Computing statistics for interval target variables;
21570      *------------------------------------------------------------*;
MPRINT(EM_DIAGRAM):   *------------------------------------------------------------*;
21571      proc means data=EMWS1.FIMPORT_train min max mean std noprint;
MPRINT(EM_DIAGRAM):   proc means data=EMWS1.FIMPORT_train min max mean std noprint;
21572      output out=WORK.Part_STATTEMP;
MPRINT(EM_DIAGRAM):   output out=WORK.Part_STATTEMP;
21573      var
21574      SalePrice
21575      ;
MPRINT(EM_DIAGRAM):   var SalePrice ;
21576      run;
MPRINT(EM_DIAGRAM):   run;

NOTE: View EMWS1.FIMPORT_TRAIN.VIEW used (Total process time):
      real time           0.06 seconds
      cpu time            0.06 seconds
      
NOTE: There were 363 observations read from the data set EMWS1.FIMPORT_DATA.
NOTE: There were 363 observations read from the data set EMWS1.FIMPORT_TRAIN.
NOTE: The data set WORK.PART_STATTEMP has 5 observations and 4 variables.
NOTE: PROCEDURE MEANS used (Total process time):
      real time           0.09 seconds
      cpu time            0.09 seconds
      

21577      proc sort data=WORK.Part_STATTEMP NOTHREADS;
MPRINT(EM_DIAGRAM):   proc sort data=WORK.Part_STATTEMP NOTHREADS;
21578      by _stat_;
MPRINT(EM_DIAGRAM):   by _stat_;
21579      run;
MPRINT(EM_DIAGRAM):   run;

NOTE: There were 5 observations read from the data set WORK.PART_STATTEMP.
NOTE: The data set WORK.PART_STATTEMP has 5 observations and 4 variables.
NOTE: PROCEDURE SORT used (Total process time):
      real time           0.01 seconds
      cpu time            0.01 seconds
      

21580      proc transpose data=WORK.Part_STATTEMP out=WORK.Part_BASICSTAT;
MPRINT(EM_DIAGRAM):   proc transpose data=WORK.Part_STATTEMP out=WORK.Part_BASICSTAT;
21581      id _stat_;
MPRINT(EM_DIAGRAM):   id _stat_;
21582      copy _FREQ_;
MPRINT(EM_DIAGRAM):   copy _FREQ_;
21583      var
21584      SalePrice
21585      ;
MPRINT(EM_DIAGRAM):   var SalePrice ;
21586      run;
MPRINT(EM_DIAGRAM):   run;

NOTE: There were 5 observations read from the data set WORK.PART_STATTEMP.
NOTE: The data set WORK.PART_BASICSTAT has 5 observations and 8 variables.
NOTE: PROCEDURE TRANSPOSE used (Total process time):
      real time           0.01 seconds
      cpu time            0.01 seconds
      

21587      data _statNamelbl;
MPRINT(EM_DIAGRAM):   data _statNamelbl;
21588      set WORK.M0S_BBD4(keep=NAME LABEL rename=(NAME=_NAME_ LABEL=_LABEL_));
MPRINT(EM_DIAGRAM):   set WORK.M0S_BBD4(keep=NAME LABEL rename=(NAME=_NAME_ LABEL=_LABEL_));
21589      run;
MPRINT(EM_DIAGRAM):   run;

NOTE: There were 1 observations read from the data set WORK.M0S_BBD4.
NOTE: The data set WORK._STATNAMELBL has 1 observations and 2 variables.
NOTE: DATA statement used (Total process time):
      real time           0.01 seconds
      cpu time            0.01 seconds
      

21590      proc sort data=_statNamelbl;
MPRINT(EM_DIAGRAM):   proc sort data=_statNamelbl;
21591      by _NAME_;
MPRINT(EM_DIAGRAM):   by _NAME_;
21592      run;
MPRINT(EM_DIAGRAM):   run;

NOTE: There were 1 observations read from the data set WORK._STATNAMELBL.
NOTE: The data set WORK._STATNAMELBL has 1 observations and 2 variables.
NOTE: PROCEDURE SORT used (Total process time):
      real time           0.01 seconds
      cpu time            0.00 seconds
      

21593      proc sort data=WORK.Part_BASICSTAT;
MPRINT(EM_DIAGRAM):   proc sort data=WORK.Part_BASICSTAT;
21594      by _NAME_;
MPRINT(EM_DIAGRAM):   by _NAME_;
21595      run;
MPRINT(EM_DIAGRAM):   run;

NOTE: There were 5 observations read from the data set WORK.PART_BASICSTAT.
NOTE: The data set WORK.PART_BASICSTAT has 5 observations and 8 variables.
NOTE: PROCEDURE SORT used (Total process time):
      real time           0.01 seconds
      cpu time            0.01 seconds
      

21596      data WORK.Part_BASICSTAT;
MPRINT(EM_DIAGRAM):   data WORK.Part_BASICSTAT;
21597      label _NAME_ = "%sysfunc(sasmsg(sashelp.dmine, rpt_variable_vlabel, NOQUOTE))" MAX = "%sysfunc(sasmsg(sashelp.dmine, rpt_maximum_vlabel, NOQUOTE))" MEAN = "%sysfunc(sasmsg(sashelp.dmine, rpt_mean_vlabel, NOQUOTE))" MIN =
21598         "%sysfunc(sasmsg(sashelp.dmine, rpt_minimum_vlabel, NOQUOTE))" N = "%sysfunc(sasmsg(sashelp.dmine, rpt_nonMiss_vlabel, NOQUOTE))" NMiss = "%sysfunc(sasmsg(sashelp.dmine, rpt_missing_vlabel, NOQUOTE))" STD =
21599         "%sysfunc(sasmsg(sashelp.dmine, rpt_std_vlabel, NOQUOTE))" _LABEL_= "%sysfunc(sasmsg(sashelp.dmine, rpt_label_vlabel, NOQUOTE))";
MPRINT(EM_DIAGRAM):   label _NAME_ = "Variable" MAX = "Maximum" MEAN = "Mean" MIN = "Minimum" N = "Non Missing" NMiss = "Missing" STD = "Standard Deviation" _LABEL_= "Label";
21600      merge _statnamelbl(in=_a) WORK.Part_BASICSTAT(in=_b);
MPRINT(EM_DIAGRAM):   merge _statnamelbl(in=_a) WORK.Part_BASICSTAT(in=_b);
21601      by _NAME_;
MPRINT(EM_DIAGRAM):   by _NAME_;
21602      where _NAME_ ne '';
MPRINT(EM_DIAGRAM):   where _NAME_ ne '';
21603      NMISS = _FREQ_ - N;
MPRINT(EM_DIAGRAM):   NMISS = _FREQ_ - N;
21604      drop _FREQ_;
MPRINT(EM_DIAGRAM):   drop _FREQ_;
21605      if _a and _b then output;
MPRINT(EM_DIAGRAM):   if _a and _b then output;
21606      run;
MPRINT(EM_DIAGRAM):   run;

NOTE: There were 1 observations read from the data set WORK._STATNAMELBL.
      WHERE _NAME_ not = ' ';
NOTE: There were 1 observations read from the data set WORK.PART_BASICSTAT.
      WHERE _NAME_ not = ' ';
NOTE: The data set WORK.PART_BASICSTAT has 1 observations and 8 variables.
NOTE: DATA statement used (Total process time):
      real time           0.06 seconds
      cpu time            0.06 seconds
      

21607      data EMWS1.Part_INTRVL;
MPRINT(EM_DIAGRAM):    data EMWS1.Part_INTRVL;
21608      label DATA = "%sysfunc(sasmsg(sashelp.dmine, rpt_data_vlabel ,   NOQUOTE))";
MPRINT(EM_DIAGRAM):   label DATA = "Data";
21609      length DATA $8;
MPRINT(EM_DIAGRAM):   length DATA $8;
21610      set WORK.Part_BASICSTAT;
MPRINT(EM_DIAGRAM):   set WORK.Part_BASICSTAT;
21611      DATA = 'DATA';
MPRINT(EM_DIAGRAM):   DATA = 'DATA';
21612      run;
MPRINT(EM_DIAGRAM):   run;

NOTE: There were 1 observations read from the data set WORK.PART_BASICSTAT.
NOTE: The data set EMWS1.PART_INTRVL has 1 observations and 9 variables.
NOTE: DATA statement used (Total process time):
      real time           0.01 seconds
      cpu time            0.01 seconds
      

21613      *------------------------------------------------------------*;
MPRINT(EM_DIAGRAM):    *------------------------------------------------------------*;
21614      * Part: Computing statistics for class target variables;
MPRINT(EM_DIAGRAM):   * Part: Computing statistics for class target variables;
21615      *------------------------------------------------------------*;
MPRINT(EM_DIAGRAM):   *------------------------------------------------------------*;
21616      *------------------------------------------------------------*;
MPRINT(EM_DIAGRAM):   *------------------------------------------------------------*;
21617      * Part: Computing statistics for interval target variables;
MPRINT(EM_DIAGRAM):   * Part: Computing statistics for interval target variables;
21618      *------------------------------------------------------------*;
MPRINT(EM_DIAGRAM):   *------------------------------------------------------------*;
21619      proc means data=EMWS1.Part_TRAIN min max mean std noprint;
MPRINT(EM_DIAGRAM):   proc means data=EMWS1.Part_TRAIN min max mean std noprint;
21620      output out=WORK.Part_STATTEMP;
MPRINT(EM_DIAGRAM):   output out=WORK.Part_STATTEMP;
21621      var
21622      SalePrice
21623      ;
MPRINT(EM_DIAGRAM):   var SalePrice ;
21624      run;
MPRINT(EM_DIAGRAM):   run;

NOTE: There were 145 observations read from the data set EMWS1.PART_TRAIN.
NOTE: The data set WORK.PART_STATTEMP has 5 observations and 4 variables.
NOTE: PROCEDURE MEANS used (Total process time):
      real time           0.03 seconds
      cpu time            0.03 seconds
      

21625      proc sort data=WORK.Part_STATTEMP NOTHREADS;
MPRINT(EM_DIAGRAM):   proc sort data=WORK.Part_STATTEMP NOTHREADS;
21626      by _stat_;
MPRINT(EM_DIAGRAM):   by _stat_;
21627      run;
MPRINT(EM_DIAGRAM):   run;

NOTE: There were 5 observations read from the data set WORK.PART_STATTEMP.
NOTE: The data set WORK.PART_STATTEMP has 5 observations and 4 variables.
NOTE: PROCEDURE SORT used (Total process time):
      real time           0.01 seconds
      cpu time            0.01 seconds
      

21628      proc transpose data=WORK.Part_STATTEMP out=WORK.Part_BASICSTAT;
MPRINT(EM_DIAGRAM):   proc transpose data=WORK.Part_STATTEMP out=WORK.Part_BASICSTAT;
21629      id _stat_;
MPRINT(EM_DIAGRAM):   id _stat_;
21630      copy _FREQ_;
MPRINT(EM_DIAGRAM):   copy _FREQ_;
21631      var
21632      SalePrice
21633      ;
MPRINT(EM_DIAGRAM):   var SalePrice ;
21634      run;
MPRINT(EM_DIAGRAM):   run;

NOTE: There were 5 observations read from the data set WORK.PART_STATTEMP.
NOTE: The data set WORK.PART_BASICSTAT has 5 observations and 8 variables.
NOTE: PROCEDURE TRANSPOSE used (Total process time):
      real time           0.03 seconds
      cpu time            0.03 seconds
      

21635      data _statNamelbl;
MPRINT(EM_DIAGRAM):   data _statNamelbl;
21636      set WORK.M0S_BBD4(keep=NAME LABEL rename=(NAME=_NAME_ LABEL=_LABEL_));
MPRINT(EM_DIAGRAM):   set WORK.M0S_BBD4(keep=NAME LABEL rename=(NAME=_NAME_ LABEL=_LABEL_));
21637      run;
MPRINT(EM_DIAGRAM):   run;

NOTE: There were 1 observations read from the data set WORK.M0S_BBD4.
NOTE: The data set WORK._STATNAMELBL has 1 observations and 2 variables.
NOTE: DATA statement used (Total process time):
      real time           0.01 seconds
      cpu time            0.01 seconds
      

21638      proc sort data=_statNamelbl;
MPRINT(EM_DIAGRAM):   proc sort data=_statNamelbl;
21639      by _NAME_;
MPRINT(EM_DIAGRAM):   by _NAME_;
21640      run;
MPRINT(EM_DIAGRAM):   run;

NOTE: There were 1 observations read from the data set WORK._STATNAMELBL.
NOTE: The data set WORK._STATNAMELBL has 1 observations and 2 variables.
NOTE: PROCEDURE SORT used (Total process time):
      real time           0.01 seconds
      cpu time            0.01 seconds
      

21641      proc sort data=WORK.Part_BASICSTAT;
MPRINT(EM_DIAGRAM):   proc sort data=WORK.Part_BASICSTAT;
21642      by _NAME_;
MPRINT(EM_DIAGRAM):   by _NAME_;
21643      run;
MPRINT(EM_DIAGRAM):   run;

NOTE: There were 5 observations read from the data set WORK.PART_BASICSTAT.
NOTE: The data set WORK.PART_BASICSTAT has 5 observations and 8 variables.
NOTE: PROCEDURE SORT used (Total process time):
      real time           0.01 seconds
      cpu time            0.01 seconds
      

21644      data WORK.Part_BASICSTAT;
MPRINT(EM_DIAGRAM):   data WORK.Part_BASICSTAT;
21645      label _NAME_ = "%sysfunc(sasmsg(sashelp.dmine, rpt_variable_vlabel, NOQUOTE))" MAX = "%sysfunc(sasmsg(sashelp.dmine, rpt_maximum_vlabel, NOQUOTE))" MEAN = "%sysfunc(sasmsg(sashelp.dmine, rpt_mean_vlabel, NOQUOTE))" MIN =
21646         "%sysfunc(sasmsg(sashelp.dmine, rpt_minimum_vlabel, NOQUOTE))" N = "%sysfunc(sasmsg(sashelp.dmine, rpt_nonMiss_vlabel, NOQUOTE))" NMiss = "%sysfunc(sasmsg(sashelp.dmine, rpt_missing_vlabel, NOQUOTE))" STD =
21647         "%sysfunc(sasmsg(sashelp.dmine, rpt_std_vlabel, NOQUOTE))" _LABEL_= "%sysfunc(sasmsg(sashelp.dmine, rpt_label_vlabel, NOQUOTE))";
MPRINT(EM_DIAGRAM):   label _NAME_ = "Variable" MAX = "Maximum" MEAN = "Mean" MIN = "Minimum" N = "Non Missing" NMiss = "Missing" STD = "Standard Deviation" _LABEL_= "Label";
21648      merge _statnamelbl(in=_a) WORK.Part_BASICSTAT(in=_b);
MPRINT(EM_DIAGRAM):   merge _statnamelbl(in=_a) WORK.Part_BASICSTAT(in=_b);
21649      by _NAME_;
MPRINT(EM_DIAGRAM):   by _NAME_;
21650      where _NAME_ ne '';
MPRINT(EM_DIAGRAM):   where _NAME_ ne '';
21651      NMISS = _FREQ_ - N;
MPRINT(EM_DIAGRAM):   NMISS = _FREQ_ - N;
21652      drop _FREQ_;
MPRINT(EM_DIAGRAM):   drop _FREQ_;
21653      if _a and _b then output;
MPRINT(EM_DIAGRAM):   if _a and _b then output;
21654      run;
MPRINT(EM_DIAGRAM):   run;

NOTE: There were 1 observations read from the data set WORK._STATNAMELBL.
      WHERE _NAME_ not = ' ';
NOTE: There were 1 observations read from the data set WORK.PART_BASICSTAT.
      WHERE _NAME_ not = ' ';
NOTE: The data set WORK.PART_BASICSTAT has 1 observations and 8 variables.
NOTE: DATA statement used (Total process time):
      real time           0.07 seconds
      cpu time            0.07 seconds
      

21655      data WORK.Part_BASICSTAT;
MPRINT(EM_DIAGRAM):    data WORK.Part_BASICSTAT;
21656      label DATA = "%sysfunc(sasmsg(sashelp.dmine, rpt_data_vlabel ,   NOQUOTE))";
MPRINT(EM_DIAGRAM):   label DATA = "Data";
21657      length DATA $8;
MPRINT(EM_DIAGRAM):   length DATA $8;
21658      set WORK.Part_BASICSTAT;
MPRINT(EM_DIAGRAM):   set WORK.Part_BASICSTAT;
21659      DATA = "TRAIN";
MPRINT(EM_DIAGRAM):   DATA = "TRAIN";
21660      run;
MPRINT(EM_DIAGRAM):   run;

NOTE: There were 1 observations read from the data set WORK.PART_BASICSTAT.
NOTE: The data set WORK.PART_BASICSTAT has 1 observations and 9 variables.
NOTE: DATA statement used (Total process time):
      real time           0.01 seconds
      cpu time            0.01 seconds
      

21661      data EMWS1.Part_INTRVL;
MPRINT(EM_DIAGRAM):   data EMWS1.Part_INTRVL;
21662      set EMWS1.Part_INTRVL WORK.Part_BASICSTAT;
MPRINT(EM_DIAGRAM):   set EMWS1.Part_INTRVL WORK.Part_BASICSTAT;
21663      run;
MPRINT(EM_DIAGRAM):   run;

NOTE: There were 1 observations read from the data set EMWS1.PART_INTRVL.
NOTE: There were 1 observations read from the data set WORK.PART_BASICSTAT.
NOTE: The data set EMWS1.PART_INTRVL has 2 observations and 9 variables.
NOTE: DATA statement used (Total process time):
      real time           0.01 seconds
      cpu time            0.01 seconds
      

21664      *------------------------------------------------------------*;
MPRINT(EM_DIAGRAM):    *------------------------------------------------------------*;
21665      * Part: Computing statistics for class target variables;
MPRINT(EM_DIAGRAM):   * Part: Computing statistics for class target variables;
21666      *------------------------------------------------------------*;
MPRINT(EM_DIAGRAM):   *------------------------------------------------------------*;
21667      *------------------------------------------------------------*;
MPRINT(EM_DIAGRAM):   *------------------------------------------------------------*;
21668      * Part: Computing statistics for interval target variables;
MPRINT(EM_DIAGRAM):   * Part: Computing statistics for interval target variables;
21669      *------------------------------------------------------------*;
MPRINT(EM_DIAGRAM):   *------------------------------------------------------------*;
21670      proc means data=EMWS1.Part_VALIDATE min max mean std noprint;
MPRINT(EM_DIAGRAM):   proc means data=EMWS1.Part_VALIDATE min max mean std noprint;
21671      output out=WORK.Part_STATTEMP;
MPRINT(EM_DIAGRAM):   output out=WORK.Part_STATTEMP;
21672      var
21673      SalePrice
21674      ;
MPRINT(EM_DIAGRAM):   var SalePrice ;
21675      run;
MPRINT(EM_DIAGRAM):   run;

NOTE: There were 109 observations read from the data set EMWS1.PART_VALIDATE.
NOTE: The data set WORK.PART_STATTEMP has 5 observations and 4 variables.
NOTE: PROCEDURE MEANS used (Total process time):
      real time           0.01 seconds
      cpu time            0.01 seconds
      

21676      proc sort data=WORK.Part_STATTEMP NOTHREADS;
MPRINT(EM_DIAGRAM):   proc sort data=WORK.Part_STATTEMP NOTHREADS;
21677      by _stat_;
MPRINT(EM_DIAGRAM):   by _stat_;
21678      run;
MPRINT(EM_DIAGRAM):   run;

NOTE: There were 5 observations read from the data set WORK.PART_STATTEMP.
NOTE: The data set WORK.PART_STATTEMP has 5 observations and 4 variables.
NOTE: PROCEDURE SORT used (Total process time):
      real time           0.01 seconds
      cpu time            0.01 seconds
      

21679      proc transpose data=WORK.Part_STATTEMP out=WORK.Part_BASICSTAT;
MPRINT(EM_DIAGRAM):   proc transpose data=WORK.Part_STATTEMP out=WORK.Part_BASICSTAT;
21680      id _stat_;
MPRINT(EM_DIAGRAM):   id _stat_;
21681      copy _FREQ_;
MPRINT(EM_DIAGRAM):   copy _FREQ_;
21682      var
21683      SalePrice
21684      ;
MPRINT(EM_DIAGRAM):   var SalePrice ;
21685      run;
MPRINT(EM_DIAGRAM):   run;

NOTE: There were 5 observations read from the data set WORK.PART_STATTEMP.
NOTE: The data set WORK.PART_BASICSTAT has 5 observations and 8 variables.
NOTE: PROCEDURE TRANSPOSE used (Total process time):
      real time           0.01 seconds
      cpu time            0.01 seconds
      

21686      data _statNamelbl;
MPRINT(EM_DIAGRAM):   data _statNamelbl;
21687      set WORK.M0S_BBD4(keep=NAME LABEL rename=(NAME=_NAME_ LABEL=_LABEL_));
MPRINT(EM_DIAGRAM):   set WORK.M0S_BBD4(keep=NAME LABEL rename=(NAME=_NAME_ LABEL=_LABEL_));
21688      run;
MPRINT(EM_DIAGRAM):   run;

NOTE: There were 1 observations read from the data set WORK.M0S_BBD4.
NOTE: The data set WORK._STATNAMELBL has 1 observations and 2 variables.
NOTE: DATA statement used (Total process time):
      real time           0.00 seconds
      cpu time            0.00 seconds
      

21689      proc sort data=_statNamelbl;
MPRINT(EM_DIAGRAM):   proc sort data=_statNamelbl;
21690      by _NAME_;
MPRINT(EM_DIAGRAM):   by _NAME_;
21691      run;
MPRINT(EM_DIAGRAM):   run;

NOTE: There were 1 observations read from the data set WORK._STATNAMELBL.
NOTE: The data set WORK._STATNAMELBL has 1 observations and 2 variables.
NOTE: PROCEDURE SORT used (Total process time):
      real time           0.00 seconds
      cpu time            0.00 seconds
      

21692      proc sort data=WORK.Part_BASICSTAT;
MPRINT(EM_DIAGRAM):   proc sort data=WORK.Part_BASICSTAT;
21693      by _NAME_;
MPRINT(EM_DIAGRAM):   by _NAME_;
21694      run;
MPRINT(EM_DIAGRAM):   run;

NOTE: There were 5 observations read from the data set WORK.PART_BASICSTAT.
NOTE: The data set WORK.PART_BASICSTAT has 5 observations and 8 variables.
NOTE: PROCEDURE SORT used (Total process time):
      real time           0.00 seconds
      cpu time            0.00 seconds
      

21695      data WORK.Part_BASICSTAT;
MPRINT(EM_DIAGRAM):   data WORK.Part_BASICSTAT;
21696      label _NAME_ = "%sysfunc(sasmsg(sashelp.dmine, rpt_variable_vlabel, NOQUOTE))" MAX = "%sysfunc(sasmsg(sashelp.dmine, rpt_maximum_vlabel, NOQUOTE))" MEAN = "%sysfunc(sasmsg(sashelp.dmine, rpt_mean_vlabel, NOQUOTE))" MIN =
21697         "%sysfunc(sasmsg(sashelp.dmine, rpt_minimum_vlabel, NOQUOTE))" N = "%sysfunc(sasmsg(sashelp.dmine, rpt_nonMiss_vlabel, NOQUOTE))" NMiss = "%sysfunc(sasmsg(sashelp.dmine, rpt_missing_vlabel, NOQUOTE))" STD =
21698         "%sysfunc(sasmsg(sashelp.dmine, rpt_std_vlabel, NOQUOTE))" _LABEL_= "%sysfunc(sasmsg(sashelp.dmine, rpt_label_vlabel, NOQUOTE))";
MPRINT(EM_DIAGRAM):   label _NAME_ = "Variable" MAX = "Maximum" MEAN = "Mean" MIN = "Minimum" N = "Non Missing" NMiss = "Missing" STD = "Standard Deviation" _LABEL_= "Label";
21699      merge _statnamelbl(in=_a) WORK.Part_BASICSTAT(in=_b);
MPRINT(EM_DIAGRAM):   merge _statnamelbl(in=_a) WORK.Part_BASICSTAT(in=_b);
21700      by _NAME_;
MPRINT(EM_DIAGRAM):   by _NAME_;
21701      where _NAME_ ne '';
MPRINT(EM_DIAGRAM):   where _NAME_ ne '';
21702      NMISS = _FREQ_ - N;
MPRINT(EM_DIAGRAM):   NMISS = _FREQ_ - N;
21703      drop _FREQ_;
MPRINT(EM_DIAGRAM):   drop _FREQ_;
21704      if _a and _b then output;
MPRINT(EM_DIAGRAM):   if _a and _b then output;
21705      run;
MPRINT(EM_DIAGRAM):   run;

NOTE: There were 1 observations read from the data set WORK._STATNAMELBL.
      WHERE _NAME_ not = ' ';
NOTE: There were 1 observations read from the data set WORK.PART_BASICSTAT.
      WHERE _NAME_ not = ' ';
NOTE: The data set WORK.PART_BASICSTAT has 1 observations and 8 variables.
NOTE: DATA statement used (Total process time):
      real time           0.03 seconds
      cpu time            0.03 seconds
      

21706      data WORK.Part_BASICSTAT;
MPRINT(EM_DIAGRAM):    data WORK.Part_BASICSTAT;
21707      label DATA = "%sysfunc(sasmsg(sashelp.dmine, rpt_data_vlabel ,   NOQUOTE))";
MPRINT(EM_DIAGRAM):   label DATA = "Data";
21708      length DATA $8;
MPRINT(EM_DIAGRAM):   length DATA $8;
21709      set WORK.Part_BASICSTAT;
MPRINT(EM_DIAGRAM):   set WORK.Part_BASICSTAT;
21710      DATA = "VALIDATE";
MPRINT(EM_DIAGRAM):   DATA = "VALIDATE";
21711      run;
MPRINT(EM_DIAGRAM):   run;

NOTE: There were 1 observations read from the data set WORK.PART_BASICSTAT.
NOTE: The data set WORK.PART_BASICSTAT has 1 observations and 9 variables.
NOTE: DATA statement used (Total process time):
      real time           0.01 seconds
      cpu time            0.01 seconds
      

21712      data EMWS1.Part_INTRVL;
MPRINT(EM_DIAGRAM):   data EMWS1.Part_INTRVL;
21713      set EMWS1.Part_INTRVL WORK.Part_BASICSTAT;
MPRINT(EM_DIAGRAM):   set EMWS1.Part_INTRVL WORK.Part_BASICSTAT;
21714      run;
MPRINT(EM_DIAGRAM):   run;

NOTE: There were 2 observations read from the data set EMWS1.PART_INTRVL.
NOTE: There were 1 observations read from the data set WORK.PART_BASICSTAT.
NOTE: The data set EMWS1.PART_INTRVL has 3 observations and 9 variables.
NOTE: DATA statement used (Total process time):
      real time           0.00 seconds
      cpu time            0.00 seconds
      

21715      *------------------------------------------------------------*;
MPRINT(EM_DIAGRAM):    *------------------------------------------------------------*;
21716      * Part: Computing statistics for class target variables;
MPRINT(EM_DIAGRAM):   * Part: Computing statistics for class target variables;
21717      *------------------------------------------------------------*;
MPRINT(EM_DIAGRAM):   *------------------------------------------------------------*;
21718      *------------------------------------------------------------*;
MPRINT(EM_DIAGRAM):   *------------------------------------------------------------*;
21719      * Part: Computing statistics for interval target variables;
MPRINT(EM_DIAGRAM):   * Part: Computing statistics for interval target variables;
21720      *------------------------------------------------------------*;
MPRINT(EM_DIAGRAM):   *------------------------------------------------------------*;
21721      proc means data=EMWS1.Part_TEST min max mean std noprint;
MPRINT(EM_DIAGRAM):   proc means data=EMWS1.Part_TEST min max mean std noprint;
21722      output out=WORK.Part_STATTEMP;
MPRINT(EM_DIAGRAM):   output out=WORK.Part_STATTEMP;
21723      var
21724      SalePrice
21725      ;
MPRINT(EM_DIAGRAM):   var SalePrice ;
21726      run;
MPRINT(EM_DIAGRAM):   run;

NOTE: There were 109 observations read from the data set EMWS1.PART_TEST.
NOTE: The data set WORK.PART_STATTEMP has 5 observations and 4 variables.
NOTE: PROCEDURE MEANS used (Total process time):
      real time           0.00 seconds
      cpu time            0.00 seconds
      

21727      proc sort data=WORK.Part_STATTEMP NOTHREADS;
MPRINT(EM_DIAGRAM):   proc sort data=WORK.Part_STATTEMP NOTHREADS;
21728      by _stat_;
MPRINT(EM_DIAGRAM):   by _stat_;
21729      run;
MPRINT(EM_DIAGRAM):   run;

NOTE: There were 5 observations read from the data set WORK.PART_STATTEMP.
NOTE: The data set WORK.PART_STATTEMP has 5 observations and 4 variables.
NOTE: PROCEDURE SORT used (Total process time):
      real time           0.01 seconds
      cpu time            0.01 seconds
      

21730      proc transpose data=WORK.Part_STATTEMP out=WORK.Part_BASICSTAT;
MPRINT(EM_DIAGRAM):   proc transpose data=WORK.Part_STATTEMP out=WORK.Part_BASICSTAT;
21731      id _stat_;
MPRINT(EM_DIAGRAM):   id _stat_;
21732      copy _FREQ_;
MPRINT(EM_DIAGRAM):   copy _FREQ_;
21733      var
21734      SalePrice
21735      ;
MPRINT(EM_DIAGRAM):   var SalePrice ;
21736      run;
MPRINT(EM_DIAGRAM):   run;

NOTE: There were 5 observations read from the data set WORK.PART_STATTEMP.
NOTE: The data set WORK.PART_BASICSTAT has 5 observations and 8 variables.
NOTE: PROCEDURE TRANSPOSE used (Total process time):
      real time           0.01 seconds
      cpu time            0.01 seconds
      

21737      data _statNamelbl;
MPRINT(EM_DIAGRAM):   data _statNamelbl;
21738      set WORK.M0S_BBD4(keep=NAME LABEL rename=(NAME=_NAME_ LABEL=_LABEL_));
MPRINT(EM_DIAGRAM):   set WORK.M0S_BBD4(keep=NAME LABEL rename=(NAME=_NAME_ LABEL=_LABEL_));
21739      run;
MPRINT(EM_DIAGRAM):   run;

NOTE: There were 1 observations read from the data set WORK.M0S_BBD4.
NOTE: The data set WORK._STATNAMELBL has 1 observations and 2 variables.
NOTE: DATA statement used (Total process time):
      real time           0.01 seconds
      cpu time            0.01 seconds
      

21740      proc sort data=_statNamelbl;
MPRINT(EM_DIAGRAM):   proc sort data=_statNamelbl;
21741      by _NAME_;
MPRINT(EM_DIAGRAM):   by _NAME_;
21742      run;
MPRINT(EM_DIAGRAM):   run;

NOTE: There were 1 observations read from the data set WORK._STATNAMELBL.
NOTE: The data set WORK._STATNAMELBL has 1 observations and 2 variables.
NOTE: PROCEDURE SORT used (Total process time):
      real time           0.00 seconds
      cpu time            0.00 seconds
      

21743      proc sort data=WORK.Part_BASICSTAT;
MPRINT(EM_DIAGRAM):   proc sort data=WORK.Part_BASICSTAT;
21744      by _NAME_;
MPRINT(EM_DIAGRAM):   by _NAME_;
21745      run;
MPRINT(EM_DIAGRAM):   run;

NOTE: There were 5 observations read from the data set WORK.PART_BASICSTAT.
NOTE: The data set WORK.PART_BASICSTAT has 5 observations and 8 variables.
NOTE: PROCEDURE SORT used (Total process time):
      real time           0.01 seconds
      cpu time            0.01 seconds
      

21746      data WORK.Part_BASICSTAT;
MPRINT(EM_DIAGRAM):   data WORK.Part_BASICSTAT;
21747      label _NAME_ = "%sysfunc(sasmsg(sashelp.dmine, rpt_variable_vlabel, NOQUOTE))" MAX = "%sysfunc(sasmsg(sashelp.dmine, rpt_maximum_vlabel, NOQUOTE))" MEAN = "%sysfunc(sasmsg(sashelp.dmine, rpt_mean_vlabel, NOQUOTE))" MIN =
21748         "%sysfunc(sasmsg(sashelp.dmine, rpt_minimum_vlabel, NOQUOTE))" N = "%sysfunc(sasmsg(sashelp.dmine, rpt_nonMiss_vlabel, NOQUOTE))" NMiss = "%sysfunc(sasmsg(sashelp.dmine, rpt_missing_vlabel, NOQUOTE))" STD =
21749         "%sysfunc(sasmsg(sashelp.dmine, rpt_std_vlabel, NOQUOTE))" _LABEL_= "%sysfunc(sasmsg(sashelp.dmine, rpt_label_vlabel, NOQUOTE))";
MPRINT(EM_DIAGRAM):   label _NAME_ = "Variable" MAX = "Maximum" MEAN = "Mean" MIN = "Minimum" N = "Non Missing" NMiss = "Missing" STD = "Standard Deviation" _LABEL_= "Label";
21750      merge _statnamelbl(in=_a) WORK.Part_BASICSTAT(in=_b);
MPRINT(EM_DIAGRAM):   merge _statnamelbl(in=_a) WORK.Part_BASICSTAT(in=_b);
21751      by _NAME_;
MPRINT(EM_DIAGRAM):   by _NAME_;
21752      where _NAME_ ne '';
MPRINT(EM_DIAGRAM):   where _NAME_ ne '';
21753      NMISS = _FREQ_ - N;
MPRINT(EM_DIAGRAM):   NMISS = _FREQ_ - N;
21754      drop _FREQ_;
MPRINT(EM_DIAGRAM):   drop _FREQ_;
21755      if _a and _b then output;
MPRINT(EM_DIAGRAM):   if _a and _b then output;
21756      run;
MPRINT(EM_DIAGRAM):   run;

NOTE: There were 1 observations read from the data set WORK._STATNAMELBL.
      WHERE _NAME_ not = ' ';
NOTE: There were 1 observations read from the data set WORK.PART_BASICSTAT.
      WHERE _NAME_ not = ' ';
NOTE: The data set WORK.PART_BASICSTAT has 1 observations and 8 variables.
NOTE: DATA statement used (Total process time):
      real time           0.04 seconds
      cpu time            0.04 seconds
      

21757      data WORK.Part_BASICSTAT;
MPRINT(EM_DIAGRAM):    data WORK.Part_BASICSTAT;
21758      label DATA = "%sysfunc(sasmsg(sashelp.dmine, rpt_data_vlabel ,   NOQUOTE))";
MPRINT(EM_DIAGRAM):   label DATA = "Data";
21759      length DATA $8;
MPRINT(EM_DIAGRAM):   length DATA $8;
21760      set WORK.Part_BASICSTAT;
MPRINT(EM_DIAGRAM):   set WORK.Part_BASICSTAT;
21761      DATA = "TEST";
MPRINT(EM_DIAGRAM):   DATA = "TEST";
21762      run;
MPRINT(EM_DIAGRAM):   run;

NOTE: There were 1 observations read from the data set WORK.PART_BASICSTAT.
NOTE: The data set WORK.PART_BASICSTAT has 1 observations and 9 variables.
NOTE: DATA statement used (Total process time):
      real time           0.00 seconds
      cpu time            0.00 seconds
      

21763      data EMWS1.Part_INTRVL;
MPRINT(EM_DIAGRAM):   data EMWS1.Part_INTRVL;
21764      set EMWS1.Part_INTRVL WORK.Part_BASICSTAT;
MPRINT(EM_DIAGRAM):   set EMWS1.Part_INTRVL WORK.Part_BASICSTAT;
21765      run;
MPRINT(EM_DIAGRAM):   run;

NOTE: There were 3 observations read from the data set EMWS1.PART_INTRVL.
NOTE: There were 1 observations read from the data set WORK.PART_BASICSTAT.
NOTE: The data set EMWS1.PART_INTRVL has 4 observations and 9 variables.
NOTE: DATA statement used (Total process time):
      real time           0.00 seconds
      cpu time            0.00 seconds
      

21766      data EMWS1.Part_INTRVL(rename=(_name_=VARIABLE));
MPRINT(EM_DIAGRAM):    data EMWS1.Part_INTRVL(rename=(_name_=VARIABLE));
21767      set EMWS1.Part_INTRVL;
MPRINT(EM_DIAGRAM):   set EMWS1.Part_INTRVL;
21768      label _NAME_ = "%sysfunc(sasmsg(sashelp.dmine, rpt_variable_vlabel, NOQUOTE))" MIN = "%sysfunc(sasmsg(sashelp.dmine, rpt_minimum_vlabel,  NOQUOTE))" MAX = "%sysfunc(sasmsg(sashelp.dmine, rpt_maximum_vlabel,  NOQUOTE))" MEAN =
21769         "%sysfunc(sasmsg(sashelp.dmine, rpt_mean_vlabel,     NOQUOTE))" STD = "%sysfunc(sasmsg(sashelp.dmine, rpt_std_vlabel,      NOQUOTE))" N = "%sysfunc(sasmsg(sashelp.dmine, rpt_numObs_vlabel,   NOQUOTE))";
MPRINT(EM_DIAGRAM):   label _NAME_ = "Variable" MIN = "Minimum" MAX = "Maximum" MEAN = "Mean" STD = "Standard Deviation" N = "Number of Observations";
21770      run;
MPRINT(EM_DIAGRAM):   run;

NOTE: There were 4 observations read from the data set EMWS1.PART_INTRVL.
NOTE: The data set EMWS1.PART_INTRVL has 4 observations and 9 variables.
NOTE: DATA statement used (Total process time):
      real time           0.03 seconds
      cpu time            0.03 seconds
      

21771      proc sort data=EMWS1.Part_INTRVL NOTHREADS;
MPRINT(EM_DIAGRAM):   proc sort data=EMWS1.Part_INTRVL NOTHREADS;
21772      by DATA;
MPRINT(EM_DIAGRAM):   by DATA;
21773      run;
MPRINT(EM_DIAGRAM):   run;

NOTE: There were 4 observations read from the data set EMWS1.PART_INTRVL.
NOTE: The data set EMWS1.PART_INTRVL has 4 observations and 9 variables.
NOTE: PROCEDURE SORT used (Total process time):
      real time           0.01 seconds
      cpu time            0.01 seconds
      

21774      %let _cn = %sysfunc(getoption(CENTER));
21775      %let _nb = %sysfunc(getoption(NUMBER));
21776      options nonumber nocenter;
MPRINT(EM_DIAGRAM):   options nonumber nocenter;
21777      proc print data=EMWS1.Part_INTRVL noobs label;
MPRINT(EM_DIAGRAM):   proc print data=EMWS1.Part_INTRVL noobs label;
21778      by DATA;
MPRINT(EM_DIAGRAM):   by DATA;
21779      title9 ' ';
MPRINT(EM_DIAGRAM):   title9 ' ';
21780      title10 "%sysfunc(sasmsg(sashelp.dmine,  rpt_intervalTargetStats_title, NOQUOTE))";
MPRINT(EM_DIAGRAM):   title10 "Summary Statistics for Interval Targets";
MPRINT(EM_DIAGRAM):   run;
21781      run;

NOTE: There were 4 observations read from the data set EMWS1.PART_INTRVL.
NOTE: The PROCEDURE PRINT printed page 3.
NOTE: PROCEDURE PRINT used (Total process time):
      real time           0.01 seconds
      cpu time            0.01 seconds
      

21782      title10;
MPRINT(EM_DIAGRAM):   title10;
21783      options &_cn &_nb;
MPRINT(EM_DIAGRAM):   options NOCENTER NONUMBER;
MPRINT(EM_DIAGRAM):    proc printto;
MPRINT(EM_DIAGRAM):   run;
