 
                                                                                                                                                                                                                                                                
 
 
Fit Statistics

Target=SalePrice Target Label=SalePrice

   Fit
Statistics    Statistics Label                            Train        Validation              Test

 _DFT_        Total Degrees of Freedom                   145.00               .                 .  
 _DFE_        Degrees of Freedom for Error                69.00               .                 .  
 _DFM_        Model Degrees of Freedom                    76.00               .                 .  
 _NW_         Number of Estimated Weights                 76.00               .                 .  
 _AIC_        Akaike's Information Criterion            2914.15               .                 .  
 _SBC_        Schwarz's Bayesian Criterion              3140.38               .                 .  
 _ASE_        Average Squared Error                187504048.29      323013669.43      307821044.21
 _MAX_        Maximum Absolute Error                   76805.80          69383.20          75164.08
 _DIV_        Divisor for ASE                            145.00            109.00            109.00
 _NOBS_       Sum of Frequencies                         145.00            109.00            109.00
 _RASE_       Root Average Squared Error               13693.21          17972.58          17544.83
 _SSE_        Sum of Squared Errors              27188087001.34    35208489967.52    33552493818.35
 _SUMW_       Sum of Case Weights Times Freq             145.00            109.00            109.00
 _FPE_        Final Prediction Error               600556444.51               .                 .  
 _MSE_        Mean Squared Error                   394030246.40      323013669.43      307821044.21
 _RFPE_       Root Final Prediction Error              24506.25               .                 .  
 _RMSE_       Root Mean Squared Error                  19850.20          17972.58          17544.83
 _AVERR_      Average Error Function               187504048.29      323013669.43      307821044.21
 _ERR_        Error Function                     27188087001.34    35208489967.52    33552493818.35
 _MISC_       Misclassification Rate                        .                 .                 .  
 _WRONG_      Number of Wrong Classifications               .                 .                 .  
 
                                                                                                                                                                                                                                                                
 
 
Assessment Score Rankings

Data Role=TRAIN Target Variable=SalePrice Target Label=SalePrice

           Number of       Mean         Mean
Depth    Observations     Target     Predicted

   5           8         99004.25     86863.00
  10           7         92722.29     86847.80
  15           7         93741.43     86740.17
  20           7         92926.43     85597.07
  25           8         86382.75     84189.90
  30           7         76763.29     82273.40
  35           7         68861.14     81634.50
  40           7         82957.71     78921.24
  45           8         69213.13     76617.47
  50           7         80618.71     75001.55
  55           7         86899.00     74852.63
  60           7         75408.57     74128.57
  65           8         70088.25     72913.33
  70           7         69065.86     72771.14
  75           7         68754.71     72417.03
  80           7         65994.43     70809.35
  85           8         69445.38     69851.82
  90           7         62966.86     68580.30
  95           7         63601.14     67743.75
 100           7         57392.86     67711.74


Data Role=VALIDATE Target Variable=SalePrice Target Label=SalePrice

           Number of       Mean         Mean
Depth    Observations     Target     Predicted

   5           6         62986.67     86863.00
  10           5         71144.20     86810.81
  15           6         86422.67     86243.82
  20           5         88021.40     84766.13
  25           6         78299.83     83807.45
  30           5         67895.80     82107.67
  35           6         79076.50     81383.48
  40           5         81977.60     79001.65
  45           6         69422.83     76813.12
  50           5         80182.60     74933.73
  55           5         64406.80     74775.69
  60           6         69546.50     73422.27
  65           5         81473.00     72811.52
  70           6         64494.83     72773.50
  75           5         61700.40     72717.60
  80           6         61920.50     71752.06
  85           5         76282.60     69980.49
  90           6         70297.17     68967.92
  95           5         75846.80     67989.19
 100           5         72526.40     67719.13
 
                                                                                                                                                                                                                                                                
 
 
Assessment Score Distribution

Data Role=TRAIN Target Variable=SalePrice Target Label=SalePrice

                            Mean         Mean        Number of       Model
 Range for Predicted       Target     Predicted    Observations      Score

85905.490 -  86863.083    95825.24     86773.23         25         86384.29
84947.896 -  85905.490    84416.00     85452.47          1         85426.69
83990.303 -  84947.896    91889.50     84604.34          8         84469.10
83032.709 -  83990.303    74554.67     83700.24          3         83511.51
82075.116 -  83032.709    78171.33     82590.45          3         82553.91
81117.522 -  82075.116    70404.90     81859.47         10         81596.32
80159.929 -  81117.522    80808.00     80989.22          1         80638.73
79202.335 -  80159.929    81511.67     79410.83          3         79681.13
78244.742 -  79202.335    83603.00     78689.97          3         78723.54
77287.148 -  78244.742    75935.00     77705.22          3         77765.94
76329.554 -  77287.148    64813.25     76865.98          4         76808.35
74414.367 -  75371.961    82051.50     74925.48         18         74893.16
73456.774 -  74414.367    75112.80     73945.39          5         73935.57
72499.180 -  73456.774    70459.58     72806.89         19         72977.98
71541.587 -  72499.180    62346.50     71971.64          4         72020.38
70583.993 -  71541.587    63794.75     70889.95          4         71062.79
69626.400 -  70583.993    69967.70     69932.67         10         70105.20
68668.806 -  69626.400    64027.00     69107.22          3         69147.60
67711.213 -  68668.806    60869.17     67829.38         18         68190.01


Data Role=VALIDATE Target Variable=SalePrice Target Label=SalePrice

                            Mean         Mean        Number of       Model
 Range for Predicted       Target     Predicted    Observations      Score

85905.490 -  86863.083    72937.56     86708.92         16         86384.29
84947.896 -  85905.490    88216.50     85173.47          2         85426.69
83990.303 -  84947.896    84147.43     84454.14          7         84469.10
83032.709 -  83990.303    80211.50     83802.99          2         83511.51
82075.116 -  83032.709    77861.67     82664.09          3         82553.91
81117.522 -  82075.116    67327.67     81793.35          6         81596.32
80159.929 -  81117.522    86331.50     80805.14          4         80638.73
79202.335 -  80159.929    78751.00     79687.05          2         79681.13
77287.148 -  78244.742    72280.75     77610.64          4         77765.94
76329.555 -  77287.148    68622.50     76767.20          2         76808.35
75371.961 -  76329.555    71405.00     76148.94          2         75850.76
74414.368 -  75371.961    72294.70     74854.71         10         74893.16
73456.774 -  74414.368    69799.00     73783.61          3         73935.57
72499.180 -  73456.774    68101.55     72802.23         20         72977.98
71541.587 -  72499.180    65110.00     72187.30          3         72020.38
70583.993 -  71541.587    61924.00     70974.60          1         71062.79
69626.400 -  70583.993    73861.57     70011.61          7         70105.20
68668.806 -  69626.400    54901.50     69158.38          2         69147.60
67711.213 -  68668.806    75475.69     68019.55         13         68190.01
