MPRINT(EM_DIAGRAM):    data _null_;
MPRINT(EM_DIAGRAM):   call symput('NLDATE', strip(put(date(), NLDATE.)));
MPRINT(EM_DIAGRAM):   call symput('NLTIME', strip(put(datetime(), NLTIME.)));
MPRINT(EM_DIAGRAM):   run;
MPRINT(EM_DIAGRAM):   data _null_;
MPRINT(EM_DIAGRAM):   nldate= sasmsg("sashelp.dmine", "log_date_note", 'N', "November 16, 2015" );
MPRINT(EM_DIAGRAM):   nltime= sasmsg("sashelp.dmine", "log_time_note", 'N', "14:09:42" );
MPRINT(EM_DIAGRAM):   put "*------------------------------------------------------------*";
MPRINT(EM_DIAGRAM):   put "* Training Log";
MPRINT(EM_DIAGRAM):   put nldate;
MPRINT(EM_DIAGRAM):   put nltime;
MPRINT(EM_DIAGRAM):   put "*------------------------------------------------------------*";
MPRINT(EM_DIAGRAM):   run;
*------------------------------------------------------------*
* Training Log
Date:                November 16, 2015
Time:                14:09:42
*------------------------------------------------------------*
MPRINT(EM_DIAGRAM):    filename O3KBR2X4 "C:\Users\bteric01\Documents\Tutorials_Projects\Project_4\Workspaces\EMWS1\Neural\EMTRAIN.out" encoding="UTF-8" NOBOM;
MPRINT(EM_DIAGRAM):   proc printto print=O3KBR2X4 new;
MPRINT(EM_DIAGRAM):   run;
MPRINT(EM_DIAGRAM):    filename _LOG "C:\Users\bteric01\Documents\Tutorials_Projects\Project_4\Workspaces\EMWS1\Neural\EMLOG.log" encoding="UTF-8" NOBOM;
MPRINT(EM_DIAGRAM):    data _null_;
MPRINT(EM_DIAGRAM):   call symput('NLDATE', strip(put(date(), NLDATE.)));
MPRINT(EM_DIAGRAM):   call symput('NLTIME', strip(put(datetime(), NLTIME.)));
MPRINT(EM_DIAGRAM):   run;
MPRINT(EM_DIAGRAM):   data _null_;
MPRINT(EM_DIAGRAM):   nldate= sasmsg("sashelp.dmine", "log_date_note", 'N', "November 16, 2015" );
MPRINT(EM_DIAGRAM):   nltime= sasmsg("sashelp.dmine", "log_time_note", 'N', "14:09:42" );
MPRINT(EM_DIAGRAM):   file _LOG;
MPRINT(EM_DIAGRAM):   put "*------------------------------------------------------------*";
MPRINT(EM_DIAGRAM):   put "User:                bteric01";
MPRINT(EM_DIAGRAM):   put nldate;
MPRINT(EM_DIAGRAM):   put nltime;
MPRINT(EM_DIAGRAM):   put "Site:                70080760";
MPRINT(EM_DIAGRAM):   put "Platform:            X64_7PRO";
MPRINT(EM_DIAGRAM):   put "Maintenance Release: 9.04.01M1P120413";
MPRINT(EM_DIAGRAM):   put "EM Version:          13.1";
MPRINT(EM_DIAGRAM):   put "* ";
MPRINT(EM_DIAGRAM):   run;
MPRINT(EM_DIAGRAM):    filename _LOGIN "C:\Users\bteric01\Documents\Tutorials_Projects\Project_4\Workspaces\EMWS1\Neural\EMTRAIN.log" encoding="UTF-8" NOBOM;
MPRINT(EM_COPYFILE):   data _null_;
MPRINT(EM_COPYFILE):   length line $20000;
MPRINT(EM_COPYFILE):   file _LOG MOD lrecl=20000;
MPRINT(EM_COPYFILE):   fid=fopen("_LOGIN",'i',20000,'v');
MPRINT(EM_COPYFILE):   if fid > 0 then do;
MPRINT(EM_COPYFILE):   do while(^fread(fid));
MPRINT(EM_COPYFILE):   rlen = frlen(fid);
MPRINT(EM_COPYFILE):   rc= fget(fid,line,20000);
MPRINT(EM_COPYFILE):   start = length(line)-length(left(line))+1;
MPRINT(EM_COPYFILE):   line=strip(line);
MPRINT(EM_COPYFILE):   put @start line;
MPRINT(EM_COPYFILE):   end;
MPRINT(EM_COPYFILE):   if fid > 0 then rc=fclose(fid);
MPRINT(EM_COPYFILE):   end;
MPRINT(EM_COPYFILE):   run;
MPRINT(EM_DIAGRAM):  ;
MPRINT(EM_DIAGRAM):   filename _LOGIN;
MPRINT(EM_DIAGRAM):    data _null_;
MPRINT(EM_DIAGRAM):   file _LOG mod;
MPRINT(EM_DIAGRAM):   put _page_;
MPRINT(EM_DIAGRAM):   run;
MPRINT(EM_DIAGRAM):   filename _LOGIN "C:\Users\bteric01\Documents\Tutorials_Projects\Project_4\Workspaces\EMWS1\Neural\EMSCORE.log" encoding="UTF-8" NOBOM;
MPRINT(EM_DIAGRAM):  ;
MPRINT(EM_DIAGRAM):   data _null_;
MPRINT(EM_DIAGRAM):   file _LOG mod;
MPRINT(EM_DIAGRAM):   put _page_;
MPRINT(EM_DIAGRAM):   run;
MPRINT(EM_DIAGRAM):    filename _LOGIN "C:\Users\bteric01\Documents\Tutorials_Projects\Project_4\Workspaces\EMWS1\Neural\EMREPORT.log" encoding="UTF-8" NOBOM;
MPRINT(EM_DIAGRAM):  ;
MPRINT(EM_DIAGRAM):   filename _LOGIN;
MPRINT(EM_DIAGRAM):    filename _LOG;
MPRINT(EM_DIAGRAM):    filename _OUT "C:\Users\bteric01\Documents\Tutorials_Projects\Project_4\Workspaces\EMWS1\Neural\EMOUTPUT.out" encoding="UTF-8" NOBOM;
MPRINT(EM_DIAGRAM):    data _null_;
MPRINT(EM_DIAGRAM):   call symput('NLDATE', strip(put(date(), NLDATE.)));
MPRINT(EM_DIAGRAM):   call symput('NLTIME', strip(put(datetime(), NLTIME.)));
MPRINT(EM_DIAGRAM):   run;
MPRINT(EM_DIAGRAM):   data _null_;
MPRINT(EM_DIAGRAM):   nldate= sasmsg("sashelp.dmine", "log_date_note", 'N', "November 16, 2015" );
MPRINT(EM_DIAGRAM):   nltime= sasmsg("sashelp.dmine", "log_time_note", 'N', "14:09:42" );
MPRINT(EM_DIAGRAM):   file _OUT;
MPRINT(EM_DIAGRAM):   put "*------------------------------------------------------------*";
MPRINT(EM_DIAGRAM):   put "User:                bteric01";
MPRINT(EM_DIAGRAM):   put nldate;
MPRINT(EM_DIAGRAM):   put nltime;
MPRINT(EM_DIAGRAM):   put "*------------------------------------------------------------*";
MPRINT(EM_DIAGRAM):   put "* Training Output";
MPRINT(EM_DIAGRAM):   put "*------------------------------------------------------------*";
MPRINT(EM_DIAGRAM):   run;
MPRINT(EM_DIAGRAM):    filename _OUTIN "C:\Users\bteric01\Documents\Tutorials_Projects\Project_4\Workspaces\EMWS1\Neural\EMTRAIN.out" encoding="UTF-8" NOBOM;
MPRINT(EM_DIAGRAM):   ;
MPRINT(EM_COPYFILE):   data _null_;
MPRINT(EM_COPYFILE):   length line $20000;
MPRINT(EM_COPYFILE):   file _OUT MOD lrecl=20000;
MPRINT(EM_COPYFILE):   fid=fopen("_OUTIN",'i',20000,'v');
MPRINT(EM_COPYFILE):   if fid > 0 then do;
MPRINT(EM_COPYFILE):   do while(^fread(fid));
MPRINT(EM_COPYFILE):   rlen = frlen(fid);
MPRINT(EM_COPYFILE):   rc= fget(fid,line,20000);
MPRINT(EM_COPYFILE):   start = length(line)-length(left(line))+1;
MPRINT(EM_COPYFILE):   line=strip(line);
MPRINT(EM_COPYFILE):   put @start line;
MPRINT(EM_COPYFILE):   end;
MPRINT(EM_COPYFILE):   if fid > 0 then rc=fclose(fid);
MPRINT(EM_COPYFILE):   end;
MPRINT(EM_COPYFILE):   run;
MPRINT(EM_DIAGRAM):  ;
MPRINT(EM_DIAGRAM):   filename _OUTIN;
MPRINT(EM_DIAGRAM):    data _null_;
MPRINT(EM_DIAGRAM):   file _OUT mod;
MPRINT(EM_DIAGRAM):   put _page_;
MPRINT(EM_DIAGRAM):   put // "*------------------------------------------------------------*";
MPRINT(EM_DIAGRAM):   put "* Score Output";
MPRINT(EM_DIAGRAM):   put "*------------------------------------------------------------*";
MPRINT(EM_DIAGRAM):   run;
MPRINT(EM_DIAGRAM):    filename _OUTIN "C:\Users\bteric01\Documents\Tutorials_Projects\Project_4\Workspaces\EMWS1\Neural\EMSCORE.out" encoding="UTF-8" NOBOM;
MPRINT(EM_DIAGRAM):  ;
MPRINT(EM_DIAGRAM):   filename _OUTIN;
MPRINT(EM_DIAGRAM):    data _null_;
MPRINT(EM_DIAGRAM):   file _OUT mod;
MPRINT(EM_DIAGRAM):   put _page_;
MPRINT(EM_DIAGRAM):   put // "*------------------------------------------------------------*";
MPRINT(EM_DIAGRAM):   put "* Report Output";
MPRINT(EM_DIAGRAM):   put "*------------------------------------------------------------*";
MPRINT(EM_DIAGRAM):   run;
MPRINT(EM_DIAGRAM):    filename _OUTIN "C:\Users\bteric01\Documents\Tutorials_Projects\Project_4\Workspaces\EMWS1\Neural\EMREPORT.out" encoding="UTF-8" NOBOM;
MPRINT(EM_DIAGRAM):  ;
MPRINT(EM_DIAGRAM):   filename _OUTIN;
MPRINT(EM_DIAGRAM):    filename _OUT;
MPRINT(EM_DIAGRAM):    filename _emtool_ 'C:\Users\bteric01\Documents\Tutorials_Projects\Project_4\Workspaces\EMWS1\Neural\EMRUNSTATUS.xml' encoding="UTF-8" NOBOM;
MPRINT(EM_DIAGRAM):    filename _emtool_ 'C:\Users\bteric01\Documents\Tutorials_Projects\Project_4\Workspaces\EMWS1\Neural\EMRUNSTATUS.xml' encoding="UTF-8" NOBOM;
21063      proc freq data=EMWS1.Neural_VariableSet noprint;
MPRINT(EM_DIAGRAM):    proc freq data=EMWS1.Neural_VariableSet noprint;
21064      table ROLE*LEVEL/out=WORK.NeuralMETA;
MPRINT(EM_DIAGRAM):   table ROLE*LEVEL/out=WORK.NeuralMETA;
21065      run;
MPRINT(EM_DIAGRAM):   run;

NOTE: There were 17 observations read from the data set EMWS1.NEURAL_VARIABLESET.
NOTE: The data set WORK.NEURALMETA has 4 observations and 4 variables.
NOTE: PROCEDURE FREQ used (Total process time):
      real time           0.04 seconds
      cpu time            0.04 seconds
      

21066      proc print data=WORK.NeuralMETA label noobs;
MPRINT(EM_DIAGRAM):   proc print data=WORK.NeuralMETA label noobs;
21067      var ROLE LEVEL COUNT;
MPRINT(EM_DIAGRAM):   var ROLE LEVEL COUNT;
21068      label ROLE = "%sysfunc(sasmsg(sashelp.dmine, meta_role_vlabel, NOQUOTE))" LEVEL = "%sysfunc(sasmsg(sashelp.dmine, meta_level_vlabel, NOQUOTE))" COUNT = "%sysfunc(sasmsg(sashelp.dmine, rpt_count_vlabel, NOQUOTE))";
MPRINT(EM_DIAGRAM):   label ROLE = "Role" LEVEL = "Measurement Level" COUNT = "Frequency Count";
21069      title9 ' ';
MPRINT(EM_DIAGRAM):   title9 ' ';
21070      title10 "%sysfunc(sasmsg(sashelp.dmine, rpt_varSummary_title  , NOQUOTE))";
MPRINT(EM_DIAGRAM):   title10 "Variable Summary";
MPRINT(EM_DIAGRAM):   run;
21071      run;

NOTE: There were 4 observations read from the data set WORK.NEURALMETA.
NOTE: The PROCEDURE PRINT printed page 1.
NOTE: PROCEDURE PRINT used (Total process time):
      real time           0.07 seconds
      cpu time            0.01 seconds
      

21072      title10;
MPRINT(EM_DIAGRAM):   title10;
21073      %let EMNORLEN = %DMNORLEN;
MPRINT(EM_DIAGRAM):   
EMWS1.Part_TRAIN EMWS1.Part_TRAIN 
EMWS1.Part_TRAIN EMWS1.Part_TRAIN EMWS1 Part_TRAIN 
EMWS1.Part_TRAIN EMWS1.Part_TRAIN 
EMWS1.Part_TRAIN EMWS1.Part_TRAIN EMWS1 Part_TRAIN 
>>>>>>>>>>>>>> TARGET(   USE='Y' 
                         REPORT='N' 
                         NAME='SalePrice' 
                         ROLE='TARGET' 
                         LEVEL='INTERVAL' 
                         ORDER='' 
                         CREATOR='' 
                         FORMATTYPE='QUANTITY' 
                         FAMILY='' 
                         LOWERLIMIT=. 
                         UPPERLIMIT=. 
                         DISTRIBUTION='' 
                         COMMENT='' 
                         PRICE=. 
                         TYPE='N' 
                         LABEL='SalePrice' 
                         FORMAT='BEST.' 
                         INFORMAT='' 
                         INDEX='N' 
                         INDEXTYPE='NONE' 
                         LENGTH=8 
                      )[16331] 
MPRINT(EM_DIAGRAM):   
MPRINT(HPDM_PERFORMANCE):  ;
PERFORMANCE  DETAILS
MPRINT(EM_DIAGRAM):  ;
MPRINT(EM_DIAGRAM):    *------------------------------------------------------------* ;
MPRINT(EM_DIAGRAM):   * EM: DMDBClass Macro ;
MPRINT(EM_DIAGRAM):   *------------------------------------------------------------* ;
MPRINT(EM_DIAGRAM):   *------------------------------------------------------------* ;
MPRINT(EM_DIAGRAM):   * EM: DMDBVar Macro ;
MPRINT(EM_DIAGRAM):   *------------------------------------------------------------* ;
MPRINT(EM_DIAGRAM):   *------------------------------------------------------------*;
MPRINT(EM_DIAGRAM):   * EM: Create DMDB;
MPRINT(EM_DIAGRAM):   *------------------------------------------------------------*;
MPRINT(EM_DIAGRAM):   proc dmdb batch data=EMWS1.Part_TRAIN dmdbcat=WORK.EM_DMDB maxlevel = 513 ;
MPRINT(EM_DIAGRAM):   var
MPRINT(DMDBVAR):   SalePrice
MPRINT(EM_DIAGRAM):  ;
MPRINT(EM_DIAGRAM):   target SalePrice ;
MPRINT(EM_DIAGRAM):   run;
MPRINT(EM_DIAGRAM):   quit;
MPRINT(EM_DIAGRAM):   *--- end code ---*;
WORK.EM_DMDB WORK.EM_DMDB 
WORK.EM_DMDB WORK.EM_DMDB WORK EM_DMDB 
MPRINT(EM_DIAGRAM):    proc datasets lib=EMWS1 nolist;
MPRINT(EM_DIAGRAM):   modify Neural_SalePrice_DD(type=PROFIT label= SalePrice);
MPRINT(EM_DIAGRAM):   run;
MPRINT(EM_DIAGRAM):   quit;
MPRINT(EM_DIAGRAM):    *------------------------------------------------------------*;
MPRINT(EM_DIAGRAM):   * Neural: Determine decision variables for SalePrice;
MPRINT(EM_DIAGRAM):   *------------------------------------------------------------*;
MPRINT(EM_DIAGRAM):   data WORK.Neural_SCORE;
MPRINT(EM_DIAGRAM):   set EMWS1.Part_TRAIN;
MPRINT(EM_DIAGRAM):   keep SalePrice;
MPRINT(EM_DIAGRAM):   keep 'P_SalePrice'n;
MPRINT(EM_DIAGRAM):   'P_SalePrice'n = 0.5;
MPRINT(EM_DIAGRAM):   if _N_=1 then do;
MPRINT(EM_DIAGRAM):   output;
MPRINT(EM_DIAGRAM):   stop;
MPRINT(EM_DIAGRAM):   end;
MPRINT(EM_DIAGRAM):   run;
MPRINT(EM_DIAGRAM):    data EMWS1.Neural_SalePrice_DM;
MPRINT(EM_DIAGRAM):   set EMWS1.Neural_SalePrice_DM;
MPRINT(EM_DIAGRAM):   where _TYPE_ ^in('FREQ', 'BESTPROFIT', 'COMPUTEDPROFIT', 'EXPECTEDPROFIT', 'BESTLOSS', 'COMPUTEDLOSS', 'EXPECTEDLOSS', 'ROI', 'INVESTMENTCOST', 'MODELDECISION');
MPRINT(EM_DIAGRAM):   run;
MPRINT(EM_DIAGRAM):    proc datasets lib=work nolist;
MPRINT(EM_DIAGRAM):   modify SalePrice(type=PROFIT label= SalePrice);
MPRINT(EM_DIAGRAM):   run;
MPRINT(EM_DIAGRAM):   quit;
MPRINT(EM_DIAGRAM):    data EMWS1.Neural_SalePrice_DM;
MPRINT(EM_DIAGRAM):   set EMWS1.Neural_SalePrice_DM end=eof;
MPRINT(EM_DIAGRAM):   output;
MPRINT(EM_DIAGRAM):   if eof then do;
MPRINT(EM_DIAGRAM):   end;
MPRINT(EM_DIAGRAM):   run;
"No decisions defined for target "SalePrice"." 
21134      proc print data = EMWS1.Neural_SalePrice_DM noobs label;
MPRINT(EM_DIAGRAM):    proc print data = EMWS1.Neural_SalePrice_DM noobs label;
21135      var _type_ variable label;
MPRINT(EM_DIAGRAM):   var _type_ variable label;
21136      where _type_ ^in('MATRIX', 'DECISION', 'TRAINPRIOR', 'DATAPRIOR', 'DECPRIOR');
MPRINT(EM_DIAGRAM):   where _type_ ^in('MATRIX', 'DECISION', 'TRAINPRIOR', 'DATAPRIOR', 'DECPRIOR');
21137      label _TYPE_ = "%sysfunc(sasmsg(sashelp.dmine, rpt_type_vlabel,     NOQUOTE))" VARIABLE = "%sysfunc(sasmsg(sashelp.dmine, rpt_variable_vlabel, NOQUOTE))" LABEL = "%sysfunc(sasmsg(sashelp.dmine, meta_label_vlabel, NOQUOTE))";
MPRINT(EM_DIAGRAM):   label _TYPE_ = "Type" VARIABLE = "Variable" LABEL = "Label";
21138      title9 ' ';
MPRINT(EM_DIAGRAM):   title9 ' ';
21139      title10 "%sysfunc(sasmsg(sashelp.dmine, rpt_predDecVars_title  , NOQUOTE))";
MPRINT(EM_DIAGRAM):   title10 "Predicted and decision variables";
MPRINT(EM_DIAGRAM):   run;
21140      run;

NOTE: There were 3 observations read from the data set EMWS1.NEURAL_SALEPRICE_DM.
      WHERE _type_ not in ('DATAPRIOR', 'DECISION', 'DECPRIOR', 'MATRIX', 'TRAINPRIOR');
NOTE: The PROCEDURE PRINT printed page 2.
NOTE: PROCEDURE PRINT used (Total process time):
      real time           0.06 seconds
      cpu time            0.01 seconds
      

21141      title10;
MPRINT(EM_DIAGRAM):   title10;
MPRINT(EM_DIAGRAM):    *------------------------------------------------------------*;
MPRINT(EM_DIAGRAM):   * Neural: Preparing metadata for training;
MPRINT(EM_DIAGRAM):   ;
MPRINT(EM_DIAGRAM):   *------------------------------------------------------------*;
MPRINT(EM_DIAGRAM):   data WORK.M1ZBJWA9;
MPRINT(EM_DIAGRAM):   set WORK.M1ZBJWA9;
MPRINT(EM_DIAGRAM):   where(use = 'Y' or (role = 'INPUT' and use = 'D'));
MPRINT(EM_DIAGRAM):   if (role = 'REJECTED') then role = 'INPUT';
MPRINT(EM_DIAGRAM):   run;
NOTE: There were 3 observations read from the data set EMWS1.NEURAL_SALEPRICE_DD.
NOTE: The data set WORK.SALEPRICE has 3 observations and 1 variables.
21151      *------------------------------------------------------------*;
MPRINT(EM_DIAGRAM):    *------------------------------------------------------------*;
21152      * Neural: Create decision matrix;
MPRINT(EM_DIAGRAM):   * Neural: Create decision matrix;
21153      *------------------------------------------------------------*;
MPRINT(EM_DIAGRAM):   *------------------------------------------------------------*;
21154      data WORK.SalePrice(label="SalePrice");
MPRINT(EM_DIAGRAM):   data WORK.SalePrice(label="SalePrice");
21155        length   SalePrice                            8
21156                 ;
MPRINT(EM_DIAGRAM):   length SalePrice 8 ;
21157      
21158        label    SalePrice="SalePrice"
21159                 ;
MPRINT(EM_DIAGRAM):   label SalePrice= "SalePrice" ;
21160       SalePrice=5014;
MPRINT(EM_DIAGRAM):   SalePrice=5014;
21161      output;
MPRINT(EM_DIAGRAM):   output;
21162       SalePrice=121984;
MPRINT(EM_DIAGRAM):   SalePrice=121984;
21163      output;
MPRINT(EM_DIAGRAM):   output;
21164       SalePrice=76715.8;
MPRINT(EM_DIAGRAM):   SalePrice=76715.8;
21165      output;
MPRINT(EM_DIAGRAM):   output;
21166      ;
MPRINT(EM_DIAGRAM):   ;
21167      run;
MPRINT(EM_DIAGRAM):   run;

NOTE: The data set WORK.SALEPRICE has 3 observations and 1 variables.
NOTE: DATA statement used (Total process time):
      real time           0.03 seconds
      cpu time            0.03 seconds
      

21168      proc datasets lib=work nolist;
MPRINT(EM_DIAGRAM):   proc datasets lib=work nolist;
21169      modify SalePrice(type=PROFIT label=SalePrice);
MPRINT(EM_DIAGRAM):   modify SalePrice(type=PROFIT label= SalePrice);
MPRINT(EM_DIAGRAM):   run;
21170      run;

NOTE: MODIFY was successful for WORK.SALEPRICE.DATA.
21171      quit;
MPRINT(EM_DIAGRAM):   quit;

NOTE: PROCEDURE DATASETS used (Total process time):
      real time           0.01 seconds
      cpu time            0.01 seconds
      

21172      data EM_Neural;
MPRINT(EM_DIAGRAM):   data EM_Neural;
21173      set EMWS1.Part_TRAIN(keep=
21174      Age Basement BasementType Baths CentralAir ConstructionType FirePlace
21175      FirstFloor GarageSize GarageType LotSize Neighborhood SalePrice SecondFloor
21176      TotalArea UpperArea WallType);
MPRINT(EM_DIAGRAM):   set EMWS1.Part_TRAIN(keep= Age Basement BasementType Baths CentralAir ConstructionType FirePlace FirstFloor GarageSize GarageType LotSize Neighborhood SalePrice SecondFloor TotalArea UpperArea WallType);
21177      run;
MPRINT(EM_DIAGRAM):   run;

NOTE: There were 145 observations read from the data set EMWS1.PART_TRAIN.
NOTE: The data set WORK.EM_NEURAL has 145 observations and 17 variables.
NOTE: DATA statement used (Total process time):
      real time           0.01 seconds
      cpu time            0.01 seconds
      

MPRINT(EM_DIAGRAM):   *------------------------------------------------------------* ;
MPRINT(EM_DIAGRAM):   * Neural: DMDBClass Macro ;
MPRINT(EM_DIAGRAM):   *------------------------------------------------------------* ;
21178      *------------------------------------------------------------* ;
21179      * Neural: DMDBClass Macro ;
21180      *------------------------------------------------------------* ;
21181      %macro DMDBClass;
21182          BasementType(ASC) CentralAir(ASC) ConstructionType(ASC) GarageType(ASC)
21183         LotSize(ASC) Neighborhood(ASC) WallType(ASC)
21184      %mend DMDBClass;
21185      *------------------------------------------------------------* ;
MPRINT(EM_DIAGRAM):   *------------------------------------------------------------* ;
21186      * Neural: DMDBVar Macro ;
MPRINT(EM_DIAGRAM):   * Neural: DMDBVar Macro ;
21187      *------------------------------------------------------------* ;
MPRINT(EM_DIAGRAM):   *------------------------------------------------------------* ;
21188      %macro DMDBVar;
21189          Age Basement Baths FirePlace FirstFloor GarageSize SalePrice SecondFloor
21190         TotalArea UpperArea
21191      %mend DMDBVar;
21192      *------------------------------------------------------------*;
MPRINT(EM_DIAGRAM):   *------------------------------------------------------------*;
21193      * Neural: Create DMDB;
MPRINT(EM_DIAGRAM):   * Neural: Create DMDB;
21194      *------------------------------------------------------------*;
MPRINT(EM_DIAGRAM):   *------------------------------------------------------------*;
21195      proc dmdb batch data=WORK.EM_Neural
21196      dmdbcat=WORK.Neural_DMDB
21197      maxlevel = 513
21198      ;
MPRINT(EM_DIAGRAM):   proc dmdb batch data=WORK.EM_Neural dmdbcat=WORK.Neural_DMDB maxlevel = 513 ;
MPRINT(EM_DIAGRAM):   class
21199      class %DMDBClass;
MPRINT(DMDBCLASS):   BasementType(ASC) CentralAir(ASC) ConstructionType(ASC) GarageType(ASC) LotSize(ASC) Neighborhood(ASC) WallType(ASC)
MPRINT(EM_DIAGRAM):  ;
MPRINT(EM_DIAGRAM):   var
21200      var %DMDBVar;
MPRINT(DMDBVAR):   Age Basement Baths FirePlace FirstFloor GarageSize SalePrice SecondFloor TotalArea UpperArea
MPRINT(EM_DIAGRAM):  ;
21201      target
21202      SalePrice
21203      ;
MPRINT(EM_DIAGRAM):   target SalePrice ;
21204      run;
MPRINT(EM_DIAGRAM):   run;

NOTE: Records processed = 145   Memory used = 511K.
NOTE: There were 145 observations read from the data set WORK.EM_NEURAL.
NOTE: PROCEDURE DMDB used (Total process time):
      real time           0.04 seconds
      cpu time            0.00 seconds
      

MPRINT(EM_DIAGRAM):   quit;
MPRINT(EM_DIAGRAM):   *--- end code ---*;
21205      quit;
21206      *--- end code ---*;

21207      *------------------------------------------------------------* ;
MPRINT(EM_DIAGRAM):    *------------------------------------------------------------* ;
21208      * Neural: Interval Input Variables Macro ;
MPRINT(EM_DIAGRAM):   * Neural: Interval Input Variables Macro ;
21209      *------------------------------------------------------------* ;
MPRINT(EM_DIAGRAM):   *------------------------------------------------------------* ;
21210      %macro INTINPUTS;
21211          Age Basement Baths FirePlace FirstFloor GarageSize SecondFloor TotalArea
21212         UpperArea
21213      %mend INTINPUTS;
21214      *------------------------------------------------------------* ;
MPRINT(EM_DIAGRAM):   *------------------------------------------------------------* ;
21215      * Neural: Binary Inputs Macro ;
MPRINT(EM_DIAGRAM):   * Neural: Binary Inputs Macro ;
21216      *------------------------------------------------------------* ;
MPRINT(EM_DIAGRAM):   *------------------------------------------------------------* ;
21217      %macro BININPUTS;
21218          CentralAir
21219      %mend BININPUTS;
21220      *------------------------------------------------------------* ;
MPRINT(EM_DIAGRAM):   *------------------------------------------------------------* ;
21221      * Neural: Nominal Inputs Macro ;
MPRINT(EM_DIAGRAM):   * Neural: Nominal Inputs Macro ;
21222      *------------------------------------------------------------* ;
MPRINT(EM_DIAGRAM):   *------------------------------------------------------------* ;
21223      %macro NOMINPUTS;
21224          BasementType ConstructionType GarageType LotSize Neighborhood WallType
21225      %mend NOMINPUTS;
21226      *------------------------------------------------------------* ;
MPRINT(EM_DIAGRAM):   *------------------------------------------------------------* ;
21227      * Neural: Ordinal Inputs Macro ;
MPRINT(EM_DIAGRAM):   * Neural: Ordinal Inputs Macro ;
21228      *------------------------------------------------------------* ;
MPRINT(EM_DIAGRAM):   *------------------------------------------------------------* ;
21229      %macro ORDINPUTS;
21230      
21231      %mend ORDINPUTS;
21232      *------------------------------------------------------------*;
MPRINT(EM_DIAGRAM):   *------------------------------------------------------------*;
21233      * Neural Network Training;
MPRINT(EM_DIAGRAM):   * Neural Network Training;
21234      ;
MPRINT(EM_DIAGRAM):   ;
21235      *------------------------------------------------------------*;
MPRINT(EM_DIAGRAM):   *------------------------------------------------------------*;
21236      proc neural data=EM_Neural dmdbcat=WORK.Neural_DMDB
21237      validdata = EMWS1.Part_VALIDATE
21238      random=12345
21239      ;
MPRINT(EM_DIAGRAM):   proc neural data=EM_Neural dmdbcat=WORK.Neural_DMDB validdata = EMWS1.Part_VALIDATE random=12345 ;
21240      nloptions
21241      ;
MPRINT(EM_DIAGRAM):   nloptions ;
21242      performance alldetails noutilfile;
MPRINT(EM_DIAGRAM):   performance alldetails noutilfile;
21243      netopts
21244      decay=0;
MPRINT(EM_DIAGRAM):   netopts decay=0;
MPRINT(EM_DIAGRAM):   input
21245      input %INTINPUTS / level=interval id=intvl
MPRINT(INTINPUTS):   Age Basement Baths FirePlace FirstFloor GarageSize SecondFloor TotalArea UpperArea
21246      ;
MPRINT(EM_DIAGRAM):   / level=interval id=intvl ;
MPRINT(EM_DIAGRAM):   input
21247      input %BININPUTS / level=nominal id=bin
MPRINT(BININPUTS):   CentralAir
21248      ;
MPRINT(EM_DIAGRAM):   / level=nominal id=bin ;
MPRINT(EM_DIAGRAM):   input
21249      input %NOMINPUTS / level=nominal id=nom
MPRINT(NOMINPUTS):   BasementType ConstructionType GarageType LotSize Neighborhood WallType
21250      ;
MPRINT(EM_DIAGRAM):   / level=nominal id=nom ;
21251      target
21252      SalePrice
21253      / level=interval id=intervalTargets
21254      bias
21255      ;
MPRINT(EM_DIAGRAM):   target SalePrice / level=interval id=intervalTargets bias ;
21256      arch MLP
21257      Hidden=3
21258      ;
MPRINT(EM_DIAGRAM):   arch MLP Hidden=3 ;
21259      Prelim 5 preiter=10
21260      pretime=3600
21261      Outest=EMWS1.Neural_PRELIM_OUTEST
21262      ;
MPRINT(EM_DIAGRAM):   Prelim 5 preiter=10 pretime=3600 Outest=EMWS1.Neural_PRELIM_OUTEST ;
NOTE:  Synchronizing the objectives and the Solution.
NOTE: LEVMAR Optimization cannot be completed.
NOTE: LEVMAR needs more than 10 iterations or 2147483647 function calls.
NOTE: LEVMAR Optimization cannot be completed.
NOTE: LEVMAR needs more than 10 iterations or 2147483647 function calls.
NOTE: LEVMAR Optimization cannot be completed.
NOTE: LEVMAR needs more than 10 iterations or 2147483647 function calls.
NOTE: LEVMAR Optimization cannot be completed.
NOTE: LEVMAR needs more than 10 iterations or 2147483647 function calls.
NOTE: LEVMAR Optimization cannot be completed.
NOTE: LEVMAR needs more than 10 iterations or 2147483647 function calls.
NOTE: The data set EMWS1.NEURAL_PRELIM_OUTEST has 11 observations and 91 variables.
21263      save network=EMWS1.Neural_NETWORK.dm_neural;
MPRINT(EM_DIAGRAM):   save network=EMWS1.Neural_NETWORK.dm_neural;
NOTE: Creating a new Catalogue with entry EMWS1.NEURAL_NETWORK.DM_NEURAL.
NOTE: Entry EMWS1.NEURAL_NETWORK.DM_NEURAL has been opened.
NOTE: Entry EMWS1.NEURAL_NETWORK.DM_NEURAL has been closed.
21264      train Maxiter=50
21265      maxtime=14400
21266      Outest=EMWS1.Neural_outest estiter=1
21267      Outfit=EMWS1.Neural_OUTFIT
21268      ;
MPRINT(EM_DIAGRAM):   train Maxiter=50 maxtime=14400 Outest=EMWS1.Neural_outest estiter=1 Outfit=EMWS1.Neural_OUTFIT ;
NOTE: Convergence criterion (FCONV=0.0001) satisfied.
NOTE: At least one element of the gradient is greater than 1e-3.
NOTE: The data set EMWS1.NEURAL_OUTEST has 129 observations and 91 variables.
NOTE: The data set EMWS1.NEURAL_OUTFIT has 104 observations and 36 variables.
21269      run;
MPRINT(EM_DIAGRAM):   run;

NOTE: The data set WORK.EM_NEURAL has 145 observations and 17 variables.
NOTE: The data set EMWS1.PART_VALIDATE has 109 observations and 18 variables.
NOTE: Closing the Neural Application.
NOTE: The PROCEDURE NEURAL printed pages 3-6.
NOTE: PROCEDURE NEURAL used (Total process time):
      real time           5.51 seconds
      cpu time            1.07 seconds
      

MPRINT(EM_DIAGRAM):   quit;
21270      quit;

21271      proc sort data=EMWS1.Neural_OUTFIT(where=(_iter_ ne . and _NAME_="OVERALL")) out=fit_Neural;
MPRINT(EM_DIAGRAM):    proc sort data=EMWS1.Neural_OUTFIT(where=(_iter_ ne . and _NAME_="OVERALL")) out=fit_Neural;
21272      by _VAVERR_;
MPRINT(EM_DIAGRAM):   by _VAVERR_;
21273      run;
MPRINT(EM_DIAGRAM):   run;

NOTE: There were 52 observations read from the data set EMWS1.NEURAL_OUTFIT.
      WHERE (_iter_ not = .) and (_NAME_='OVERALL');
NOTE: The data set WORK.FIT_NEURAL has 52 observations and 36 variables.
NOTE: PROCEDURE SORT used (Total process time):
      real time           0.03 seconds
      cpu time            0.03 seconds
      

21274      %GLOBAL ITER;
21275      data _null_;
MPRINT(EM_DIAGRAM):   data _null_;
21276      set fit_Neural(obs=1);
MPRINT(EM_DIAGRAM):   set fit_Neural(obs=1);
21277      call symput('ITER',put(_ITER_, 6.));
MPRINT(EM_DIAGRAM):   call symput('ITER',put(_ITER_, 6.));
21278      run;
MPRINT(EM_DIAGRAM):   run;

NOTE: There were 1 observations read from the data set WORK.FIT_NEURAL.
NOTE: DATA statement used (Total process time):
      real time           0.01 seconds
      cpu time            0.01 seconds
      

21279      data EMWS1.Neural_INITIAL;
MPRINT(EM_DIAGRAM):   data EMWS1.Neural_INITIAL;
21280      set EMWS1.Neural_outest(where=(_ITER_ eq &ITER and _OBJ_ ne .));
MPRINT(EM_DIAGRAM):   set EMWS1.Neural_outest(where=(_ITER_ eq 0 and _OBJ_ ne .));
21281      run;
MPRINT(EM_DIAGRAM):   run;

NOTE: There were 1 observations read from the data set EMWS1.NEURAL_OUTEST.
      WHERE (_ITER_=0) and (_OBJ_ not = .);
NOTE: The data set EMWS1.NEURAL_INITIAL has 1 observations and 91 variables.
NOTE: DATA statement used (Total process time):
      real time           0.03 seconds
      cpu time            0.03 seconds
      

21282      *------------------------------------------------------------*;
MPRINT(EM_DIAGRAM):    *------------------------------------------------------------*;
21283      * Neural Network Model Selection;
MPRINT(EM_DIAGRAM):   * Neural Network Model Selection;
21284      ;
MPRINT(EM_DIAGRAM):   ;
21285      *------------------------------------------------------------*;
MPRINT(EM_DIAGRAM):   *------------------------------------------------------------*;
21286      proc neural data=EM_Neural dmdbcat=WORK.Neural_DMDB
21287      validdata = EMWS1.Part_VALIDATE
21288      network = EMWS1.Neural_NETWORK.dm_neural
21289      random=12345
21290      ;
MPRINT(EM_DIAGRAM):   proc neural data=EM_Neural dmdbcat=WORK.Neural_DMDB validdata = EMWS1.Part_VALIDATE network = EMWS1.Neural_NETWORK.dm_neural random=12345 ;
NOTE: Entry EMWS1.NEURAL_NETWORK.DM_NEURAL has been opened.
NOTE: Entry EMWS1.NEURAL_NETWORK.DM_NEURAL has been closed.
21291      nloptions noprint;
MPRINT(EM_DIAGRAM):   nloptions noprint;
21292      performance alldetails noutilfile;
MPRINT(EM_DIAGRAM):   performance alldetails noutilfile;
21293      initial inest=EMWS1.Neural_INITIAL;
MPRINT(EM_DIAGRAM):   initial inest=EMWS1.Neural_INITIAL;
NOTE: The data set EMWS1.NEURAL_INITIAL has 1 observations and 91 variables.
21294      train tech=NONE;
MPRINT(EM_DIAGRAM):   train tech=NONE;
NOTE: No optimization performed.
21295      code file="C:\Users\bteric01\Documents\Tutorials_Projects\Project_4\Workspaces\EMWS1\Neural\SCORECODE.sas"
21296      group=Neural
21297      ;
MPRINT(EM_DIAGRAM):   code file="C:\Users\bteric01\Documents\Tutorials_Projects\Project_4\Workspaces\EMWS1\Neural\SCORECODE.sas" group=Neural ;
NOTE: External file C:\Users\bteric01\Documents\Tutorials_Projects\Project_4\Workspaces\EMWS1\Neural\SCORECODE.sas opened.
21298      ;
MPRINT(EM_DIAGRAM):   ;
21299      code file="C:\Users\bteric01\Documents\Tutorials_Projects\Project_4\Workspaces\EMWS1\Neural\RESIDUALSCORECODE.sas"
21300      group=Neural
21301      residual
21302      ;
MPRINT(EM_DIAGRAM):   code file="C:\Users\bteric01\Documents\Tutorials_Projects\Project_4\Workspaces\EMWS1\Neural\RESIDUALSCORECODE.sas" group=Neural residual ;
NOTE: External file C:\Users\bteric01\Documents\Tutorials_Projects\Project_4\Workspaces\EMWS1\Neural\RESIDUALSCORECODE.sas opened.
21303      ;
MPRINT(EM_DIAGRAM):   ;
21304      score data=EMWS1.Part_TRAIN out=_NULL_
21305      outfit=WORK.FIT1
21306      role=TRAIN
21307      outkey=EMWS1.Neural_OUTKEY;
MPRINT(EM_DIAGRAM):   score data=EMWS1.Part_TRAIN out=_NULL_ outfit=WORK.FIT1 role=TRAIN outkey=EMWS1.Neural_OUTKEY;
NOTE: The data set EMWS1.NEURAL_OUTKEY has 30 observations and 8 variables.
NOTE: The data set EMWS1.PART_TRAIN has 145 observations and 18 variables.
NOTE: The data set WORK.FIT1 has 2 observations and 23 variables.
21308      score data=EMWS1.Part_VALIDATE out=_NULL_
21309      outfit=WORK.FIT2
21310      role=VALID
21311      outkey=EMWS1.Neural_OUTKEY;
MPRINT(EM_DIAGRAM):   score data=EMWS1.Part_VALIDATE out=_NULL_ outfit=WORK.FIT2 role=VALID outkey=EMWS1.Neural_OUTKEY;
NOTE: The data set EMWS1.NEURAL_OUTKEY has 30 observations and 8 variables.
NOTE: The data set EMWS1.PART_VALIDATE has 109 observations and 18 variables.
NOTE: The data set WORK.FIT2 has 2 observations and 15 variables.
21312      score data=EMWS1.Part_TEST out=_NULL_
21313      outfit=WORK.FIT3
21314      role=TEST
21315      outkey=EMWS1.Neural_OUTKEY;
MPRINT(EM_DIAGRAM):   score data=EMWS1.Part_TEST out=_NULL_ outfit=WORK.FIT3 role=TEST outkey=EMWS1.Neural_OUTKEY;
NOTE: The data set EMWS1.NEURAL_OUTKEY has 30 observations and 8 variables.
NOTE: The data set EMWS1.PART_TEST has 109 observations and 18 variables.
NOTE: The data set WORK.FIT3 has 2 observations and 25 variables.
21316      run;
MPRINT(EM_DIAGRAM):   run;

NOTE: The data set WORK.EM_NEURAL has 145 observations and 17 variables.
NOTE: The data set EMWS1.PART_VALIDATE has 109 observations and 18 variables.
NOTE: Closing the Neural Application.
NOTE: PROCEDURE NEURAL used (Total process time):
      real time           0.18 seconds
      cpu time            0.12 seconds
      

MPRINT(EM_DIAGRAM):   quit;
21317      quit;
21318      data EMWS1.Neural_OUTFIT;
MPRINT(EM_DIAGRAM):   data EMWS1.Neural_OUTFIT;
21319      merge WORK.FIT1 WORK.FIT2 WORK.FIT3;
MPRINT(EM_DIAGRAM):   merge WORK.FIT1 WORK.FIT2 WORK.FIT3;
21320      run;
MPRINT(EM_DIAGRAM):   run;

NOTE: There were 2 observations read from the data set WORK.FIT1.
NOTE: There were 2 observations read from the data set WORK.FIT2.
NOTE: There were 2 observations read from the data set WORK.FIT3.
NOTE: The data set EMWS1.NEURAL_OUTFIT has 2 observations and 59 variables.
NOTE: DATA statement used (Total process time):
      real time           0.03 seconds
      cpu time            0.03 seconds
      

21321      data EMWS1.Neural_EMESTIMATE;
MPRINT(EM_DIAGRAM):   data EMWS1.Neural_EMESTIMATE;
21322      set EMWS1.Neural_outest;
MPRINT(EM_DIAGRAM):   set EMWS1.Neural_outest;
21323      if _type_ ^in('HESSIAN' 'GRAD');
MPRINT(EM_DIAGRAM):   if _type_ ^in('HESSIAN' 'GRAD');
21324      run;
MPRINT(EM_DIAGRAM):   run;

NOTE: There were 129 observations read from the data set EMWS1.NEURAL_OUTEST.
NOTE: The data set EMWS1.NEURAL_EMESTIMATE has 52 observations and 91 variables.
NOTE: DATA statement used (Total process time):
      real time           0.03 seconds
      cpu time            0.01 seconds
      

21325      proc datasets lib=work nolist;
MPRINT(EM_DIAGRAM):   proc datasets lib=work nolist;
21326      delete EM_Neural;
MPRINT(EM_DIAGRAM):   delete EM_Neural;
21327      run;
MPRINT(EM_DIAGRAM):   run;

NOTE: Deleting WORK.EM_NEURAL (memtype=DATA).
21328      quit;
MPRINT(EM_DIAGRAM):   quit;

NOTE: PROCEDURE DATASETS used (Total process time):
      real time           0.03 seconds
      cpu time            0.03 seconds
      

21329      data EMWS1.Neural_PLOTDS(where=(_iter_ ne . and _NAME_="OVERALL"));
MPRINT(EM_DIAGRAM):    data EMWS1.Neural_PLOTDS(where=(_iter_ ne . and _NAME_="OVERALL"));
21330      set fit_Neural;
MPRINT(EM_DIAGRAM):   set fit_Neural;
21331      attrib _ITER_ label="%sysfunc(sasmsg(sashelp.dmine, rpt_trainiterations_vlabel  , NOQUOTE))";
MPRINT(EM_DIAGRAM):   attrib _ITER_ label="Training Iterations";
21332      attrib _NAME_ label="%sysfunc(sasmsg(sashelp.dmine, rpt_varsel_label_name  , NOQUOTE))";
MPRINT(EM_DIAGRAM):   attrib _NAME_ label="Name";
21333      run;
MPRINT(EM_DIAGRAM):   run;

NOTE: There were 52 observations read from the data set WORK.FIT_NEURAL.
NOTE: The data set EMWS1.NEURAL_PLOTDS has 52 observations and 36 variables.
NOTE: DATA statement used (Total process time):
      real time           0.03 seconds
      cpu time            0.03 seconds
      

21334      proc sort data=EMWS1.Neural_PLOTDS;
MPRINT(EM_DIAGRAM):   proc sort data=EMWS1.Neural_PLOTDS;
21335      by _ITER_;
MPRINT(EM_DIAGRAM):   by _ITER_;
21336      run;
MPRINT(EM_DIAGRAM):   run;

NOTE: There were 52 observations read from the data set EMWS1.NEURAL_PLOTDS.
NOTE: The data set EMWS1.NEURAL_PLOTDS has 52 observations and 36 variables.
NOTE: PROCEDURE SORT used (Total process time):
      real time           0.01 seconds
      cpu time            0.01 seconds
      

21337      data EMWS1.Neural_PLOTDS;
MPRINT(EM_DIAGRAM):    data EMWS1.Neural_PLOTDS;
21338      set EMWS1.Neural_PLOTDS;
MPRINT(EM_DIAGRAM):   set EMWS1.Neural_PLOTDS;
21339      drop _MISC_;
MPRINT(EM_DIAGRAM):   drop _MISC_;
21340      drop _WRONG_;
MPRINT(EM_DIAGRAM):   drop _WRONG_;
21341      run;
MPRINT(EM_DIAGRAM):   run;

NOTE: There were 52 observations read from the data set EMWS1.NEURAL_PLOTDS.
NOTE: The data set EMWS1.NEURAL_PLOTDS has 52 observations and 34 variables.
NOTE: DATA statement used (Total process time):
      real time           0.03 seconds
      cpu time            0.03 seconds
      

21342      data tempweight (drop= _tech_ _decay_ _seed_ _nobj_ _obj_ _objerr_ _averr_ _p_num_ where=(_type_ eq "PARMS" and _iter_ eq 0) );
MPRINT(EM_DIAGRAM):    data tempweight (drop= _tech_ _decay_ _seed_ _nobj_ _obj_ _objerr_ _averr_ _p_num_ where=(_type_ eq "PARMS" and _iter_ eq 0) );
21343      set EMWS1.Neural_EMESTIMATE;
MPRINT(EM_DIAGRAM):   set EMWS1.Neural_EMESTIMATE;
21344      run;
MPRINT(EM_DIAGRAM):   run;

NOTE: There were 52 observations read from the data set EMWS1.NEURAL_EMESTIMATE.
NOTE: The data set WORK.TEMPWEIGHT has 1 observations and 83 variables.
NOTE: DATA statement used (Total process time):
      real time           0.01 seconds
      cpu time            0.01 seconds
      

21345      proc sort;
MPRINT(EM_DIAGRAM):   proc sort;
21346      by _name_;
MPRINT(EM_DIAGRAM):   by _name_;
21347      run;
MPRINT(EM_DIAGRAM):   run;

NOTE: There were 1 observations read from the data set WORK.TEMPWEIGHT.
NOTE: The data set WORK.TEMPWEIGHT has 1 observations and 83 variables.
NOTE: PROCEDURE SORT used (Total process time):
      real time           0.00 seconds
      cpu time            0.00 seconds
      

21348      proc transpose data=tempweight out=EMWS1.Neural_WEIGHTDS;
MPRINT(EM_DIAGRAM):   proc transpose data=tempweight out=EMWS1.Neural_WEIGHTDS;
21349      by _name_;
MPRINT(EM_DIAGRAM):   by _name_;
21350      run;
MPRINT(EM_DIAGRAM):   run;

NOTE: There were 1 observations read from the data set WORK.TEMPWEIGHT.
NOTE: The data set EMWS1.NEURAL_WEIGHTDS has 81 observations and 3 variables.
NOTE: PROCEDURE TRANSPOSE used (Total process time):
      real time           0.03 seconds
      cpu time            0.03 seconds
      

21351      data EMWS1.Neural_WEIGHTDS;
MPRINT(EM_DIAGRAM):   data EMWS1.Neural_WEIGHTDS;
21352      set EMWS1.Neural_WEIGHTDS;
MPRINT(EM_DIAGRAM):   set EMWS1.Neural_WEIGHTDS;
21353      FROM = trim(left(scan(_LABEL_, 1, '->')));
MPRINT(EM_DIAGRAM):   FROM = trim(left(scan(_LABEL_, 1, '->')));
21354      TO = trim(left(scan(_LABEL_, 2, '>')));
MPRINT(EM_DIAGRAM):   TO = trim(left(scan(_LABEL_, 2, '>')));
21355      WEIGHT = COL1;
MPRINT(EM_DIAGRAM):   WEIGHT = COL1;
21356      if (TO eq '') or (FROM eq '') then delete;
MPRINT(EM_DIAGRAM):   if (TO eq '') or (FROM eq '') then delete;
21357      label _LABEL_ ="%sysfunc(sasmsg(sashelp.dmine, meta_label_vlabel  , NOQUOTE))" FROM = "%sysfunc(sasmsg(sashelp.dmine, rpt_from_vlabel  , NOQUOTE))" TO = "%sysfunc(sasmsg(sashelp.dmine, rpt_into_vlabel  , NOQUOTE))" WEIGHT =
21358         "%sysfunc(sasmsg(sashelp.dmine, rpt_weight_vlabel  , NOQUOTE))";
MPRINT(EM_DIAGRAM):   label _LABEL_ = "Label" FROM = "From" TO = "Into" WEIGHT = "Weight";
21359      keep FROM TO WEIGHT _LABEL_;
MPRINT(EM_DIAGRAM):   keep FROM TO WEIGHT _LABEL_;
21360      run;
MPRINT(EM_DIAGRAM):   run;

NOTE: There were 81 observations read from the data set EMWS1.NEURAL_WEIGHTDS.
NOTE: The data set EMWS1.NEURAL_WEIGHTDS has 76 observations and 4 variables.
NOTE: DATA statement used (Total process time):
      real time           0.04 seconds
      cpu time            0.04 seconds
      

21361      proc sort data=EMWS1.Neural_WEIGHTDS nodupkey;
MPRINT(EM_DIAGRAM):   proc sort data=EMWS1.Neural_WEIGHTDS nodupkey;
21362      by _LABEL_;
MPRINT(EM_DIAGRAM):   by _LABEL_;
21363      run;
MPRINT(EM_DIAGRAM):   run;

NOTE: There were 76 observations read from the data set EMWS1.NEURAL_WEIGHTDS.
NOTE: 0 observations with duplicate key values were deleted.
NOTE: The data set EMWS1.NEURAL_WEIGHTDS has 76 observations and 4 variables.
NOTE: PROCEDURE SORT used (Total process time):
      real time           0.03 seconds
      cpu time            0.03 seconds
      

MPRINT(EM_DIAGRAM):    proc printto;
MPRINT(EM_DIAGRAM):   run;
