MPRINT(EM_DIAGRAM):    data _null_;
MPRINT(EM_DIAGRAM):   call symput('NLDATE', strip(put(date(), NLDATE.)));
MPRINT(EM_DIAGRAM):   call symput('NLTIME', strip(put(datetime(), NLTIME.)));
MPRINT(EM_DIAGRAM):   run;
MPRINT(EM_DIAGRAM):   data _null_;
MPRINT(EM_DIAGRAM):   nldate= sasmsg("sashelp.dmine", "log_date_note", 'N', "November 17, 2015" );
MPRINT(EM_DIAGRAM):   nltime= sasmsg("sashelp.dmine", "log_time_note", 'N', "14:10:21" );
MPRINT(EM_DIAGRAM):   put "*------------------------------------------------------------*";
MPRINT(EM_DIAGRAM):   put "* Training Log";
MPRINT(EM_DIAGRAM):   put nldate;
MPRINT(EM_DIAGRAM):   put nltime;
MPRINT(EM_DIAGRAM):   put "*------------------------------------------------------------*";
MPRINT(EM_DIAGRAM):   run;
*------------------------------------------------------------*
* Training Log
Date:                November 17, 2015
Time:                14:10:21
*------------------------------------------------------------*
MPRINT(EM_DIAGRAM):    filename O13GMF86 "C:\Users\bteric01\Documents\Tutorials_Projects\Project_4\Workspaces\EMWS1\Varsel\EMTRAIN.out" encoding="UTF-8" NOBOM;
MPRINT(EM_DIAGRAM):   proc printto print=O13GMF86 new;
MPRINT(EM_DIAGRAM):   run;
MPRINT(EM_DIAGRAM):    filename _LOG "C:\Users\bteric01\Documents\Tutorials_Projects\Project_4\Workspaces\EMWS1\Varsel\EMLOG.log" encoding="UTF-8" NOBOM;
MPRINT(EM_DIAGRAM):    data _null_;
MPRINT(EM_DIAGRAM):   call symput('NLDATE', strip(put(date(), NLDATE.)));
MPRINT(EM_DIAGRAM):   call symput('NLTIME', strip(put(datetime(), NLTIME.)));
MPRINT(EM_DIAGRAM):   run;
MPRINT(EM_DIAGRAM):   data _null_;
MPRINT(EM_DIAGRAM):   nldate= sasmsg("sashelp.dmine", "log_date_note", 'N', "November 17, 2015" );
MPRINT(EM_DIAGRAM):   nltime= sasmsg("sashelp.dmine", "log_time_note", 'N', "14:10:21" );
MPRINT(EM_DIAGRAM):   file _LOG;
MPRINT(EM_DIAGRAM):   put "*------------------------------------------------------------*";
MPRINT(EM_DIAGRAM):   put "User:                bteric01";
MPRINT(EM_DIAGRAM):   put nldate;
MPRINT(EM_DIAGRAM):   put nltime;
MPRINT(EM_DIAGRAM):   put "Site:                70080760";
MPRINT(EM_DIAGRAM):   put "Platform:            X64_7PRO";
MPRINT(EM_DIAGRAM):   put "Maintenance Release: 9.04.01M1P120413";
MPRINT(EM_DIAGRAM):   put "EM Version:          13.1";
MPRINT(EM_DIAGRAM):   put "* ";
MPRINT(EM_DIAGRAM):   run;
MPRINT(EM_DIAGRAM):    filename _LOGIN "C:\Users\bteric01\Documents\Tutorials_Projects\Project_4\Workspaces\EMWS1\Varsel\EMTRAIN.log" encoding="UTF-8" NOBOM;
MPRINT(EM_COPYFILE):   data _null_;
MPRINT(EM_COPYFILE):   length line $20000;
MPRINT(EM_COPYFILE):   file _LOG MOD lrecl=20000;
MPRINT(EM_COPYFILE):   fid=fopen("_LOGIN",'i',20000,'v');
MPRINT(EM_COPYFILE):   if fid > 0 then do;
MPRINT(EM_COPYFILE):   do while(^fread(fid));
MPRINT(EM_COPYFILE):   rlen = frlen(fid);
MPRINT(EM_COPYFILE):   rc= fget(fid,line,20000);
MPRINT(EM_COPYFILE):   start = length(line)-length(left(line))+1;
MPRINT(EM_COPYFILE):   line=strip(line);
MPRINT(EM_COPYFILE):   put @start line;
MPRINT(EM_COPYFILE):   end;
MPRINT(EM_COPYFILE):   if fid > 0 then rc=fclose(fid);
MPRINT(EM_COPYFILE):   end;
MPRINT(EM_COPYFILE):   run;
MPRINT(EM_DIAGRAM):  ;
MPRINT(EM_DIAGRAM):   filename _LOGIN;
MPRINT(EM_DIAGRAM):    data _null_;
MPRINT(EM_DIAGRAM):   file _LOG mod;
MPRINT(EM_DIAGRAM):   put _page_;
MPRINT(EM_DIAGRAM):   run;
MPRINT(EM_DIAGRAM):   filename _LOGIN "C:\Users\bteric01\Documents\Tutorials_Projects\Project_4\Workspaces\EMWS1\Varsel\EMSCORE.log" encoding="UTF-8" NOBOM;
MPRINT(EM_DIAGRAM):  ;
MPRINT(EM_DIAGRAM):   data _null_;
MPRINT(EM_DIAGRAM):   file _LOG mod;
MPRINT(EM_DIAGRAM):   put _page_;
MPRINT(EM_DIAGRAM):   run;
MPRINT(EM_DIAGRAM):    filename _LOGIN "C:\Users\bteric01\Documents\Tutorials_Projects\Project_4\Workspaces\EMWS1\Varsel\EMREPORT.log" encoding="UTF-8" NOBOM;
MPRINT(EM_DIAGRAM):  ;
MPRINT(EM_DIAGRAM):   filename _LOGIN;
MPRINT(EM_DIAGRAM):    filename _LOG;
MPRINT(EM_DIAGRAM):    filename _OUT "C:\Users\bteric01\Documents\Tutorials_Projects\Project_4\Workspaces\EMWS1\Varsel\EMOUTPUT.out" encoding="UTF-8" NOBOM;
MPRINT(EM_DIAGRAM):    data _null_;
MPRINT(EM_DIAGRAM):   call symput('NLDATE', strip(put(date(), NLDATE.)));
MPRINT(EM_DIAGRAM):   call symput('NLTIME', strip(put(datetime(), NLTIME.)));
MPRINT(EM_DIAGRAM):   run;
MPRINT(EM_DIAGRAM):   data _null_;
MPRINT(EM_DIAGRAM):   nldate= sasmsg("sashelp.dmine", "log_date_note", 'N', "November 17, 2015" );
MPRINT(EM_DIAGRAM):   nltime= sasmsg("sashelp.dmine", "log_time_note", 'N', "14:10:21" );
MPRINT(EM_DIAGRAM):   file _OUT;
MPRINT(EM_DIAGRAM):   put "*------------------------------------------------------------*";
MPRINT(EM_DIAGRAM):   put "User:                bteric01";
MPRINT(EM_DIAGRAM):   put nldate;
MPRINT(EM_DIAGRAM):   put nltime;
MPRINT(EM_DIAGRAM):   put "*------------------------------------------------------------*";
MPRINT(EM_DIAGRAM):   put "* Training Output";
MPRINT(EM_DIAGRAM):   put "*------------------------------------------------------------*";
MPRINT(EM_DIAGRAM):   run;
MPRINT(EM_DIAGRAM):    filename _OUTIN "C:\Users\bteric01\Documents\Tutorials_Projects\Project_4\Workspaces\EMWS1\Varsel\EMTRAIN.out" encoding="UTF-8" NOBOM;
MPRINT(EM_DIAGRAM):   ;
MPRINT(EM_COPYFILE):   data _null_;
MPRINT(EM_COPYFILE):   length line $20000;
MPRINT(EM_COPYFILE):   file _OUT MOD lrecl=20000;
MPRINT(EM_COPYFILE):   fid=fopen("_OUTIN",'i',20000,'v');
MPRINT(EM_COPYFILE):   if fid > 0 then do;
MPRINT(EM_COPYFILE):   do while(^fread(fid));
MPRINT(EM_COPYFILE):   rlen = frlen(fid);
MPRINT(EM_COPYFILE):   rc= fget(fid,line,20000);
MPRINT(EM_COPYFILE):   start = length(line)-length(left(line))+1;
MPRINT(EM_COPYFILE):   line=strip(line);
MPRINT(EM_COPYFILE):   put @start line;
MPRINT(EM_COPYFILE):   end;
MPRINT(EM_COPYFILE):   if fid > 0 then rc=fclose(fid);
MPRINT(EM_COPYFILE):   end;
MPRINT(EM_COPYFILE):   run;
MPRINT(EM_DIAGRAM):  ;
MPRINT(EM_DIAGRAM):   filename _OUTIN;
MPRINT(EM_DIAGRAM):    data _null_;
MPRINT(EM_DIAGRAM):   file _OUT mod;
MPRINT(EM_DIAGRAM):   put _page_;
MPRINT(EM_DIAGRAM):   put // "*------------------------------------------------------------*";
MPRINT(EM_DIAGRAM):   put "* Score Output";
MPRINT(EM_DIAGRAM):   put "*------------------------------------------------------------*";
MPRINT(EM_DIAGRAM):   run;
MPRINT(EM_DIAGRAM):    filename _OUTIN "C:\Users\bteric01\Documents\Tutorials_Projects\Project_4\Workspaces\EMWS1\Varsel\EMSCORE.out" encoding="UTF-8" NOBOM;
MPRINT(EM_DIAGRAM):  ;
MPRINT(EM_DIAGRAM):   filename _OUTIN;
MPRINT(EM_DIAGRAM):    data _null_;
MPRINT(EM_DIAGRAM):   file _OUT mod;
MPRINT(EM_DIAGRAM):   put _page_;
MPRINT(EM_DIAGRAM):   put // "*------------------------------------------------------------*";
MPRINT(EM_DIAGRAM):   put "* Report Output";
MPRINT(EM_DIAGRAM):   put "*------------------------------------------------------------*";
MPRINT(EM_DIAGRAM):   run;
MPRINT(EM_DIAGRAM):    filename _OUTIN "C:\Users\bteric01\Documents\Tutorials_Projects\Project_4\Workspaces\EMWS1\Varsel\EMREPORT.out" encoding="UTF-8" NOBOM;
MPRINT(EM_DIAGRAM):  ;
MPRINT(EM_DIAGRAM):   filename _OUTIN;
MPRINT(EM_DIAGRAM):    filename _OUT;
MPRINT(EM_DIAGRAM):    filename _emtool_ 'C:\Users\bteric01\Documents\Tutorials_Projects\Project_4\Workspaces\EMWS1\Varsel\EMRUNSTATUS.xml' encoding="UTF-8" NOBOM;
28894      proc freq data=EMWS1.Varsel_VariableSet noprint;
MPRINT(EM_DIAGRAM):    proc freq data=EMWS1.Varsel_VariableSet noprint;
28895      table ROLE*LEVEL/out=WORK.VarselMETA;
MPRINT(EM_DIAGRAM):   table ROLE*LEVEL/out=WORK.VarselMETA;
28896      run;
MPRINT(EM_DIAGRAM):   run;

NOTE: There were 17 observations read from the data set EMWS1.VARSEL_VARIABLESET.
NOTE: The data set WORK.VARSELMETA has 4 observations and 4 variables.
NOTE: PROCEDURE FREQ used (Total process time):
      real time           0.04 seconds
      cpu time            0.04 seconds
      

28897      proc print data=WORK.VarselMETA label noobs;
MPRINT(EM_DIAGRAM):   proc print data=WORK.VarselMETA label noobs;
28898      var ROLE LEVEL COUNT;
MPRINT(EM_DIAGRAM):   var ROLE LEVEL COUNT;
28899      label ROLE = "%sysfunc(sasmsg(sashelp.dmine, meta_role_vlabel, NOQUOTE))" LEVEL = "%sysfunc(sasmsg(sashelp.dmine, meta_level_vlabel, NOQUOTE))" COUNT = "%sysfunc(sasmsg(sashelp.dmine, rpt_count_vlabel, NOQUOTE))";
MPRINT(EM_DIAGRAM):   label ROLE = "Role" LEVEL = "Measurement Level" COUNT = "Frequency Count";
28900      title9 ' ';
MPRINT(EM_DIAGRAM):   title9 ' ';
28901      title10 "%sysfunc(sasmsg(sashelp.dmine, rpt_varSummary_title  , NOQUOTE))";
MPRINT(EM_DIAGRAM):   title10 "Variable Summary";
MPRINT(EM_DIAGRAM):   run;
28902      run;

NOTE: There were 4 observations read from the data set WORK.VARSELMETA.
NOTE: The PROCEDURE PRINT printed page 6.
NOTE: PROCEDURE PRINT used (Total process time):
      real time           0.04 seconds
      cpu time            0.04 seconds
      

28903      title10;
MPRINT(EM_DIAGRAM):   title10;
28904      data WORK.M27X02FQ;
MPRINT(EM_DIAGRAM):    data WORK.M27X02FQ;
28905      set WORK.M27X02FQ;
MPRINT(EM_DIAGRAM):   set WORK.M27X02FQ;
28906      if role = 'TARGET' and use = 'Y' then do;
MPRINT(EM_DIAGRAM):   if role = 'TARGET' and use = 'Y' then do;
28907      role = 'TARGET';
MPRINT(EM_DIAGRAM):   role = 'TARGET';
28908      output;
MPRINT(EM_DIAGRAM):   output;
28909      end;
MPRINT(EM_DIAGRAM):   end;
28910      if role = 'INPUT' and use in ('Y','D','N') then do;
MPRINT(EM_DIAGRAM):   if role = 'INPUT' and use in ('Y','D','N') then do;
28911      role = 'INPUT';
MPRINT(EM_DIAGRAM):   role = 'INPUT';
28912      output;
MPRINT(EM_DIAGRAM):   output;
28913      end;
MPRINT(EM_DIAGRAM):   end;
28914      if role = 'REJECTED' and use = 'Y' then do;
MPRINT(EM_DIAGRAM):   if role = 'REJECTED' and use = 'Y' then do;
28915      role = 'INPUT';
MPRINT(EM_DIAGRAM):   role = 'INPUT';
28916      output;
MPRINT(EM_DIAGRAM):   output;
28917      end;
MPRINT(EM_DIAGRAM):   end;
28918      if role = 'FREQ' and use in ('Y', 'D') then do;
MPRINT(EM_DIAGRAM):   if role = 'FREQ' and use in ('Y', 'D') then do;
28919      role = 'FREQ';
MPRINT(EM_DIAGRAM):   role = 'FREQ';
28920      output;
MPRINT(EM_DIAGRAM):   output;
28921      end;
MPRINT(EM_DIAGRAM):   end;
28922      if role = 'REJECTED' and use in ('N', 'D') then do;
MPRINT(EM_DIAGRAM):   if role = 'REJECTED' and use in ('N', 'D') then do;
28923      role = 'REJECTED';
MPRINT(EM_DIAGRAM):   role = 'REJECTED';
28924      output;
MPRINT(EM_DIAGRAM):   output;
28925      end;
MPRINT(EM_DIAGRAM):   end;
28926      run;
MPRINT(EM_DIAGRAM):   run;

NOTE: There were 17 observations read from the data set WORK.M27X02FQ.
NOTE: The data set WORK.M27X02FQ has 17 observations and 21 variables.
NOTE: DATA statement used (Total process time):
      real time           0.01 seconds
      cpu time            0.01 seconds
      

28927      /*by pass cmeta */
28928      data WORK.M27X02FQ;
MPRINT(EM_DIAGRAM):    data WORK.M27X02FQ;
28929      set WORK.M27X02FQ;
MPRINT(EM_DIAGRAM):   set WORK.M27X02FQ;
28930      run;
MPRINT(EM_DIAGRAM):   run;

NOTE: There were 17 observations read from the data set WORK.M27X02FQ.
NOTE: The data set WORK.M27X02FQ has 17 observations and 21 variables.
NOTE: DATA statement used (Total process time):
      real time           0.00 seconds
      cpu time            0.01 seconds
      

28931      data WORK.M0TITX2V;
MPRINT(EM_DIAGRAM):    data WORK.M0TITX2V;
28932      set WORK.M0TITX2V;
MPRINT(EM_DIAGRAM):   set WORK.M0TITX2V;
28933      if role = 'INPUT' and use in ('N') then delete;
MPRINT(EM_DIAGRAM):   if role = 'INPUT' and use in ('N') then delete;
28934      if role = 'REJECTED' and use in ('N', 'D') then delete;
MPRINT(EM_DIAGRAM):   if role = 'REJECTED' and use in ('N', 'D') then delete;
28935      run;
MPRINT(EM_DIAGRAM):   run;

NOTE: There were 17 observations read from the data set WORK.M0TITX2V.
NOTE: The data set WORK.M0TITX2V has 17 observations and 21 variables.
NOTE: DATA statement used (Total process time):
      real time           0.00 seconds
      cpu time            0.00 seconds
      

NOTE: Run proc dmdb with the specified maxlevel criterion. 
28936      *------------------------------------------------------------* ;
MPRINT(EM_DIAGRAM):    *------------------------------------------------------------* ;
28937      * EM: DMDBClass Macro ;
MPRINT(EM_DIAGRAM):   * EM: DMDBClass Macro ;
28938      *------------------------------------------------------------* ;
MPRINT(EM_DIAGRAM):   *------------------------------------------------------------* ;
28939      %macro DMDBClass;
28940          BasementType(ASC) CentralAir(ASC) ConstructionType(ASC) GarageType(ASC)
28941         LotSize(ASC) Neighborhood(ASC) WallType(ASC)
28942      %mend DMDBClass;
28943      *------------------------------------------------------------* ;
MPRINT(EM_DIAGRAM):   *------------------------------------------------------------* ;
28944      * EM: DMDBVar Macro ;
MPRINT(EM_DIAGRAM):   * EM: DMDBVar Macro ;
28945      *------------------------------------------------------------* ;
MPRINT(EM_DIAGRAM):   *------------------------------------------------------------* ;
28946      %macro DMDBVar;
28947          Age Basement Baths FirePlace FirstFloor GarageSize SalePrice SecondFloor
28948         TotalArea UpperArea
28949      %mend DMDBVar;
28950      *------------------------------------------------------------*;
MPRINT(EM_DIAGRAM):   *------------------------------------------------------------*;
28951      * EM: Create DMDB;
MPRINT(EM_DIAGRAM):   * EM: Create DMDB;
28952      *------------------------------------------------------------*;
MPRINT(EM_DIAGRAM):   *------------------------------------------------------------*;
28953      libname _spdslib SPDE "C:\Users\bteric01\AppData\Local\Temp\SAS Temporary Files\_TD4112_COB-IT-M13_\Prc2";
MPRINT(EM_DIAGRAM):   libname _spdslib SPDE "C:\Users\bteric01\AppData\Local\Temp\SAS Temporary Files\_TD4112_COB-IT-M13_\Prc2";
NOTE: Libref _SPDSLIB was successfully assigned as follows: 
      Engine:        SPDE 
      Physical Name: C:\Users\bteric01\AppData\Local\Temp\SAS Temporary Files\_TD4112_COB-IT-M13_\Prc2\
28954      proc dmdb batch data=EMWS1.Filter_TRAIN
28955      dmdbcat=WORK.EM_DMDB
28956      maxlevel = 101
28957      out=_spdslib.EM_DMDB
28958      ;
MPRINT(EM_DIAGRAM):   proc dmdb batch data=EMWS1.Filter_TRAIN dmdbcat=WORK.EM_DMDB maxlevel = 101 out=_spdslib.EM_DMDB ;
MPRINT(EM_DIAGRAM):   class
28959      class %DMDBClass;
MPRINT(DMDBCLASS):   BasementType(ASC) CentralAir(ASC) ConstructionType(ASC) GarageType(ASC) LotSize(ASC) Neighborhood(ASC) WallType(ASC)
MPRINT(EM_DIAGRAM):  ;
MPRINT(EM_DIAGRAM):   var
28960      var %DMDBVar;
MPRINT(DMDBVAR):   Age Basement Baths FirePlace FirstFloor GarageSize SalePrice SecondFloor TotalArea UpperArea
MPRINT(EM_DIAGRAM):  ;
28961      target
28962      SalePrice
28963      ;
MPRINT(EM_DIAGRAM):   target SalePrice ;
28964      run;
MPRINT(EM_DIAGRAM):   run;

NOTE: Records processed = 129   Memory used = 511K.
NOTE: View EMWS1.FILTER_TRAIN.VIEW used (Total process time):
      real time           0.17 seconds
      cpu time            0.10 seconds
      
NOTE: There were 145 observations read from the data set EMWS1.PART_TRAIN.
NOTE: There were 129 observations read from the data set EMWS1.FILTER_TRAIN.
NOTE: The data set _SPDSLIB.EM_DMDB has 129 observations and 17 variables.
NOTE: PROCEDURE DMDB used (Total process time):
      real time           0.21 seconds
      cpu time            0.14 seconds
      

MPRINT(EM_DIAGRAM):   quit;
28965      quit;

MPRINT(EM_DIAGRAM):   reset noprint;
MPRINT(EM_DIAGRAM):   select count(*) into :_tmpnobs from EMWS1.Filter_TRAIN;
NOTE: View EMWS1.FILTER_TRAIN.VIEW used (Total process time):
      real time           0.06 seconds
      cpu time            0.06 seconds
      
NOTE: There were 145 observations read from the data set EMWS1.PART_TRAIN.
MPRINT(EM_DIAGRAM):   quit;
28966      *------------------------------------------------------------* ;
MPRINT(EM_DIAGRAM):    *------------------------------------------------------------* ;
28967      * Varsel: Input Variables Macro ;
MPRINT(EM_DIAGRAM):   * Varsel: Input Variables Macro ;
28968      *------------------------------------------------------------* ;
MPRINT(EM_DIAGRAM):   *------------------------------------------------------------* ;
28969      %macro INPUTS;
28970                     AGE BASEMENT BASEMENTTYPE BATHS CENTRALAIR CONSTRUCTIONTYPE FIREPLACE
28971                    FirstFloor GARAGESIZE GARAGETYPE LOTSIZE NEIGHBORHOOD SECONDFLOOR TOTALAREA
28972         UpperArea WALLTYPE
28973      %mend INPUTS;
28974      proc dmine data=_spdslib.EM_DMDB dmdbcat=WORK.EM_DMDB
28975      minr2=0.005 maxrows=3000 stopr2=0.0005 NOAOV16 NOINTER USEGROUPS OUTGROUP=EMWS1.Varsel_OUTGROUP outest=EMWS1.Varsel_OUTESTDMINE outeffect=EMWS1.Varsel_OUTEFFECT outrsquare =EMWS1.Varsel_OUTRSQUARE
28976      NOMONITOR
28977      PSHORT
28978      ;
MPRINT(EM_DIAGRAM):   proc dmine data=_spdslib.EM_DMDB dmdbcat=WORK.EM_DMDB minr2=0.005 maxrows=3000 stopr2=0.0005 NOAOV16 NOINTER USEGROUPS OUTGROUP=EMWS1.Varsel_OUTGROUP outest=EMWS1.Varsel_OUTESTDMINE outeffect=EMWS1.Varsel_OUTEFFECT outrsquare 
=EMWS1.Varsel_OUTRSQUARE NOMONITOR PSHORT ;
MPRINT(EM_DIAGRAM):   var
28979      var %INPUTS;
MPRINT(INPUTS):   AGE BASEMENT BASEMENTTYPE BATHS CENTRALAIR CONSTRUCTIONTYPE FIREPLACE FirstFloor GARAGESIZE GARAGETYPE LOTSIZE NEIGHBORHOOD SECONDFLOOR TOTALAREA UpperArea WALLTYPE
MPRINT(EM_DIAGRAM):  ;
28980      target SalePrice;
MPRINT(EM_DIAGRAM):   target SalePrice;
28981      code file="C:\Users\bteric01\Documents\Tutorials_Projects\Project_4\Workspaces\EMWS1\Varsel\EMFLOWSCORE.sas";
MPRINT(EM_DIAGRAM):   code file="C:\Users\bteric01\Documents\Tutorials_Projects\Project_4\Workspaces\EMWS1\Varsel\EMFLOWSCORE.sas";
28982      code file="C:\Users\bteric01\Documents\Tutorials_Projects\Project_4\Workspaces\EMWS1\Varsel\EMPUBLISHSCORE.sas";
MPRINT(EM_DIAGRAM):   code file="C:\Users\bteric01\Documents\Tutorials_Projects\Project_4\Workspaces\EMWS1\Varsel\EMPUBLISHSCORE.sas";
28983      run;
MPRINT(EM_DIAGRAM):   run;

NOTE: Checking database engine with sqluse...
NOTE: Number of threads reset to 1 because of fewer partitions.

Initial pass to compute R2s for all targets
129 records read
NOTE: The full X'X matrix has 25 rows and columns.

Building X'X  for target: SalePrice rows=26 memory=0.00 meg.
129 records read
NOTE: External file C:\Users\bteric01\Documents\Tutorials_Projects\Project_4\Workspaces\EMWS1\Varsel\EMFLOWSCORE.sas opened.
NOTE: External file C:\Users\bteric01\Documents\Tutorials_Projects\Project_4\Workspaces\EMWS1\Varsel\EMPUBLISHSCORE.sas opened.
NOTE: There were 129 observations read from the data set _SPDSLIB.EM_DMDB.
NOTE: The data set EMWS1.VARSEL_OUTGROUP has 7 observations and 8 variables.
NOTE: The data set EMWS1.VARSEL_OUTESTDMINE has 14 observations and 23 variables.
NOTE: The data set EMWS1.VARSEL_OUTEFFECT has 11 observations and 6 variables.
NOTE: The data set EMWS1.VARSEL_OUTRSQUARE has 64 observations and 4 variables.
NOTE: The PROCEDURE DMINE printed pages 7-10.
NOTE: PROCEDURE DMINE used (Total process time):
      real time           0.52 seconds
      cpu time            0.21 seconds
      

MPRINT(EM_DIAGRAM):   quit;
MPRINT(EM_DIAGRAM):   run;
28984      quit;
28985      /*      proc print data =EMWS1.Varsel_OUTEFFECT;      proc print data =EMWS1.Varsel_OUTRSQUARE;      */
28986      run;

28987      data EMWS1.Varsel_OUTESTDMINE;
MPRINT(EM_DIAGRAM):    data EMWS1.Varsel_OUTESTDMINE;
28988      set EMWS1.Varsel_OUTESTDMINE;
MPRINT(EM_DIAGRAM):   set EMWS1.Varsel_OUTESTDMINE;
28989      _uname_=upcase(_name_);
MPRINT(EM_DIAGRAM):   _uname_=upcase(_name_);
28990      run;
MPRINT(EM_DIAGRAM):   run;

NOTE: There were 14 observations read from the data set EMWS1.VARSEL_OUTESTDMINE.
NOTE: The data set EMWS1.VARSEL_OUTESTDMINE has 14 observations and 24 variables.
NOTE: DATA statement used (Total process time):
      real time           0.02 seconds
      cpu time            0.03 seconds
      

28991      proc sql;
MPRINT(EM_DIAGRAM):    proc sql;
28992      create table _tmpoutgroup as select distinct VARIABLE from EMWS1.Varsel_OUTGROUP where VARTYPE='GROUP';
MPRINT(EM_DIAGRAM):   create table _tmpoutgroup as select distinct VARIABLE from EMWS1.Varsel_OUTGROUP where VARTYPE='GROUP';
NOTE: Table WORK._TMPOUTGROUP created, with 2 rows and 1 columns.

28993      quit;
MPRINT(EM_DIAGRAM):   quit;
NOTE: PROCEDURE SQL used (Total process time):
      real time           0.07 seconds
      cpu time            0.03 seconds
      

MPRINT(EM_DIAGRAM):   run;
28994      run;

28995      data EMWS1.Varsel_OUTAOV16;
MPRINT(EM_DIAGRAM):    data EMWS1.Varsel_OUTAOV16;
28996      set EMWS1.Varsel_OUTGROUP;
MPRINT(EM_DIAGRAM):   set EMWS1.Varsel_OUTGROUP;
28997      if STRIP(VARTYPE) eq 'AOV16' then output;
MPRINT(EM_DIAGRAM):   if STRIP(VARTYPE) eq 'AOV16' then output;
28998      DROP VARTYPE LEVEL LEVEL2 VARIABLE2;
MPRINT(EM_DIAGRAM):   DROP VARTYPE LEVEL LEVEL2 VARIABLE2;
28999      label NAME= "Name";
MPRINT(EM_DIAGRAM):   label NAME= "Name";
29000      label GROUP = "Group";
MPRINT(EM_DIAGRAM):   label GROUP = "Group";
29001      label VARIABLE = "Variable";
MPRINT(EM_DIAGRAM):   label VARIABLE = "Variable";
29002      label BIN = "Bin Cutoff";
MPRINT(EM_DIAGRAM):   label BIN = "Bin Cutoff";
29003      run;
MPRINT(EM_DIAGRAM):   run;

NOTE: There were 7 observations read from the data set EMWS1.VARSEL_OUTGROUP.
NOTE: The data set EMWS1.VARSEL_OUTAOV16 has 0 observations and 4 variables.
NOTE: DATA statement used (Total process time):
      real time           0.01 seconds
      cpu time            0.03 seconds
      

29004      data EMWS1.Varsel_OUTGINT;
MPRINT(EM_DIAGRAM):   data EMWS1.Varsel_OUTGINT;
29005      set EMWS1.Varsel_OUTGROUP;
MPRINT(EM_DIAGRAM):   set EMWS1.Varsel_OUTGROUP;
29006      if STRIP(VARTYPE) eq 'GINTER' then output;
MPRINT(EM_DIAGRAM):   if STRIP(VARTYPE) eq 'GINTER' then output;
29007      DROP VARTYPE BIN;
MPRINT(EM_DIAGRAM):   DROP VARTYPE BIN;
29008      label NAME= "Name";
MPRINT(EM_DIAGRAM):   label NAME= "Name";
29009      label GROUP = "Group";
MPRINT(EM_DIAGRAM):   label GROUP = "Group";
29010      label VARIABLE = "Variable 1";
MPRINT(EM_DIAGRAM):   label VARIABLE = "Variable 1";
29011      label VARIABLE2 = "Variable 2";
MPRINT(EM_DIAGRAM):   label VARIABLE2 = "Variable 2";
29012      label LEVEL = "Level 1";
MPRINT(EM_DIAGRAM):   label LEVEL = "Level 1";
29013      label LEVEL2 = "Level 2";
MPRINT(EM_DIAGRAM):   label LEVEL2 = "Level 2";
29014      run;
MPRINT(EM_DIAGRAM):   run;

NOTE: There were 7 observations read from the data set EMWS1.VARSEL_OUTGROUP.
NOTE: The data set EMWS1.VARSEL_OUTGINT has 0 observations and 6 variables.
NOTE: DATA statement used (Total process time):
      real time           0.01 seconds
      cpu time            0.01 seconds
      

29015      data EMWS1.Varsel_OUTGVAR;
MPRINT(EM_DIAGRAM):   data EMWS1.Varsel_OUTGVAR;
29016      set EMWS1.Varsel_OUTGROUP;
MPRINT(EM_DIAGRAM):   set EMWS1.Varsel_OUTGROUP;
29017      if STRIP(VARTYPE) eq 'GROUP' then output;
MPRINT(EM_DIAGRAM):   if STRIP(VARTYPE) eq 'GROUP' then output;
29018      DROP VARTYPE BIN VARIABLE2 LEVEL2;
MPRINT(EM_DIAGRAM):   DROP VARTYPE BIN VARIABLE2 LEVEL2;
29019      label NAME= "Name";
MPRINT(EM_DIAGRAM):   label NAME= "Name";
29020      label GROUP = "Group";
MPRINT(EM_DIAGRAM):   label GROUP = "Group";
29021      label VARIABLE = "Variable";
MPRINT(EM_DIAGRAM):   label VARIABLE = "Variable";
29022      label LEVEL = "Level";
MPRINT(EM_DIAGRAM):   label LEVEL = "Level";
29023      run;
MPRINT(EM_DIAGRAM):   run;

NOTE: There were 7 observations read from the data set EMWS1.VARSEL_OUTGROUP.
NOTE: The data set EMWS1.VARSEL_OUTGVAR has 7 observations and 4 variables.
NOTE: DATA statement used (Total process time):
      real time           0.01 seconds
      cpu time            0.01 seconds
      

MPRINT(EM_DIAGRAM):   quit;
29024      quit;

29025      options nonotes nosource;
MPRINT(EM_DIAGRAM):    options nonotes nosource;
MPRINT(EM_DIAGRAM):   data _null_;
MPRINT(EM_DIAGRAM):   file print;
MPRINT(EM_DIAGRAM):   put ' ';
MPRINT(EM_DIAGRAM):   put '-------------------------------------------------------------------';
MPRINT(EM_DIAGRAM):   put "Summary of Variable Selection from Training";
MPRINT(EM_DIAGRAM):   put '-------------------------------------------------------------------';
MPRINT(EM_DIAGRAM):   put ' ';
MPRINT(EM_DIAGRAM):   put ' ';
MPRINT(EM_DIAGRAM):   put "Target Name : SalePrice";
MPRINT(EM_DIAGRAM):   put "Target Level : INTERVAL";
MPRINT(EM_DIAGRAM):   put "Variable Selection Model : R-Square";
MPRINT(EM_DIAGRAM):   put '  ';
MPRINT(EM_DIAGRAM):   put "Total number of inputs : 16";
MPRINT(EM_DIAGRAM):   put "Total number of used inputs : 16";
MPRINT(EM_DIAGRAM):   put "Total number of unused inputs : 0";
MPRINT(EM_DIAGRAM):   put "Total number of rejected inputs : 7";
MPRINT(EM_DIAGRAM):   put ' ';
MPRINT(EM_DIAGRAM):   put "Maximum missing percentage : 50";
MPRINT(EM_DIAGRAM):   put "NOTE: There is no rejected variable by maximum missing percentage";
MPRINT(EM_DIAGRAM):   put ' ';
MPRINT(EM_DIAGRAM):   put "Maximum class level : 100";
MPRINT(EM_DIAGRAM):   put "NOTE:There is no rejected variable by maximum class level";
MPRINT(EM_DIAGRAM):   put ' ';
MPRINT(EM_DIAGRAM):   put "NOTE: 2 group variables have been created";
MPRINT(EM_DIAGRAM):   options notes source;
MPRINT(EM_DIAGRAM):   run;
29051      run;

NOTE: 15 lines were written to file PRINT.
NOTE: The DATA step printed page 11.
NOTE: DATA statement used (Total process time):
      real time           0.09 seconds
      cpu time            0.09 seconds
      

29052      data EMWS1.Varsel_RESULTEDVARS;
MPRINT(EM_DIAGRAM):    data EMWS1.Varsel_RESULTEDVARS;
29053      run;
MPRINT(EM_DIAGRAM):   run;

NOTE: The data set EMWS1.VARSEL_RESULTEDVARS has 1 observations and 0 variables.
NOTE: DATA statement used (Total process time):
      real time           0.01 seconds
      cpu time            0.01 seconds
      

29054      libname _spdslib;
MPRINT(EM_DIAGRAM):    libname _spdslib;
NOTE: Libref _SPDSLIB has been deassigned.
29055      *;
MPRINT(EM_DIAGRAM):    *;
29056      data EMWS1.Varsel_EMSCOREVAR;
MPRINT(EM_DIAGRAM):   data EMWS1.Varsel_EMSCOREVAR;
29057      length Name $32 formula $70 file $200;
MPRINT(EM_DIAGRAM):   length Name $32 formula $70 file $200;
29058      keep NAME Formula file;
MPRINT(EM_DIAGRAM):   keep NAME Formula file;
29059      name = "G_BasementType";
MPRINT(EM_DIAGRAM):   name = "G_BasementType";
29060      file="VARSELCODE\G_BasementType.sas";
MPRINT(EM_DIAGRAM):   file="VARSELCODE\G_BasementType.sas";
29061      output;
MPRINT(EM_DIAGRAM):   output;
29062      name = "G_GarageType";
MPRINT(EM_DIAGRAM):   name = "G_GarageType";
29063      file="VARSELCODE\G_GarageType.sas";
MPRINT(EM_DIAGRAM):   file="VARSELCODE\G_GarageType.sas";
29064      output;
MPRINT(EM_DIAGRAM):   output;
29065      run;
MPRINT(EM_DIAGRAM):   run;

NOTE: Variable formula is uninitialized.
NOTE: The data set EMWS1.VARSEL_EMSCOREVAR has 2 observations and 3 variables.
NOTE: DATA statement used (Total process time):
      real time           0.01 seconds
      cpu time            0.03 seconds
      

MPRINT(EM_DIAGRAM):    proc printto;
MPRINT(EM_DIAGRAM):   run;
