 
                                                                                                                                                                                                                                                                
 
 
Fit Statistics

Target=SalePrice Target Label=SalePrice

   Fit
Statistics    Statistics Label                           Train        Validation              Test

 _AIC_        Akaike's Information Criterion           2816.58               .                 .  
 _ASE_        Average Squared Error               198721384.11      293972679.83      307699855.95
 _AVERR_      Average Error Function              198721384.11      293972679.83      307699855.95
 _DFE_        Degrees of Freedom for Error              122.00               .                 .  
 _DFM_        Model Degrees of Freedom                   23.00               .                 .  
 _DFT_        Total Degrees of Freedom                  145.00               .                 .  
 _DIV_        Divisor for ASE                           145.00            109.00            109.00
 _ERR_        Error Function                    28814600695.55    32043022101.66    33539284298.74
 _FPE_        Final Prediction Error              273649119.10               .                 .  
 _MAX_        Maximum Absolute Error                  81245.96          72982.40          71765.27
 _MSE_        Mean Square Error                   236185251.60      293972679.83      307699855.95
 _NOBS_       Sum of Frequencies                        145.00            109.00            109.00
 _NW_         Number of Estimate Weights                 23.00               .                 .  
 _RASE_       Root Average Sum of Squares             14096.86          17145.63          17541.38
 _RFPE_       Root Final Prediction Error             16542.34               .                 .  
 _RMSE_       Root Mean Squared Error                 15368.32          17145.63          17541.38
 _SBC_        Schwarz's Bayesian Criterion             2885.04               .                 .  
 _SSE_        Sum of Squared Errors             28814600695.55    32043022101.66    33539284298.74
 _SUMW_       Sum of Case Weights Times Freq            145.00            109.00            109.00
 
                                                                                                                                                                                                                                                                
 
 
Assessment Score Rankings

Data Role=TRAIN Target Variable=SalePrice Target Label=SalePrice

           Number of       Mean         Mean
Depth    Observations     Target     Predicted

   5           8         98137.00     98651.70
  10           7         85492.86     89129.69
  15           7         78322.71     86458.93
  20           7         92186.29     84151.74
  25           8         87681.50     82211.79
  30           7         83664.29     80257.16
  35           7         76574.00     78737.00
  40           7         76976.00     78000.70
  45           8         82821.50     77348.21
  50           7         75143.86     76742.21
  55           7         80990.57     75422.04
  60           7         69983.00     74424.18
  65           8         67426.75     73451.37
  70           7         70475.57     72355.32
  75           7         71015.29     71091.35
  80           7         68930.29     69779.59
  85           8         70695.75     68861.40
  90           7         66958.43     67650.18
  95           7         66231.43     65855.36
 100           7         61297.00     61315.31


Data Role=VALIDATE Target Variable=SalePrice Target Label=SalePrice

           Number of       Mean         Mean
Depth    Observations     Target     Predicted

   5           6         71577.83     95188.64
  10           5         91660.40     89093.63
  15           6         85757.17     85351.44
  20           5         63598.00     82518.04
  25           6         69328.67     80981.30
  30           5         85915.40     79654.53
  35           6         85021.67     78690.98
  40           5         77981.00     77521.91
  45           6         78173.33     76151.86
  50           5         69872.00     74804.53
  55           5         79688.80     74378.92
  60           6         67546.83     73617.63
  65           5         63358.20     72723.61
  70           6         63988.17     71755.98
  75           5         67774.40     70993.31
  80           6         66731.67     70217.01
  85           5         75766.20     68547.91
  90           6         71216.33     67202.56
  95           5         67591.80     65361.58
 100           5         58002.40     61084.77
 
                                                                                                                                                                                                                                                                
 
 
Assessment Score Distribution

Data Role=TRAIN Target Variable=SalePrice Target Label=SalePrice

                               Mean         Mean        Number of       Model
  Range for Predicted         Target     Predicted    Observations      Score

117155.950 -  120503.000    120503.00    120503.00          1         118829.48
100420.700 -  103767.750    107818.00    102880.81          1         102094.23
93726.600 -  97073.650       91167.33     95922.35          3          95400.12
90379.550 -  93726.600       95213.60     92066.30          5          92053.08
87032.500 -  90379.550       84541.50     88678.06          4          88706.02
83685.450 -  87032.500       83117.83     85925.57         12          85358.97
80338.400 -  83685.450       86621.93     82137.00         14          82011.92
76991.350 -  80338.400       79234.96     78207.89         28          78664.87
73644.300 -  76991.350       75681.40     75279.90         20          75317.82
70297.250 -  73644.300       68041.26     72512.32         19          71970.77
66950.200 -  70297.250       69862.61     68979.48         23          68623.72
63603.150 -  66950.200       65226.36     65456.48         11          65276.67
60256.100 -  63603.150       67905.50     62194.17          2          61929.62
56909.050 -  60256.100       58919.00     58919.00          1          58582.57
53562.000 -  56909.050       53562.00     53562.00          1          55235.52


Data Role=VALIDATE Target Variable=SalePrice Target Label=SalePrice

                            Mean         Mean        Number of       Model
 Range for Predicted       Target     Predicted    Observations      Score

97274.648 -  99345.865    71083.00     99345.86          1         98310.26
95203.430 -  97274.648    70337.00     95992.69          2         96239.04
93132.213 -  95203.430    77789.00     93748.23          2         94167.82
91060.995 -  93132.213    87039.00     91699.02          3         92096.60
86918.560 -  88989.778    93742.50     87913.41          2         87954.17
84847.343 -  86918.560    85854.80     86211.19          5         85882.95
82776.125 -  84847.343    83955.33     83584.92          3         83811.73
80704.908 -  82776.125    62860.00     81844.14          8         81740.52
78633.690 -  80704.908    81862.00     79687.76          9         79669.30
76562.473 -  78633.690    79617.00     77842.53         10         77598.08
74491.255 -  76562.473    76263.00     75273.06         12         75526.86
72420.038 -  74491.255    68340.07     73439.98         14         73455.65
70348.820 -  72420.038    65119.29     71237.96         14         71384.43
68277.603 -  70348.820    76454.83     69310.95          6         69313.21
66206.385 -  68277.603    68928.11     67349.42          9         67241.99
64135.168 -  66206.385    69131.75     65056.32          4         65170.78
62063.950 -  64135.168    64925.00     63451.55          2         63099.56
59992.733 -  62063.950    44185.00     60686.69          1         61028.34
57921.515 -  59992.733    57988.50     58917.02          2         58957.12
