MPRINT(EM_DIAGRAM):    data _null_;
MPRINT(EM_DIAGRAM):   call symput('NLDATE', strip(put(date(), NLDATE.)));
MPRINT(EM_DIAGRAM):   call symput('NLTIME', strip(put(datetime(), NLTIME.)));
MPRINT(EM_DIAGRAM):   run;
MPRINT(EM_DIAGRAM):   data _null_;
MPRINT(EM_DIAGRAM):   nldate= sasmsg("sashelp.dmine", "log_date_note", 'N', "November 17, 2015" );
MPRINT(EM_DIAGRAM):   nltime= sasmsg("sashelp.dmine", "log_time_note", 'N', "14:12:33" );
MPRINT(EM_DIAGRAM):   put "*------------------------------------------------------------*";
MPRINT(EM_DIAGRAM):   put "* Training Log";
MPRINT(EM_DIAGRAM):   put nldate;
MPRINT(EM_DIAGRAM):   put nltime;
MPRINT(EM_DIAGRAM):   put "*------------------------------------------------------------*";
MPRINT(EM_DIAGRAM):   run;
*------------------------------------------------------------*
* Training Log
Date:                November 17, 2015
Time:                14:12:33
*------------------------------------------------------------*
MPRINT(EM_DIAGRAM):    filename O2TZ7_L_ "C:\Users\bteric01\Documents\Tutorials_Projects\Project_4\Workspaces\EMWS1\Reg\EMTRAIN.out" encoding="UTF-8" NOBOM;
MPRINT(EM_DIAGRAM):   proc printto print=O2TZ7_L_ new;
MPRINT(EM_DIAGRAM):   run;
MPRINT(EM_DIAGRAM):    filename _LOG "C:\Users\bteric01\Documents\Tutorials_Projects\Project_4\Workspaces\EMWS1\Reg\EMLOG.log" encoding="UTF-8" NOBOM;
MPRINT(EM_DIAGRAM):    data _null_;
MPRINT(EM_DIAGRAM):   call symput('NLDATE', strip(put(date(), NLDATE.)));
MPRINT(EM_DIAGRAM):   call symput('NLTIME', strip(put(datetime(), NLTIME.)));
MPRINT(EM_DIAGRAM):   run;
MPRINT(EM_DIAGRAM):   data _null_;
MPRINT(EM_DIAGRAM):   nldate= sasmsg("sashelp.dmine", "log_date_note", 'N', "November 17, 2015" );
MPRINT(EM_DIAGRAM):   nltime= sasmsg("sashelp.dmine", "log_time_note", 'N', "14:12:33" );
MPRINT(EM_DIAGRAM):   file _LOG;
MPRINT(EM_DIAGRAM):   put "*------------------------------------------------------------*";
MPRINT(EM_DIAGRAM):   put "User:                bteric01";
MPRINT(EM_DIAGRAM):   put nldate;
MPRINT(EM_DIAGRAM):   put nltime;
MPRINT(EM_DIAGRAM):   put "Site:                70080760";
MPRINT(EM_DIAGRAM):   put "Platform:            X64_7PRO";
MPRINT(EM_DIAGRAM):   put "Maintenance Release: 9.04.01M1P120413";
MPRINT(EM_DIAGRAM):   put "EM Version:          13.1";
MPRINT(EM_DIAGRAM):   put "* ";
MPRINT(EM_DIAGRAM):   run;
MPRINT(EM_DIAGRAM):    filename _LOGIN "C:\Users\bteric01\Documents\Tutorials_Projects\Project_4\Workspaces\EMWS1\Reg\EMTRAIN.log" encoding="UTF-8" NOBOM;
MPRINT(EM_COPYFILE):   data _null_;
MPRINT(EM_COPYFILE):   length line $20000;
MPRINT(EM_COPYFILE):   file _LOG MOD lrecl=20000;
MPRINT(EM_COPYFILE):   fid=fopen("_LOGIN",'i',20000,'v');
MPRINT(EM_COPYFILE):   if fid > 0 then do;
MPRINT(EM_COPYFILE):   do while(^fread(fid));
MPRINT(EM_COPYFILE):   rlen = frlen(fid);
MPRINT(EM_COPYFILE):   rc= fget(fid,line,20000);
MPRINT(EM_COPYFILE):   start = length(line)-length(left(line))+1;
MPRINT(EM_COPYFILE):   line=strip(line);
MPRINT(EM_COPYFILE):   put @start line;
MPRINT(EM_COPYFILE):   end;
MPRINT(EM_COPYFILE):   if fid > 0 then rc=fclose(fid);
MPRINT(EM_COPYFILE):   end;
MPRINT(EM_COPYFILE):   run;
MPRINT(EM_DIAGRAM):  ;
MPRINT(EM_DIAGRAM):   filename _LOGIN;
MPRINT(EM_DIAGRAM):    data _null_;
MPRINT(EM_DIAGRAM):   file _LOG mod;
MPRINT(EM_DIAGRAM):   put _page_;
MPRINT(EM_DIAGRAM):   run;
MPRINT(EM_DIAGRAM):   filename _LOGIN "C:\Users\bteric01\Documents\Tutorials_Projects\Project_4\Workspaces\EMWS1\Reg\EMSCORE.log" encoding="UTF-8" NOBOM;
MPRINT(EM_DIAGRAM):  ;
MPRINT(EM_DIAGRAM):   data _null_;
MPRINT(EM_DIAGRAM):   file _LOG mod;
MPRINT(EM_DIAGRAM):   put _page_;
MPRINT(EM_DIAGRAM):   run;
MPRINT(EM_DIAGRAM):    filename _LOGIN "C:\Users\bteric01\Documents\Tutorials_Projects\Project_4\Workspaces\EMWS1\Reg\EMREPORT.log" encoding="UTF-8" NOBOM;
MPRINT(EM_DIAGRAM):  ;
MPRINT(EM_DIAGRAM):   filename _LOGIN;
MPRINT(EM_DIAGRAM):    filename _LOG;
MPRINT(EM_DIAGRAM):    filename _OUT "C:\Users\bteric01\Documents\Tutorials_Projects\Project_4\Workspaces\EMWS1\Reg\EMOUTPUT.out" encoding="UTF-8" NOBOM;
MPRINT(EM_DIAGRAM):    data _null_;
MPRINT(EM_DIAGRAM):   call symput('NLDATE', strip(put(date(), NLDATE.)));
MPRINT(EM_DIAGRAM):   call symput('NLTIME', strip(put(datetime(), NLTIME.)));
MPRINT(EM_DIAGRAM):   run;
MPRINT(EM_DIAGRAM):   data _null_;
MPRINT(EM_DIAGRAM):   nldate= sasmsg("sashelp.dmine", "log_date_note", 'N', "November 17, 2015" );
MPRINT(EM_DIAGRAM):   nltime= sasmsg("sashelp.dmine", "log_time_note", 'N', "14:12:33" );
MPRINT(EM_DIAGRAM):   file _OUT;
MPRINT(EM_DIAGRAM):   put "*------------------------------------------------------------*";
MPRINT(EM_DIAGRAM):   put "User:                bteric01";
MPRINT(EM_DIAGRAM):   put nldate;
MPRINT(EM_DIAGRAM):   put nltime;
MPRINT(EM_DIAGRAM):   put "*------------------------------------------------------------*";
MPRINT(EM_DIAGRAM):   put "* Training Output";
MPRINT(EM_DIAGRAM):   put "*------------------------------------------------------------*";
MPRINT(EM_DIAGRAM):   run;
MPRINT(EM_DIAGRAM):    filename _OUTIN "C:\Users\bteric01\Documents\Tutorials_Projects\Project_4\Workspaces\EMWS1\Reg\EMTRAIN.out" encoding="UTF-8" NOBOM;
MPRINT(EM_DIAGRAM):   ;
MPRINT(EM_COPYFILE):   data _null_;
MPRINT(EM_COPYFILE):   length line $20000;
MPRINT(EM_COPYFILE):   file _OUT MOD lrecl=20000;
MPRINT(EM_COPYFILE):   fid=fopen("_OUTIN",'i',20000,'v');
MPRINT(EM_COPYFILE):   if fid > 0 then do;
MPRINT(EM_COPYFILE):   do while(^fread(fid));
MPRINT(EM_COPYFILE):   rlen = frlen(fid);
MPRINT(EM_COPYFILE):   rc= fget(fid,line,20000);
MPRINT(EM_COPYFILE):   start = length(line)-length(left(line))+1;
MPRINT(EM_COPYFILE):   line=strip(line);
MPRINT(EM_COPYFILE):   put @start line;
MPRINT(EM_COPYFILE):   end;
MPRINT(EM_COPYFILE):   if fid > 0 then rc=fclose(fid);
MPRINT(EM_COPYFILE):   end;
MPRINT(EM_COPYFILE):   run;
MPRINT(EM_DIAGRAM):  ;
MPRINT(EM_DIAGRAM):   filename _OUTIN;
MPRINT(EM_DIAGRAM):    data _null_;
MPRINT(EM_DIAGRAM):   file _OUT mod;
MPRINT(EM_DIAGRAM):   put _page_;
MPRINT(EM_DIAGRAM):   put // "*------------------------------------------------------------*";
MPRINT(EM_DIAGRAM):   put "* Score Output";
MPRINT(EM_DIAGRAM):   put "*------------------------------------------------------------*";
MPRINT(EM_DIAGRAM):   run;
MPRINT(EM_DIAGRAM):    filename _OUTIN "C:\Users\bteric01\Documents\Tutorials_Projects\Project_4\Workspaces\EMWS1\Reg\EMSCORE.out" encoding="UTF-8" NOBOM;
MPRINT(EM_DIAGRAM):  ;
MPRINT(EM_DIAGRAM):   filename _OUTIN;
MPRINT(EM_DIAGRAM):    data _null_;
MPRINT(EM_DIAGRAM):   file _OUT mod;
MPRINT(EM_DIAGRAM):   put _page_;
MPRINT(EM_DIAGRAM):   put // "*------------------------------------------------------------*";
MPRINT(EM_DIAGRAM):   put "* Report Output";
MPRINT(EM_DIAGRAM):   put "*------------------------------------------------------------*";
MPRINT(EM_DIAGRAM):   run;
MPRINT(EM_DIAGRAM):    filename _OUTIN "C:\Users\bteric01\Documents\Tutorials_Projects\Project_4\Workspaces\EMWS1\Reg\EMREPORT.out" encoding="UTF-8" NOBOM;
MPRINT(EM_DIAGRAM):  ;
MPRINT(EM_DIAGRAM):   filename _OUTIN;
MPRINT(EM_DIAGRAM):    filename _OUT;
MPRINT(EM_DIAGRAM):    filename _emtool_ 'C:\Users\bteric01\Documents\Tutorials_Projects\Project_4\Workspaces\EMWS1\Reg\EMRUNSTATUS.xml' encoding="UTF-8" NOBOM;
21040      proc freq data=EMWS1.Reg_VariableSet noprint;
MPRINT(EM_DIAGRAM):    proc freq data=EMWS1.Reg_VariableSet noprint;
21041      table ROLE*LEVEL/out=WORK.RegMETA;
MPRINT(EM_DIAGRAM):   table ROLE*LEVEL/out=WORK.RegMETA;
21042      run;
MPRINT(EM_DIAGRAM):   run;

NOTE: There were 17 observations read from the data set EMWS1.REG_VARIABLESET.
NOTE: The data set WORK.REGMETA has 4 observations and 4 variables.
NOTE: PROCEDURE FREQ used (Total process time):
      real time           0.03 seconds
      cpu time            0.03 seconds
      

21043      proc print data=WORK.RegMETA label noobs;
MPRINT(EM_DIAGRAM):   proc print data=WORK.RegMETA label noobs;
21044      var ROLE LEVEL COUNT;
MPRINT(EM_DIAGRAM):   var ROLE LEVEL COUNT;
21045      label ROLE = "%sysfunc(sasmsg(sashelp.dmine, meta_role_vlabel, NOQUOTE))" LEVEL = "%sysfunc(sasmsg(sashelp.dmine, meta_level_vlabel, NOQUOTE))" COUNT = "%sysfunc(sasmsg(sashelp.dmine, rpt_count_vlabel, NOQUOTE))";
MPRINT(EM_DIAGRAM):   label ROLE = "Role" LEVEL = "Measurement Level" COUNT = "Frequency Count";
21046      title9 ' ';
MPRINT(EM_DIAGRAM):   title9 ' ';
21047      title10 "%sysfunc(sasmsg(sashelp.dmine, rpt_varSummary_title  , NOQUOTE))";
MPRINT(EM_DIAGRAM):   title10 "Variable Summary";
MPRINT(EM_DIAGRAM):   run;
21048      run;

NOTE: There were 4 observations read from the data set WORK.REGMETA.
NOTE: The PROCEDURE PRINT printed page 1.
NOTE: PROCEDURE PRINT used (Total process time):
      real time           0.02 seconds
      cpu time            0.01 seconds
      

21049      title10;
MPRINT(EM_DIAGRAM):   title10;
21050      %let EMNORLEN = %DMNORLEN;
MPRINT(EM_DIAGRAM):   
EMWS1.Part_TRAIN EMWS1.Part_TRAIN 
EMWS1.Part_TRAIN EMWS1.Part_TRAIN EMWS1 Part_TRAIN 
EMWS1.Part_TRAIN EMWS1.Part_TRAIN 
EMWS1.Part_TRAIN EMWS1.Part_TRAIN EMWS1 Part_TRAIN 
>>>>>>>>>>>>>> TARGET(   USE='Y' 
                         REPORT='N' 
                         NAME='SalePrice' 
                         ROLE='TARGET' 
                         LEVEL='INTERVAL' 
                         ORDER='' 
                         CREATOR='' 
                         FORMATTYPE='QUANTITY' 
                         FAMILY='' 
                         LOWERLIMIT=. 
                         UPPERLIMIT=. 
                         DISTRIBUTION='' 
                         COMMENT='' 
                         PRICE=. 
                         TYPE='N' 
                         LABEL='SalePrice' 
                         FORMAT='BEST.' 
                         INFORMAT='' 
                         INDEX='N' 
                         INDEXTYPE='NONE' 
                         LENGTH=8 
                      )[17811] 
MPRINT(EM_DIAGRAM):   
MPRINT(HPDM_PERFORMANCE):  ;
PERFORMANCE  DETAILS
MPRINT(EM_DIAGRAM):  ;
MPRINT(EM_DIAGRAM):    *------------------------------------------------------------* ;
MPRINT(EM_DIAGRAM):   * EM: DMDBClass Macro ;
MPRINT(EM_DIAGRAM):   *------------------------------------------------------------* ;
MPRINT(EM_DIAGRAM):   *------------------------------------------------------------* ;
MPRINT(EM_DIAGRAM):   * EM: DMDBVar Macro ;
MPRINT(EM_DIAGRAM):   *------------------------------------------------------------* ;
MPRINT(EM_DIAGRAM):   *------------------------------------------------------------*;
MPRINT(EM_DIAGRAM):   * EM: Create DMDB;
MPRINT(EM_DIAGRAM):   *------------------------------------------------------------*;
MPRINT(EM_DIAGRAM):   proc dmdb batch data=EMWS1.Part_TRAIN dmdbcat=WORK.EM_DMDB maxlevel = 513 ;
MPRINT(EM_DIAGRAM):   var
MPRINT(DMDBVAR):   SalePrice
MPRINT(EM_DIAGRAM):  ;
MPRINT(EM_DIAGRAM):   target SalePrice ;
MPRINT(EM_DIAGRAM):   run;
MPRINT(EM_DIAGRAM):   quit;
MPRINT(EM_DIAGRAM):   *--- end code ---*;
WORK.EM_DMDB WORK.EM_DMDB 
WORK.EM_DMDB WORK.EM_DMDB WORK EM_DMDB 
MPRINT(EM_DIAGRAM):    proc datasets lib=EMWS1 nolist;
MPRINT(EM_DIAGRAM):   modify Reg_SalePrice_DD(type=PROFIT label= SalePrice);
MPRINT(EM_DIAGRAM):   run;
MPRINT(EM_DIAGRAM):   quit;
MPRINT(EM_DIAGRAM):    *------------------------------------------------------------*;
MPRINT(EM_DIAGRAM):   * Reg: Determine decision variables for SalePrice;
MPRINT(EM_DIAGRAM):   *------------------------------------------------------------*;
MPRINT(EM_DIAGRAM):   data WORK.Reg_SCORE;
MPRINT(EM_DIAGRAM):   set EMWS1.Part_TRAIN;
MPRINT(EM_DIAGRAM):   keep SalePrice;
MPRINT(EM_DIAGRAM):   keep 'P_SalePrice'n;
MPRINT(EM_DIAGRAM):   'P_SalePrice'n = 0.5;
MPRINT(EM_DIAGRAM):   if _N_=1 then do;
MPRINT(EM_DIAGRAM):   output;
MPRINT(EM_DIAGRAM):   stop;
MPRINT(EM_DIAGRAM):   end;
MPRINT(EM_DIAGRAM):   run;
MPRINT(EM_DIAGRAM):    data EMWS1.Reg_SalePrice_DM;
MPRINT(EM_DIAGRAM):   set EMWS1.Reg_SalePrice_DM;
MPRINT(EM_DIAGRAM):   where _TYPE_ ^in('FREQ', 'BESTPROFIT', 'COMPUTEDPROFIT', 'EXPECTEDPROFIT', 'BESTLOSS', 'COMPUTEDLOSS', 'EXPECTEDLOSS', 'ROI', 'INVESTMENTCOST', 'MODELDECISION');
MPRINT(EM_DIAGRAM):   run;
MPRINT(EM_DIAGRAM):    proc datasets lib=work nolist;
MPRINT(EM_DIAGRAM):   modify SalePrice(type=PROFIT label= SalePrice);
MPRINT(EM_DIAGRAM):   run;
MPRINT(EM_DIAGRAM):   quit;
MPRINT(EM_DIAGRAM):    data EMWS1.Reg_SalePrice_DM;
MPRINT(EM_DIAGRAM):   set EMWS1.Reg_SalePrice_DM end=eof;
MPRINT(EM_DIAGRAM):   output;
MPRINT(EM_DIAGRAM):   if eof then do;
MPRINT(EM_DIAGRAM):   end;
MPRINT(EM_DIAGRAM):   run;
"No decisions defined for target "SalePrice"." 
21111      proc print data = EMWS1.Reg_SalePrice_DM noobs label;
MPRINT(EM_DIAGRAM):    proc print data = EMWS1.Reg_SalePrice_DM noobs label;
21112      var _type_ variable label;
MPRINT(EM_DIAGRAM):   var _type_ variable label;
21113      where _type_ ^in('MATRIX', 'DECISION', 'TRAINPRIOR', 'DATAPRIOR', 'DECPRIOR');
MPRINT(EM_DIAGRAM):   where _type_ ^in('MATRIX', 'DECISION', 'TRAINPRIOR', 'DATAPRIOR', 'DECPRIOR');
21114      label _TYPE_ = "%sysfunc(sasmsg(sashelp.dmine, rpt_type_vlabel,     NOQUOTE))" VARIABLE = "%sysfunc(sasmsg(sashelp.dmine, rpt_variable_vlabel, NOQUOTE))" LABEL = "%sysfunc(sasmsg(sashelp.dmine, meta_label_vlabel, NOQUOTE))";
MPRINT(EM_DIAGRAM):   label _TYPE_ = "Type" VARIABLE = "Variable" LABEL = "Label";
21115      title9 ' ';
MPRINT(EM_DIAGRAM):   title9 ' ';
21116      title10 "%sysfunc(sasmsg(sashelp.dmine, rpt_predDecVars_title  , NOQUOTE))";
MPRINT(EM_DIAGRAM):   title10 "Predicted and decision variables";
MPRINT(EM_DIAGRAM):   run;
21117      run;

NOTE: There were 3 observations read from the data set EMWS1.REG_SALEPRICE_DM.
      WHERE _type_ not in ('DATAPRIOR', 'DECISION', 'DECPRIOR', 'MATRIX', 'TRAINPRIOR');
NOTE: The PROCEDURE PRINT printed page 2.
NOTE: PROCEDURE PRINT used (Total process time):
      real time           0.03 seconds
      cpu time            0.03 seconds
      

21118      title10;
MPRINT(EM_DIAGRAM):   title10;
MPRINT(EM_DIAGRAM):    *------------------------------------------------------------*;
MPRINT(EM_DIAGRAM):   * Reg: Preparing metadata for Training *------------------------------------------------------------*;
MPRINT(EM_DIAGRAM):   data WORK.M3EOITAN;
MPRINT(EM_DIAGRAM):   set WORK.M3EOITAN;
MPRINT(EM_DIAGRAM):   where use = 'Y' or (role = 'INPUT' and use = 'D') ;
MPRINT(EM_DIAGRAM):   if (role = 'REJECTED') then role = 'INPUT';
MPRINT(EM_DIAGRAM):   if use = 'D' then use = 'Y';
MPRINT(EM_DIAGRAM):   run;
NOTE: There were 3 observations read from the data set EMWS1.REG_SALEPRICE_DD.
NOTE: The data set WORK.SALEPRICE has 3 observations and 1 variables.
21128      *------------------------------------------------------------*;
MPRINT(EM_DIAGRAM):    *------------------------------------------------------------*;
21129      * Reg: Create decision matrix;
MPRINT(EM_DIAGRAM):   * Reg: Create decision matrix;
21130      *------------------------------------------------------------*;
MPRINT(EM_DIAGRAM):   *------------------------------------------------------------*;
21131      data WORK.SalePrice(label="SalePrice");
MPRINT(EM_DIAGRAM):   data WORK.SalePrice(label="SalePrice");
21132        length   SalePrice                            8
21133                 ;
MPRINT(EM_DIAGRAM):   length SalePrice 8 ;
21134      
21135        label    SalePrice="SalePrice"
21136                 ;
MPRINT(EM_DIAGRAM):   label SalePrice= "SalePrice" ;
21137       SalePrice=5014;
MPRINT(EM_DIAGRAM):   SalePrice=5014;
21138      output;
MPRINT(EM_DIAGRAM):   output;
21139       SalePrice=121984;
MPRINT(EM_DIAGRAM):   SalePrice=121984;
21140      output;
MPRINT(EM_DIAGRAM):   output;
21141       SalePrice=76715.8;
MPRINT(EM_DIAGRAM):   SalePrice=76715.8;
21142      output;
MPRINT(EM_DIAGRAM):   output;
21143      ;
MPRINT(EM_DIAGRAM):   ;
21144      run;
MPRINT(EM_DIAGRAM):   run;

NOTE: The data set WORK.SALEPRICE has 3 observations and 1 variables.
NOTE: DATA statement used (Total process time):
      real time           0.01 seconds
      cpu time            0.01 seconds
      

21145      proc datasets lib=work nolist;
MPRINT(EM_DIAGRAM):   proc datasets lib=work nolist;
21146      modify SalePrice(type=PROFIT label=SalePrice);
MPRINT(EM_DIAGRAM):   modify SalePrice(type=PROFIT label= SalePrice);
MPRINT(EM_DIAGRAM):   run;
21147      run;

NOTE: MODIFY was successful for WORK.SALEPRICE.DATA.
21148      quit;
MPRINT(EM_DIAGRAM):   quit;

NOTE: PROCEDURE DATASETS used (Total process time):
      real time           0.02 seconds
      cpu time            0.01 seconds
      

21149      data EM_DMREG / view=EM_DMREG;
MPRINT(EM_DIAGRAM):   data EM_DMREG / view=EM_DMREG;
21150      set EMWS1.Part_TRAIN(keep=
21151      Age Basement BasementType Baths CentralAir ConstructionType FirePlace
21152      FirstFloor GarageSize GarageType LotSize Neighborhood SalePrice SecondFloor
21153      TotalArea UpperArea WallType);
MPRINT(EM_DIAGRAM):   set EMWS1.Part_TRAIN(keep= Age Basement BasementType Baths CentralAir ConstructionType FirePlace FirstFloor GarageSize GarageType LotSize Neighborhood SalePrice SecondFloor TotalArea UpperArea WallType);
21154      run;
MPRINT(EM_DIAGRAM):   run;

NOTE: DATA STEP view saved on file WORK.EM_DMREG.
NOTE: A stored DATA STEP view cannot run under a different operating system.
NOTE: DATA statement used (Total process time):
      real time           0.01 seconds
      cpu time            0.01 seconds
      

MPRINT(EM_DIAGRAM):   *------------------------------------------------------------* ;
MPRINT(EM_DIAGRAM):   * Reg: DMDBClass Macro ;
MPRINT(EM_DIAGRAM):   *------------------------------------------------------------* ;
21155      *------------------------------------------------------------* ;
21156      * Reg: DMDBClass Macro ;
21157      *------------------------------------------------------------* ;
21158      %macro DMDBClass;
21159          BasementType(ASC) CentralAir(ASC) ConstructionType(ASC) GarageType(ASC)
21160         LotSize(ASC) Neighborhood(ASC) WallType(ASC)
21161      %mend DMDBClass;
21162      *------------------------------------------------------------* ;
MPRINT(EM_DIAGRAM):   *------------------------------------------------------------* ;
21163      * Reg: DMDBVar Macro ;
MPRINT(EM_DIAGRAM):   * Reg: DMDBVar Macro ;
21164      *------------------------------------------------------------* ;
MPRINT(EM_DIAGRAM):   *------------------------------------------------------------* ;
21165      %macro DMDBVar;
21166          Age Basement Baths FirePlace FirstFloor GarageSize SalePrice SecondFloor
21167         TotalArea UpperArea
21168      %mend DMDBVar;
21169      *------------------------------------------------------------*;
MPRINT(EM_DIAGRAM):   *------------------------------------------------------------*;
21170      * Reg: Create DMDB;
MPRINT(EM_DIAGRAM):   * Reg: Create DMDB;
21171      *------------------------------------------------------------*;
MPRINT(EM_DIAGRAM):   *------------------------------------------------------------*;
21172      proc dmdb batch data=WORK.EM_DMREG
21173      dmdbcat=WORK.Reg_DMDB
21174      maxlevel = 513
21175      ;
MPRINT(EM_DIAGRAM):   proc dmdb batch data=WORK.EM_DMREG dmdbcat=WORK.Reg_DMDB maxlevel = 513 ;
MPRINT(EM_DIAGRAM):   class
21176      class %DMDBClass;
MPRINT(DMDBCLASS):   BasementType(ASC) CentralAir(ASC) ConstructionType(ASC) GarageType(ASC) LotSize(ASC) Neighborhood(ASC) WallType(ASC)
MPRINT(EM_DIAGRAM):  ;
MPRINT(EM_DIAGRAM):   var
21177      var %DMDBVar;
MPRINT(DMDBVAR):   Age Basement Baths FirePlace FirstFloor GarageSize SalePrice SecondFloor TotalArea UpperArea
MPRINT(EM_DIAGRAM):  ;
21178      target
21179      SalePrice
21180      ;
MPRINT(EM_DIAGRAM):   target SalePrice ;
21181      run;
MPRINT(EM_DIAGRAM):   run;

NOTE: Records processed = 145   Memory used = 511K.
NOTE: View WORK.EM_DMREG.VIEW used (Total process time):
      real time           0.09 seconds
      cpu time            0.07 seconds
      
NOTE: There were 145 observations read from the data set EMWS1.PART_TRAIN.
NOTE: There were 145 observations read from the data set WORK.EM_DMREG.
NOTE: PROCEDURE DMDB used (Total process time):
      real time           0.11 seconds
      cpu time            0.11 seconds
      

MPRINT(EM_DIAGRAM):   quit;
MPRINT(EM_DIAGRAM):   *--- end code ---*;
21182      quit;
21183      *--- end code ---*;

21184      *------------------------------------------------------------*;
MPRINT(EM_DIAGRAM):    *------------------------------------------------------------*;
21185      * Reg: Run DMREG procedure;
MPRINT(EM_DIAGRAM):   * Reg: Run DMREG procedure;
21186      *------------------------------------------------------------*;
MPRINT(EM_DIAGRAM):   *------------------------------------------------------------*;
21187      proc dmreg data=EM_DMREG dmdbcat=WORK.Reg_DMDB
21188      validata = EMWS1.Part_VALIDATE
21189      outest = EMWS1.Reg_EMESTIMATE
21190      outterms = EMWS1.Reg_OUTTERMS
21191      outmap= EMWS1.Reg_MAPDS namelen=200
21192      ;
MPRINT(EM_DIAGRAM):   proc dmreg data=EM_DMREG dmdbcat=WORK.Reg_DMDB validata = EMWS1.Part_VALIDATE outest = EMWS1.Reg_EMESTIMATE outterms = EMWS1.Reg_OUTTERMS outmap= EMWS1.Reg_MAPDS namelen=200 ;
21193      class
21194      BasementType
21195      CentralAir
21196      ConstructionType
21197      GarageType
21198      LotSize
21199      Neighborhood
21200      WallType
21201      ;
MPRINT(EM_DIAGRAM):   class BasementType CentralAir ConstructionType GarageType LotSize Neighborhood WallType ;
21202      model SalePrice =
21203      Age
21204      Basement
21205      BasementType
21206      Baths
21207      CentralAir
21208      ConstructionType
21209      FirePlace
21210      FirstFloor
21211      GarageSize
21212      GarageType
21213      LotSize
21214      Neighborhood
21215      SecondFloor
21216      TotalArea
21217      UpperArea
21218      WallType
21219      /error=normal
21220      coding=DEVIATION
21221      nodesignprint
21222      ;
MPRINT(EM_DIAGRAM):   model SalePrice = Age Basement BasementType Baths CentralAir ConstructionType FirePlace FirstFloor GarageSize GarageType LotSize Neighborhood SecondFloor TotalArea UpperArea WallType /error=normal coding=DEVIATION nodesignprint ;
21223      ;
MPRINT(EM_DIAGRAM):   ;
21224      score data=EMWS1.Part_TEST
21225      out=_null_
21226      outfit=EMWS1.Reg_FITTEST
21227      role = TEST
21228      ;
MPRINT(EM_DIAGRAM):   score data=EMWS1.Part_TEST out=_null_ outfit=EMWS1.Reg_FITTEST role = TEST ;
21229      code file="C:\Users\bteric01\Documents\Tutorials_Projects\Project_4\Workspaces\EMWS1\Reg\EMPUBLISHSCORE.sas"
21230      group=Reg
21231      ;
MPRINT(EM_DIAGRAM):   code file="C:\Users\bteric01\Documents\Tutorials_Projects\Project_4\Workspaces\EMWS1\Reg\EMPUBLISHSCORE.sas" group=Reg ;
21232      code file="C:\Users\bteric01\Documents\Tutorials_Projects\Project_4\Workspaces\EMWS1\Reg\EMFLOWSCORE.sas"
21233      group=Reg
21234      residual
21235      ;
MPRINT(EM_DIAGRAM):   code file="C:\Users\bteric01\Documents\Tutorials_Projects\Project_4\Workspaces\EMWS1\Reg\EMFLOWSCORE.sas" group=Reg residual ;
21236      run;
MPRINT(EM_DIAGRAM):   run;

NOTE: External file C:\Users\bteric01\Documents\Tutorials_Projects\Project_4\Workspaces\EMWS1\Reg\EMPUBLISHSCORE.sas opened.
NOTE: External file C:\Users\bteric01\Documents\Tutorials_Projects\Project_4\Workspaces\EMWS1\Reg\EMFLOWSCORE.sas opened.
NOTE: View WORK.EM_DMREG.VIEW used (Total process time):
      real time           0.66 seconds
      cpu time            0.31 seconds
      
NOTE: There were 145 observations read from the data set EMWS1.PART_TRAIN.
NOTE: There were 145 observations read from the data set WORK.EM_DMREG.
NOTE: There were 109 observations read from the data set EMWS1.PART_VALIDATE.
NOTE: There were 109 observations read from the data set EMWS1.PART_TEST.
NOTE: The data set EMWS1.REG_EMESTIMATE has 3 observations and 56 variables.
NOTE: The data set EMWS1.REG_OUTTERMS has 24 observations and 6 variables.
NOTE: The data set EMWS1.REG_MAPDS has 2 observations and 25 variables.
NOTE: The data set EMWS1.REG_FITTEST has 1 observations and 13 variables.
NOTE: The PROCEDURE DMREG printed page 3.
NOTE: PROCEDURE DMREG used (Total process time):
      real time           0.71 seconds
      cpu time            0.34 seconds
      

MPRINT(EM_DIAGRAM):   quit;
21237      quit;

21238      proc datasets lib=WORK nolist;
MPRINT(EM_DIAGRAM):    proc datasets lib=WORK nolist;
21239      delete Reg_DMDB;
MPRINT(EM_DIAGRAM):   delete Reg_DMDB;
21240      run;
MPRINT(EM_DIAGRAM):   run;

NOTE: The file WORK.REG_DMDB (memtype=DATA) was not found, but appears on a DELETE statement.
21241      quit;
MPRINT(EM_DIAGRAM):   quit;

NOTE: PROCEDURE DATASETS used (Total process time):
      real time           0.01 seconds
      cpu time            0.01 seconds
      

21242      proc datasets lib=WORK nolist;
MPRINT(EM_DIAGRAM):    proc datasets lib=WORK nolist;
21243      delete Reg_DMDB / memtype=catalog;
MPRINT(EM_DIAGRAM):   delete Reg_DMDB / memtype=catalog;
21244      run;
MPRINT(EM_DIAGRAM):   run;

NOTE: Deleting WORK.REG_DMDB (memtype=CATALOG).
21245      quit;
MPRINT(EM_DIAGRAM):   quit;

NOTE: PROCEDURE DATASETS used (Total process time):
      real time           0.01 seconds
      cpu time            0.01 seconds
      

21246      data WORK.ESTIMATE;
MPRINT(EM_DIAGRAM):    data WORK.ESTIMATE;
21247      length _NAME_ $32;
MPRINT(EM_DIAGRAM):   length _NAME_ $32;
21248      set EMWS1.Reg_EMESTIMATE;
MPRINT(EM_DIAGRAM):   set EMWS1.Reg_EMESTIMATE;
21249      drop _AIC_--_VSUMW_;
MPRINT(EM_DIAGRAM):   drop _AIC_--_VSUMW_;
21250      where _TYPE_ in('PARMS', 'T', 'P');
MPRINT(EM_DIAGRAM):   where _TYPE_ in('PARMS', 'T', 'P');
21251      select(_TYPE_);
MPRINT(EM_DIAGRAM):   select(_TYPE_);
21252      when('PARMS') _NAME_='Coefficient';
MPRINT(EM_DIAGRAM):   when('PARMS') _NAME_='Coefficient';
21253      when('T') _NAME_='tValue';
MPRINT(EM_DIAGRAM):   when('T') _NAME_='tValue';
21254      when('P') _NAME_='PValue';
MPRINT(EM_DIAGRAM):   when('P') _NAME_='PValue';
21255      otherwise;
MPRINT(EM_DIAGRAM):   otherwise;
21256      end;
MPRINT(EM_DIAGRAM):   end;
21257      run;
MPRINT(EM_DIAGRAM):   run;

NOTE: There were 3 observations read from the data set EMWS1.REG_EMESTIMATE.
      WHERE _TYPE_ in ('P', 'PARMS', 'T');
NOTE: The data set WORK.ESTIMATE has 3 observations and 26 variables.
NOTE: DATA statement used (Total process time):
      real time           0.01 seconds
      cpu time            0.01 seconds
      

21258      proc transpose data=WORK.ESTIMATE out=WORK.ESTIMATE(rename=(_NAME_=Effect));
MPRINT(EM_DIAGRAM):   proc transpose data=WORK.ESTIMATE out=WORK.ESTIMATE(rename=(_NAME_=Effect));
21259      run;
MPRINT(EM_DIAGRAM):   run;

NOTE: There were 3 observations read from the data set WORK.ESTIMATE.
NOTE: The data set WORK.ESTIMATE has 24 observations and 5 variables.
NOTE: PROCEDURE TRANSPOSE used (Total process time):
      real time           0.02 seconds
      cpu time            0.01 seconds
      

21260      proc transpose data=EMWS1.Reg_MAPDS out=WORK.MAP(rename=(_NAME_=Effect INPUT=Variable
21261      ));
MPRINT(EM_DIAGRAM):   proc transpose data=EMWS1.Reg_MAPDS out=WORK.MAP(rename=(_NAME_=Effect INPUT=Variable ));
21262      var 'Age'n--'WallType2'n;
MPRINT(EM_DIAGRAM):   var 'Age'n--'WallType2'n;
21263      run;
MPRINT(EM_DIAGRAM):   run;

NOTE: There were 2 observations read from the data set EMWS1.REG_MAPDS.
NOTE: The data set WORK.MAP has 23 observations and 4 variables.
NOTE: PROCEDURE TRANSPOSE used (Total process time):
      real time           0.02 seconds
      cpu time            0.01 seconds
      

21264      proc sort data=WORK.MAP;
MPRINT(EM_DIAGRAM):   proc sort data=WORK.MAP;
21265      by Effect;
MPRINT(EM_DIAGRAM):   by Effect;
21266      run;
MPRINT(EM_DIAGRAM):   run;

NOTE: There were 23 observations read from the data set WORK.MAP.
NOTE: The data set WORK.MAP has 23 observations and 4 variables.
NOTE: PROCEDURE SORT used (Total process time):
      real time           0.01 seconds
      cpu time            0.01 seconds
      

21267      proc sort data=WORK.ESTIMATE;
MPRINT(EM_DIAGRAM):   proc sort data=WORK.ESTIMATE;
21268      by Effect;
MPRINT(EM_DIAGRAM):   by Effect;
21269      run;
MPRINT(EM_DIAGRAM):   run;

NOTE: There were 24 observations read from the data set WORK.ESTIMATE.
NOTE: The data set WORK.ESTIMATE has 24 observations and 5 variables.
NOTE: PROCEDURE SORT used (Total process time):
      real time           0.01 seconds
      cpu time            0.01 seconds
      

21270      data EMWS1.Reg_EFFECTS(rename=(_LABEL_=EffectLabel));
MPRINT(EM_DIAGRAM):   data EMWS1.Reg_EFFECTS(rename=(_LABEL_=EffectLabel));
21271      length Variable ClassLevel $32;
MPRINT(EM_DIAGRAM):   length Variable ClassLevel $32;
21272      merge WORK.ESTIMATE WORK.MAP;
MPRINT(EM_DIAGRAM):   merge WORK.ESTIMATE WORK.MAP;
21273      by Effect;
MPRINT(EM_DIAGRAM):   by Effect;
21274      label Effect = "%sysfunc(sasmsg(sashelp.dmine, rpt_effect_vlabel, NOQUOTE))" Variable = "%sysfunc(sasmsg(sashelp.dmine, rpt_variable_vlabel, NOQUOTE))" Sign = "%sysfunc(sasmsg(sashelp.dmine, rpt_sign_vlabel, NOQUOTE))" ClassLevel =
21275         "%sysfunc(sasmsg(sashelp.dmine, rpt_level_vlabel, NOQUOTE))" Abscoefficient = "%sysfunc(sasmsg(sashelp.dmine, rpt_abscoefficient_vlabel, NOQUOTE))" Coefficient = "%sysfunc(sasmsg(sashelp.dmine, rpt_coefficient_vlabel, NOQUOTE))" _LABEL_ =
21276         "%sysfunc(sasmsg(sashelp.dmine, rpt_effectLabel_vlabel, NOQUOTE))" CODE = "%sysfunc(sasmsg(sashelp.dmine, rpt_scorecodevar_vlabel, NOQUOTE))";
MPRINT(EM_DIAGRAM):   label Effect = "Effect" Variable = "Variable" Sign = "Sign" ClassLevel = "Level" Abscoefficient = "Absolute Coefficient" Coefficient = "Coefficient" _LABEL_ = "Effect Label" CODE = "Score Code Variable";
21277      label tvalue = "%sysfunc(sasmsg(sashelp.dmine, rpt_tvalue_vlabel,         NOQUOTE))" abstvalue = "%sysfunc(sasmsg(sashelp.dmine, rpt_absoluteTvalue_vlabel, NOQUOTE))" PValue = "%sysfunc(sasmsg(sashelp.dmine, rpt_pvalue_vlabel,         NOQUOTE))"
21277    ! ;
MPRINT(EM_DIAGRAM):   label tvalue = "T-value" abstvalue = "Absolute T-value" PValue = "P Value";
21278      abstvalue = abs(tValue);
MPRINT(EM_DIAGRAM):   abstvalue = abs(tValue);
21279      if index(Effect, 'Intercept') then do;
MPRINT(EM_DIAGRAM):   if index(Effect, 'Intercept') then do;
21280      variable = 'Intercept';
MPRINT(EM_DIAGRAM):   variable = 'Intercept';
21281      classLevel = scan(_LABEL_, 2, '=');
MPRINT(EM_DIAGRAM):   classLevel = scan(_LABEL_, 2, '=');
21282      end;
MPRINT(EM_DIAGRAM):   end;
21283      if ^indexc(variable, '*') then do;
MPRINT(EM_DIAGRAM):   if ^indexc(variable, '*') then do;
21284      if length(effect)>length(variable) then classlevel = substr(Effect, length(variable)+1);
MPRINT(EM_DIAGRAM):   if length(effect)>length(variable) then classlevel = substr(Effect, length(variable)+1);
21285      end;
MPRINT(EM_DIAGRAM):   end;
21286      if Effect eq '' then Effect = Variable;
MPRINT(EM_DIAGRAM):   if Effect eq '' then Effect = Variable;
21287      if coefficient < 0 then sign = '-';
MPRINT(EM_DIAGRAM):   if coefficient < 0 then sign = '-';
21288      else sign = '+';
MPRINT(EM_DIAGRAM):   else sign = '+';
21289      abscoefficient = abs(coefficient);
MPRINT(EM_DIAGRAM):   abscoefficient = abs(coefficient);
21290      if _LABEL_ = '' then _LABEL_ = Effect;
MPRINT(EM_DIAGRAM):   if _LABEL_ = '' then _LABEL_ = Effect;
21291      if coefficient ne . then output;
MPRINT(EM_DIAGRAM):   if coefficient ne . then output;
21292      run;
MPRINT(EM_DIAGRAM):   run;

NOTE: Missing values were generated as a result of performing an operation on missing values.
      Each place is given by: (Number of times) at (Line):(Column).
      1 at 21278:13   1 at 21289:18   
NOTE: There were 24 observations read from the data set WORK.ESTIMATE.
NOTE: There were 23 observations read from the data set WORK.MAP.
NOTE: The data set EMWS1.REG_EFFECTS has 23 observations and 11 variables.
NOTE: DATA statement used (Total process time):
      real time           0.10 seconds
      cpu time            0.09 seconds
      

21293      proc sort data =EMWS1.Reg_EFFECTS;
MPRINT(EM_DIAGRAM):    proc sort data =EMWS1.Reg_EFFECTS;
21294      by
21295      descending abstvalue;
MPRINT(EM_DIAGRAM):   by descending abstvalue;
21296      run;
MPRINT(EM_DIAGRAM):   run;

NOTE: There were 23 observations read from the data set EMWS1.REG_EFFECTS.
NOTE: The data set EMWS1.REG_EFFECTS has 23 observations and 11 variables.
NOTE: PROCEDURE SORT used (Total process time):
      real time           0.01 seconds
      cpu time            0.03 seconds
      

21297      data EMWS1.Reg_EFFECTS;
MPRINT(EM_DIAGRAM):   data EMWS1.Reg_EFFECTS;
21298      set EMWS1.Reg_EFFECTS;
MPRINT(EM_DIAGRAM):   set EMWS1.Reg_EFFECTS;
21299      format TEffectNum 3.;
MPRINT(EM_DIAGRAM):   format TEffectNum 3.;
21300      label TEffectNum = "%sysfunc(sasmsg(sashelp.dmine, rpt_teffectnum_vlabel, NOQUOTE))";
MPRINT(EM_DIAGRAM):   label TEffectNum = "TScore Number";
21301      retain TEffectNum;
MPRINT(EM_DIAGRAM):   retain TEffectNum;
21302      TEffectNum = _N_;
MPRINT(EM_DIAGRAM):   TEffectNum = _N_;
21303      run;
MPRINT(EM_DIAGRAM):   run;

NOTE: There were 23 observations read from the data set EMWS1.REG_EFFECTS.
NOTE: The data set EMWS1.REG_EFFECTS has 23 observations and 12 variables.
NOTE: DATA statement used (Total process time):
      real time           0.02 seconds
      cpu time            0.01 seconds
      

21304      proc sort data =EMWS1.Reg_EFFECTS;
MPRINT(EM_DIAGRAM):    proc sort data =EMWS1.Reg_EFFECTS;
21305      by
21306      descending absCoefficient;
MPRINT(EM_DIAGRAM):   by descending absCoefficient;
21307      run;
MPRINT(EM_DIAGRAM):   run;

NOTE: There were 23 observations read from the data set EMWS1.REG_EFFECTS.
NOTE: The data set EMWS1.REG_EFFECTS has 23 observations and 12 variables.
NOTE: PROCEDURE SORT used (Total process time):
      real time           0.01 seconds
      cpu time            0.01 seconds
      

21308      data EMWS1.Reg_EFFECTS;
MPRINT(EM_DIAGRAM):   data EMWS1.Reg_EFFECTS;
21309      set EMWS1.Reg_EFFECTS;
MPRINT(EM_DIAGRAM):   set EMWS1.Reg_EFFECTS;
21310      format EffectNum 3.;
MPRINT(EM_DIAGRAM):   format EffectNum 3.;
21311      label EffectNum = "%sysfunc(sasmsg(sashelp.dmine, rpt_effectnum_vlabel, NOQUOTE))";
MPRINT(EM_DIAGRAM):   label EffectNum = "Effect Number";
21312      retain EffectNum;
MPRINT(EM_DIAGRAM):   retain EffectNum;
21313      EffectNum = _N_;
MPRINT(EM_DIAGRAM):   EffectNum = _N_;
21314      run;
MPRINT(EM_DIAGRAM):   run;

NOTE: There were 23 observations read from the data set EMWS1.REG_EFFECTS.
NOTE: The data set EMWS1.REG_EFFECTS has 23 observations and 13 variables.
NOTE: DATA statement used (Total process time):
      real time           0.02 seconds
      cpu time            0.03 seconds
      

MPRINT(EM_DIAGRAM):    proc printto;
MPRINT(EM_DIAGRAM):   run;
