 
                                                                                                                                                                                                                                                                
 
 
Fit Statistics

Target=SalePrice Target Label=SalePrice

   Fit
Statistics    Statistics Label                           Train        Validation              Test

 _NW_         Number of Estimated Weights                 9.00               .                 .  
 _NOBS_       Sum of Frequencies                        145.00            109.00            109.00
 _SUMW_       Sum of Case Weights Times Freq            145.00            109.00            109.00
 _DFT_        Total Degrees of Freedom                  145.00               .                 .  
 _DFM_        Model Degrees of Freedom                    9.00               .                 .  
 _DFE_        Degrees of Freedom for Error              136.00               .                 .  
 _ASE_        Average Squared Error               230601150.54      299379685.69      302404493.32
 _RASE_       Root Average Squared Error              15185.56          17302.59          17389.78
 _DIV_        Divisor for ASE                           145.00            109.00            109.00
 _SSE_        Sum of Squared Errors             33437166827.66    32632385740.69    32962089771.78
 _MSE_        Mean Squared Error                  245861520.79      299379685.69      302404493.32
 _RMSE_       Root Mean Squared Error                 15679.97          17302.59          17389.78
 _AVERR_      Average Error Function              230601150.54      299379685.69      302404493.32
 _ERR_        Error Function                    33437166827.66    32632385740.69    32962089771.78
 _MAX_        Maximum Absolute Error                  84351.90          75289.70          65466.90
 _FPE_        Final Prediction Error              261121891.05               .                 .  
 _RFPE_       Root Final Prediction Error             16159.27               .                 .  
 _AIC_        Akaike's Information Criterion           2810.15               .                 .  
 _SBC_        Schwarz's Bayesian Criterion             2836.94               .                 .  
 
                                                                                                                                                                                                                                                                
 
 
Assessment Score Rankings

Data Role=TRAIN Target Variable=SalePrice Target Label=SalePrice

           Number of       Mean         Mean
Depth    Observations     Target     Predicted

   5           9         90750.78     91681.68
  10           6         88852.67     87239.70
  15           7         84678.00     85713.47
  20           9         83119.67     83180.76
  25           6         80148.83     80400.70
  30           7         82291.29     78483.40
  35           7         78555.14     77799.83
  40           7         77165.43     77238.71
  45           8         71540.38     76112.95
  50           8         76567.63     75491.04
  55           6         86094.17     74917.82
  60           7         63196.57     74023.36
  65          10         84904.10     73000.04
  70           7         68206.57     71519.10
  75           5         73771.80     70791.18
  80           8         71478.75     70465.61
  85           7         68824.14     70003.29
  90           7         63839.00     69123.17
  95           7         67583.86     68187.03
 100           7         67629.86     66319.51


Data Role=VALIDATE Target Variable=SalePrice Target Label=SalePrice

           Number of       Mean         Mean
Depth    Observations     Target     Predicted

   5           6         73447.83     91977.17
  10           5         94156.60     86860.16
  15           7         80617.29     83659.47
  20           4         71840.50     81920.03
  25           6         78974.17     78651.50
  30           5         77724.80     77694.46
  35           6         76347.33     76502.42
  40           9         65100.78     75762.22
  45           2         59640.00     75345.30
  50           5         75930.40     74086.80
  55           6         68254.17     73288.60
  60           6         69088.33     71833.02
  65           5         70340.80     71255.90
  70           9         69074.00     70504.13
  75           5         78208.20     70250.80
  80           2         87328.00     69964.30
  85           9         62541.00     69148.52
  90           3         68934.00     68398.13
  95           4         72900.75     67937.98
 100           5         73830.40     66309.58
 
                                                                                                                                                                                                                                                                
 
 
Assessment Score Distribution

Data Role=TRAIN Target Variable=SalePrice Target Label=SalePrice

                             Mean         Mean        Number of       Model
 Range for Predicted        Target     Predicted    Observations      Score

96056.145 -  97629.100    100275.00     97629.10          1         96842.62
94483.190 -  96056.145    120503.00     94610.50          1         95269.67
91337.280 -  92910.235    102842.00     92559.70          2         92123.76
89764.325 -  91337.280    107818.00     90044.50          1         90550.80
88191.370 -  89764.325     79980.33     89261.37          6         88977.85
86618.415 -  88191.370     60765.00     86658.20          1         87404.89
85045.460 -  86618.415     86769.20     85893.77         10         85831.94
83472.505 -  85045.460     77646.00     84473.95          2         84258.98
81899.550 -  83472.505     82941.88     82762.70          8         82686.03
80326.595 -  81899.550     76937.00     80468.20          2         81113.07
78753.640 -  80326.595     83383.25     79563.15          4         79540.12
77180.685 -  78753.640     80553.35     77921.98         17         77967.16
75607.730 -  77180.685     73631.60     76155.07         15         76394.21
74034.775 -  75607.730     76496.50     74815.88         14         74821.25
72461.820 -  74034.775     79756.38     73194.37         13         73248.30
70888.865 -  72461.820     71700.56     71414.48          9         71675.34
69315.910 -  70888.865     69042.30     70227.07         20         70102.39
67742.955 -  69315.910     64244.50     68695.28         10         68529.43
66170.000 -  67742.955     69408.56     66613.46          9         66956.48


Data Role=VALIDATE Target Variable=SalePrice Target Label=SalePrice

                             Mean         Mean        Number of       Model
 Range for Predicted        Target     Predicted    Observations      Score

96056.145 -  97629.100    101908.00     97629.10          1         96842.62
91337.280 -  92910.235     43541.33     92132.43          3         92123.76
88191.370 -  89764.325    104077.50     88918.30          2         88977.85
86618.415 -  88191.370    113855.00     88080.45          2         87404.89
85045.460 -  86618.415     81024.33     86046.63          3         85831.94
83472.505 -  85045.460     79914.20     83934.30          5         84258.98
81899.550 -  83472.505     79484.50     82809.93          4         82686.03
80326.595 -  81899.550     67087.00     81192.60          2         81113.07
78753.640 -  80326.595     82832.50     79119.45          2         79540.12
77180.685 -  78753.640     76840.00     78139.96          8         77967.16
75607.730 -  77180.685     70379.69     76118.58         16         76394.21
74034.775 -  75607.730     69191.25     74961.00          4         74821.25
72461.820 -  74034.775     69753.60     73356.25         10         73248.30
70888.865 -  72461.820     70039.00     71472.73         10         71675.34
69315.910 -  70888.865     71747.89     70242.41         19         70102.39
67742.955 -  69315.910     66937.83     68599.49         12         68529.43
66170.000 -  67742.955     75220.83     66458.50          6         66956.48
