 
                                                                                                                                                                                                                                                                
 
 
Fit Statistics

Target=SalePrice Target Label=SalePrice

   Fit
Statistics    Statistics Label                          Train        Validation              Test

 _NW_         Number of Estimated Weights                1.00               .                 .  
 _NOBS_       Sum of Frequencies                        17.00            109.00            109.00
 _SUMW_       Sum of Case Weights Times Freq            17.00            109.00            109.00
 _DFT_        Total Degrees of Freedom                  17.00               .                 .  
 _DFM_        Model Degrees of Freedom                   1.00               .                 .  
 _DFE_        Degrees of Freedom for Error              16.00               .                 .  
 _ASE_        Average Squared Error              177114780.80      314268023.35      305760401.43
 _RASE_       Root Average Squared Error             13308.45          17727.61          17486.01
 _DIV_        Divisor for ASE                           17.00            109.00            109.00
 _SSE_        Sum of Squared Errors             3010951273.52    34255214545.63    33327883756.02
 _MSE_        Mean Squared Error                 188184454.60      314268023.35      305760401.43
 _RMSE_       Root Mean Squared Error                13718.03          17727.61          17486.01
 _AVERR_      Average Error Function             177114780.80      314268023.35      305760401.43
 _ERR_        Error Function                    3010951273.52    34255214545.63    33327883756.02
 _MAX_        Maximum Absolute Error                 31012.68          59535.32          56978.81
 _FPE_        Final Prediction Error             199254128.39               .                 .  
 _RFPE_       Root Final Prediction Error            14115.74               .                 .  
 _AIC_        Akaike's Information Criterion           324.87               .                 .  
 _SBC_        Schwarz's Bayesian Criterion             325.70               .                 .  
 
                                                                                                                                                                                                                                                                
 
 
Assessment Score Rankings

Data Role=TRAIN Target Variable=SalePrice Target Label=SalePrice

           Number of       Mean         Mean
Depth    Observations     Target     Predicted

   5           21        87226.90     76805.32
  20          108        74001.07     68677.81


Data Role=VALIDATE Target Variable=SalePrice Target Label=SalePrice

           Number of       Mean         Mean
Depth    Observations     Target     Predicted

   5          20         73522.10     76805.32
  20          89         72939.90     68677.81
 
                                                                                                                                                                                                                                                                
 
 
Assessment Score Distribution

Data Role=TRAIN Target Variable=SalePrice Target Label=SalePrice

                            Mean         Mean        Number of       Model
 Range for Predicted       Target     Predicted    Observations      Score

76398.948 -  76805.324    87226.90     76805.32          21        76602.14
68677.806 -  69084.181    74001.07     68677.81         108        68880.99


Data Role=VALIDATE Target Variable=SalePrice Target Label=SalePrice

                            Mean         Mean        Number of       Model
 Range for Predicted       Target     Predicted    Observations      Score

76398.948 -  76805.324    73522.10     76805.32         20         76602.14
68677.806 -  69084.181    72939.90     68677.81         89         68880.99
