MPRINT(EM_DIAGRAM):    data _null_;
MPRINT(EM_DIAGRAM):   call symput('NLDATE', strip(put(date(), NLDATE.)));
MPRINT(EM_DIAGRAM):   call symput('NLTIME', strip(put(datetime(), NLTIME.)));
MPRINT(EM_DIAGRAM):   run;
MPRINT(EM_DIAGRAM):   data _null_;
MPRINT(EM_DIAGRAM):   nldate= sasmsg("sashelp.dmine", "log_date_note", 'N', "November 16, 2015" );
MPRINT(EM_DIAGRAM):   nltime= sasmsg("sashelp.dmine", "log_time_note", 'N', "13:52:17" );
MPRINT(EM_DIAGRAM):   put "*------------------------------------------------------------*";
MPRINT(EM_DIAGRAM):   put "* Training Log";
MPRINT(EM_DIAGRAM):   put nldate;
MPRINT(EM_DIAGRAM):   put nltime;
MPRINT(EM_DIAGRAM):   put "*------------------------------------------------------------*";
MPRINT(EM_DIAGRAM):   run;
*------------------------------------------------------------*
* Training Log
Date:                November 16, 2015
Time:                13:52:17
*------------------------------------------------------------*
MPRINT(EM_DIAGRAM):    filename O1B9116D "C:\Users\bteric01\Documents\Tutorials_Projects\Project_4\Workspaces\EMWS1\Stat\EMTRAIN.out" encoding="UTF-8" NOBOM;
MPRINT(EM_DIAGRAM):   proc printto print=O1B9116D new;
MPRINT(EM_DIAGRAM):   run;
MPRINT(EM_DIAGRAM):    filename _LOG "C:\Users\bteric01\Documents\Tutorials_Projects\Project_4\Workspaces\EMWS1\Stat\EMLOG.log" encoding="UTF-8" NOBOM;
MPRINT(EM_DIAGRAM):    data _null_;
MPRINT(EM_DIAGRAM):   call symput('NLDATE', strip(put(date(), NLDATE.)));
MPRINT(EM_DIAGRAM):   call symput('NLTIME', strip(put(datetime(), NLTIME.)));
MPRINT(EM_DIAGRAM):   run;
MPRINT(EM_DIAGRAM):   data _null_;
MPRINT(EM_DIAGRAM):   nldate= sasmsg("sashelp.dmine", "log_date_note", 'N', "November 16, 2015" );
MPRINT(EM_DIAGRAM):   nltime= sasmsg("sashelp.dmine", "log_time_note", 'N', "13:52:17" );
MPRINT(EM_DIAGRAM):   file _LOG;
MPRINT(EM_DIAGRAM):   put "*------------------------------------------------------------*";
MPRINT(EM_DIAGRAM):   put "User:                bteric01";
MPRINT(EM_DIAGRAM):   put nldate;
MPRINT(EM_DIAGRAM):   put nltime;
MPRINT(EM_DIAGRAM):   put "Site:                70080760";
MPRINT(EM_DIAGRAM):   put "Platform:            X64_7PRO";
MPRINT(EM_DIAGRAM):   put "Maintenance Release: 9.04.01M1P120413";
MPRINT(EM_DIAGRAM):   put "EM Version:          13.1";
MPRINT(EM_DIAGRAM):   put "* ";
MPRINT(EM_DIAGRAM):   run;
MPRINT(EM_DIAGRAM):    filename _LOGIN "C:\Users\bteric01\Documents\Tutorials_Projects\Project_4\Workspaces\EMWS1\Stat\EMTRAIN.log" encoding="UTF-8" NOBOM;
MPRINT(EM_COPYFILE):   data _null_;
MPRINT(EM_COPYFILE):   length line $20000;
MPRINT(EM_COPYFILE):   file _LOG MOD lrecl=20000;
MPRINT(EM_COPYFILE):   fid=fopen("_LOGIN",'i',20000,'v');
MPRINT(EM_COPYFILE):   if fid > 0 then do;
MPRINT(EM_COPYFILE):   do while(^fread(fid));
MPRINT(EM_COPYFILE):   rlen = frlen(fid);
MPRINT(EM_COPYFILE):   rc= fget(fid,line,20000);
MPRINT(EM_COPYFILE):   start = length(line)-length(left(line))+1;
MPRINT(EM_COPYFILE):   line=strip(line);
MPRINT(EM_COPYFILE):   put @start line;
MPRINT(EM_COPYFILE):   end;
MPRINT(EM_COPYFILE):   if fid > 0 then rc=fclose(fid);
MPRINT(EM_COPYFILE):   end;
MPRINT(EM_COPYFILE):   run;
MPRINT(EM_DIAGRAM):  ;
MPRINT(EM_DIAGRAM):   filename _LOGIN;
MPRINT(EM_DIAGRAM):    data _null_;
MPRINT(EM_DIAGRAM):   file _LOG mod;
MPRINT(EM_DIAGRAM):   put _page_;
MPRINT(EM_DIAGRAM):   run;
MPRINT(EM_DIAGRAM):   filename _LOGIN "C:\Users\bteric01\Documents\Tutorials_Projects\Project_4\Workspaces\EMWS1\Stat\EMSCORE.log" encoding="UTF-8" NOBOM;
MPRINT(EM_DIAGRAM):  ;
MPRINT(EM_DIAGRAM):   data _null_;
MPRINT(EM_DIAGRAM):   file _LOG mod;
MPRINT(EM_DIAGRAM):   put _page_;
MPRINT(EM_DIAGRAM):   run;
MPRINT(EM_DIAGRAM):    filename _LOGIN "C:\Users\bteric01\Documents\Tutorials_Projects\Project_4\Workspaces\EMWS1\Stat\EMREPORT.log" encoding="UTF-8" NOBOM;
MPRINT(EM_DIAGRAM):  ;
MPRINT(EM_DIAGRAM):   filename _LOGIN;
MPRINT(EM_DIAGRAM):    filename _LOG;
MPRINT(EM_DIAGRAM):    filename _OUT "C:\Users\bteric01\Documents\Tutorials_Projects\Project_4\Workspaces\EMWS1\Stat\EMOUTPUT.out" encoding="UTF-8" NOBOM;
MPRINT(EM_DIAGRAM):    data _null_;
MPRINT(EM_DIAGRAM):   call symput('NLDATE', strip(put(date(), NLDATE.)));
MPRINT(EM_DIAGRAM):   call symput('NLTIME', strip(put(datetime(), NLTIME.)));
MPRINT(EM_DIAGRAM):   run;
MPRINT(EM_DIAGRAM):   data _null_;
MPRINT(EM_DIAGRAM):   nldate= sasmsg("sashelp.dmine", "log_date_note", 'N', "November 16, 2015" );
MPRINT(EM_DIAGRAM):   nltime= sasmsg("sashelp.dmine", "log_time_note", 'N', "13:52:17" );
MPRINT(EM_DIAGRAM):   file _OUT;
MPRINT(EM_DIAGRAM):   put "*------------------------------------------------------------*";
MPRINT(EM_DIAGRAM):   put "User:                bteric01";
MPRINT(EM_DIAGRAM):   put nldate;
MPRINT(EM_DIAGRAM):   put nltime;
MPRINT(EM_DIAGRAM):   put "*------------------------------------------------------------*";
MPRINT(EM_DIAGRAM):   put "* Training Output";
MPRINT(EM_DIAGRAM):   put "*------------------------------------------------------------*";
MPRINT(EM_DIAGRAM):   run;
MPRINT(EM_DIAGRAM):    filename _OUTIN "C:\Users\bteric01\Documents\Tutorials_Projects\Project_4\Workspaces\EMWS1\Stat\EMTRAIN.out" encoding="UTF-8" NOBOM;
MPRINT(EM_DIAGRAM):   ;
MPRINT(EM_COPYFILE):   data _null_;
MPRINT(EM_COPYFILE):   length line $20000;
MPRINT(EM_COPYFILE):   file _OUT MOD lrecl=20000;
MPRINT(EM_COPYFILE):   fid=fopen("_OUTIN",'i',20000,'v');
MPRINT(EM_COPYFILE):   if fid > 0 then do;
MPRINT(EM_COPYFILE):   do while(^fread(fid));
MPRINT(EM_COPYFILE):   rlen = frlen(fid);
MPRINT(EM_COPYFILE):   rc= fget(fid,line,20000);
MPRINT(EM_COPYFILE):   start = length(line)-length(left(line))+1;
MPRINT(EM_COPYFILE):   line=strip(line);
MPRINT(EM_COPYFILE):   put @start line;
MPRINT(EM_COPYFILE):   end;
MPRINT(EM_COPYFILE):   if fid > 0 then rc=fclose(fid);
MPRINT(EM_COPYFILE):   end;
MPRINT(EM_COPYFILE):   run;
MPRINT(EM_DIAGRAM):  ;
MPRINT(EM_DIAGRAM):   filename _OUTIN;
MPRINT(EM_DIAGRAM):    data _null_;
MPRINT(EM_DIAGRAM):   file _OUT mod;
MPRINT(EM_DIAGRAM):   put _page_;
MPRINT(EM_DIAGRAM):   put // "*------------------------------------------------------------*";
MPRINT(EM_DIAGRAM):   put "* Score Output";
MPRINT(EM_DIAGRAM):   put "*------------------------------------------------------------*";
MPRINT(EM_DIAGRAM):   run;
MPRINT(EM_DIAGRAM):    filename _OUTIN "C:\Users\bteric01\Documents\Tutorials_Projects\Project_4\Workspaces\EMWS1\Stat\EMSCORE.out" encoding="UTF-8" NOBOM;
MPRINT(EM_DIAGRAM):  ;
MPRINT(EM_DIAGRAM):   filename _OUTIN;
MPRINT(EM_DIAGRAM):    data _null_;
MPRINT(EM_DIAGRAM):   file _OUT mod;
MPRINT(EM_DIAGRAM):   put _page_;
MPRINT(EM_DIAGRAM):   put // "*------------------------------------------------------------*";
MPRINT(EM_DIAGRAM):   put "* Report Output";
MPRINT(EM_DIAGRAM):   put "*------------------------------------------------------------*";
MPRINT(EM_DIAGRAM):   run;
MPRINT(EM_DIAGRAM):    filename _OUTIN "C:\Users\bteric01\Documents\Tutorials_Projects\Project_4\Workspaces\EMWS1\Stat\EMREPORT.out" encoding="UTF-8" NOBOM;
MPRINT(EM_DIAGRAM):  ;
MPRINT(EM_DIAGRAM):   filename _OUTIN;
MPRINT(EM_DIAGRAM):    filename _OUT;
MPRINT(EM_DIAGRAM):    filename _emtool_ 'C:\Users\bteric01\Documents\Tutorials_Projects\Project_4\Workspaces\EMWS1\Stat\EMRUNSTATUS.xml' encoding="UTF-8" NOBOM;
MPRINT(EM_DIAGRAM):    filename _emtool_ 'C:\Users\bteric01\Documents\Tutorials_Projects\Project_4\Workspaces\EMWS1\Stat\EMRUNSTATUS.xml' encoding="UTF-8" NOBOM;
21059      proc freq data=EMWS1.Stat_VariableSet noprint;
MPRINT(EM_DIAGRAM):    proc freq data=EMWS1.Stat_VariableSet noprint;
21060      table ROLE*LEVEL/out=WORK.StatMETA;
MPRINT(EM_DIAGRAM):   table ROLE*LEVEL/out=WORK.StatMETA;
21061      run;
MPRINT(EM_DIAGRAM):   run;

NOTE: There were 17 observations read from the data set EMWS1.STAT_VARIABLESET.
NOTE: The data set WORK.STATMETA has 4 observations and 4 variables.
NOTE: PROCEDURE FREQ used (Total process time):
      real time           0.03 seconds
      cpu time            0.03 seconds
      

21062      proc print data=WORK.StatMETA label noobs;
MPRINT(EM_DIAGRAM):   proc print data=WORK.StatMETA label noobs;
21063      var ROLE LEVEL COUNT;
MPRINT(EM_DIAGRAM):   var ROLE LEVEL COUNT;
21064      label ROLE = "%sysfunc(sasmsg(sashelp.dmine, meta_role_vlabel, NOQUOTE))" LEVEL = "%sysfunc(sasmsg(sashelp.dmine, meta_level_vlabel, NOQUOTE))" COUNT = "%sysfunc(sasmsg(sashelp.dmine, rpt_count_vlabel, NOQUOTE))";
MPRINT(EM_DIAGRAM):   label ROLE = "Role" LEVEL = "Measurement Level" COUNT = "Frequency Count";
21065      title9 ' ';
MPRINT(EM_DIAGRAM):   title9 ' ';
21066      title10 "%sysfunc(sasmsg(sashelp.dmine, rpt_varSummary_title  , NOQUOTE))";
MPRINT(EM_DIAGRAM):   title10 "Variable Summary";
MPRINT(EM_DIAGRAM):   run;
21067      run;

NOTE: There were 4 observations read from the data set WORK.STATMETA.
NOTE: The PROCEDURE PRINT printed page 1.
NOTE: PROCEDURE PRINT used (Total process time):
      real time           0.03 seconds
      cpu time            0.03 seconds
      

21068      title10;
MPRINT(EM_DIAGRAM):   title10;
21069      data WORK.M0_BCIJW;
MPRINT(EM_DIAGRAM):    data WORK.M0_BCIJW;
21070      set WORK.M0_BCIJW;
MPRINT(EM_DIAGRAM):   set WORK.M0_BCIJW;
21071      where((role in('TARGET' 'FREQ' 'INPUT') and use in('D','Y')) or (role = 'REJECTED' and use = 'Y'));
MPRINT(EM_DIAGRAM):   where((role in('TARGET' 'FREQ' 'INPUT') and use in('D','Y')) or (role = 'REJECTED' and use = 'Y'));
21072      if ROLE = 'REJECTED' then role = 'INPUT';
MPRINT(EM_DIAGRAM):   if ROLE = 'REJECTED' then role = 'INPUT';
21073      run;
MPRINT(EM_DIAGRAM):   run;

NOTE: There were 17 observations read from the data set WORK.M0_BCIJW.
      WHERE (role in ('FREQ', 'INPUT', 'TARGET') and use in ('D', 'Y')) or ((role='REJECTED') and (use='Y'));
NOTE: The data set WORK.M0_BCIJW has 17 observations and 21 variables.
NOTE: DATA statement used (Total process time):
      real time           0.00 seconds
      cpu time            0.00 seconds
      

21074      *------------------------------------------------------------*;
MPRINT(EM_DIAGRAM):    *------------------------------------------------------------*;
21075      * Stat: Determining Analysis Variables;
MPRINT(EM_DIAGRAM):   * Stat: Determining Analysis Variables;
21076      *------------------------------------------------------------*;
MPRINT(EM_DIAGRAM):   *------------------------------------------------------------*;
21077      *------------------------------------------------------------*;
MPRINT(EM_DIAGRAM):   *------------------------------------------------------------*;
21078      * Stat: Creating Macros for Variable Selection;
MPRINT(EM_DIAGRAM):   * Stat: Creating Macros for Variable Selection;
21079      *------------------------------------------------------------*;
MPRINT(EM_DIAGRAM):   *------------------------------------------------------------*;
21080      *------------------------------------------------------------* ;
MPRINT(EM_DIAGRAM):   *------------------------------------------------------------* ;
21081      * Stat: Interval Input Variables Macro ;
MPRINT(EM_DIAGRAM):   * Stat: Interval Input Variables Macro ;
21082      *------------------------------------------------------------* ;
MPRINT(EM_DIAGRAM):   *------------------------------------------------------------* ;
21083      %macro INTINPUTS;
21084          Age Basement Baths FirePlace FirstFloor GarageSize SecondFloor TotalArea
21085         UpperArea
21086      %mend INTINPUTS;
21087      *------------------------------------------------------------*;
MPRINT(EM_DIAGRAM):   *------------------------------------------------------------*;
21088      * Stat: Creating Macros for Variable Selection;
MPRINT(EM_DIAGRAM):   * Stat: Creating Macros for Variable Selection;
21089      *------------------------------------------------------------*;
MPRINT(EM_DIAGRAM):   *------------------------------------------------------------*;
21090      *------------------------------------------------------------* ;
MPRINT(EM_DIAGRAM):   *------------------------------------------------------------* ;
21091      * Stat: Binary and Nominal Input Variables Macro ;
MPRINT(EM_DIAGRAM):   * Stat: Binary and Nominal Input Variables Macro ;
21092      *------------------------------------------------------------* ;
MPRINT(EM_DIAGRAM):   *------------------------------------------------------------* ;
21093      %macro NOMINPUTS;
21094          BasementType CentralAir ConstructionType GarageType LotSize Neighborhood
21095         WallType
21096      %mend NOMINPUTS;
21097      *------------------------------------------------------------*;
MPRINT(EM_DIAGRAM):   *------------------------------------------------------------*;
21098      * Stat: Creating Macros for Variable Selection;
MPRINT(EM_DIAGRAM):   * Stat: Creating Macros for Variable Selection;
21099      *------------------------------------------------------------*;
MPRINT(EM_DIAGRAM):   *------------------------------------------------------------*;
21100      *------------------------------------------------------------* ;
MPRINT(EM_DIAGRAM):   *------------------------------------------------------------* ;
21101      * Stat: Ordinal Input Variables Macro ;
MPRINT(EM_DIAGRAM):   * Stat: Ordinal Input Variables Macro ;
21102      *------------------------------------------------------------* ;
MPRINT(EM_DIAGRAM):   *------------------------------------------------------------* ;
21103      %macro ORDINPUTS;
21104      
21105      %mend ORDINPUTS;
21106      data work.EM_Stat_tree / view=work.EM_Stat_tree;
MPRINT(EM_DIAGRAM):   data work.EM_Stat_tree / view=work.EM_Stat_tree;
21107      set EMWS1.Filter_TRAIN(obs=100000
MPRINT(EM_DIAGRAM):   set EMWS1.Filter_TRAIN(obs=100000 keep
21107    !                                   keep=%INTINPUTS %ORDINPUTS %NOMINPUTS SalePrice);
MPRINT(EM_DIAGRAM):  =Age Basement Baths FirePlace FirstFloor GarageSize SecondFloor TotalArea UpperArea BasementType CentralAir ConstructionType GarageType LotSize Neighborhood WallType SalePrice);
21108      run;
MPRINT(EM_DIAGRAM):   run;

NOTE: DATA STEP view saved on file WORK.EM_STAT_TREE.
NOTE: A stored DATA STEP view cannot run under a different operating system.
NOTE: View EMWS1.FILTER_TRAIN.VIEW used (Total process time):
      real time           0.10 seconds
      cpu time            0.11 seconds
      
NOTE: DATA statement used (Total process time):
      real time           0.12 seconds
      cpu time            0.12 seconds
      

21109      proc arbor data=EMWS1.Filter_TRAIN(obs=100000
MPRINT(EM_DIAGRAM):   proc arbor data=EMWS1.Filter_TRAIN(obs=100000 keep
21109    !                                               keep=%INTINPUTS %ORDINPUTS %NOMINPUTS SalePrice) Criterion=VARIANCE Leafsize=5 Mincatsize = 5 Maxbranch=5 Maxdepth=1 Padjust= NONE NORULELIMIT MAXRULES=16 MAXSURRS=0 Missing=USEINSEARCH
21109    ! Exhaustive=5000;
MPRINT(EM_DIAGRAM):  =Age Basement Baths FirePlace FirstFloor GarageSize SecondFloor TotalArea UpperArea BasementType CentralAir ConstructionType GarageType LotSize Neighborhood WallType SalePrice) Criterion=VARIANCE Leafsize=5 Mincatsize = 5 Maxbranch=5 
Maxdepth=1 Padjust= NONE NORULELIMIT MAXRULES=16 MAXSURRS=0 Missing=USEINSEARCH Exhaustive=5000;
WARNING: PADJUST and PVAR options are ignored with this splitting criterion.
MPRINT(EM_DIAGRAM):   input
21110      input %INTINPUTS / level = interval;
MPRINT(INTINPUTS):   Age Basement Baths FirePlace FirstFloor GarageSize SecondFloor TotalArea UpperArea
MPRINT(EM_DIAGRAM):   / level = interval;
MPRINT(EM_DIAGRAM):   input
21111      input %NOMINPUTS / level=nominal;
MPRINT(NOMINPUTS):   BasementType CentralAir ConstructionType GarageType LotSize Neighborhood WallType
MPRINT(EM_DIAGRAM):   / level=nominal;
21112      target SalePrice / level=INTERVAL;
MPRINT(EM_DIAGRAM):   target SalePrice / level=INTERVAL;
21113      Performance Disk NodeSize=10000;
MPRINT(EM_DIAGRAM):   Performance Disk NodeSize=10000;
21114      Assess NoValidata measure=ASE;
MPRINT(EM_DIAGRAM):   Assess NoValidata measure=ASE;
NOTE: 1543496 kilobytes of physical memory.
NOTE: Will use 326 out of 326 training cases.
NOTE: Using memory pool with 49019904 bytes.
NOTE: Passed training data 2 times.
NOTE: Training used 153488 bytes of work memory.
NOTE: The subtree sequence contains 2 subtrees. The largest has 6 nodes and 5 leaves.
NOTE: Using subtree with 6 nodes and 5 leaves.
21115      SUBTREE BEST;
MPRINT(EM_DIAGRAM):   SUBTREE BEST;
NOTE: Using subtree with 6 nodes and 5 leaves.
21116      save RULES=WORK.Stat_RULE;
MPRINT(EM_DIAGRAM):   save RULES=WORK.Stat_RULE;
NOTE: The data set WORK.STAT_RULE has 120 observations and 6 variables.
21117      run;
MPRINT(EM_DIAGRAM):   run;

21118      quit;
MPRINT(EM_DIAGRAM):   quit;

NOTE: There were 363 observations read from the data set EMWS1.FIMPORT_DATA.
NOTE: View EMWS1.FILTER_TRAIN.VIEW used (Total process time):
      real time           0.48 seconds
      cpu time            0.21 seconds
      
NOTE: There were 363 observations read from the data set EMWS1.FIMPORT_TRAIN.
NOTE: There were 326 observations read from the data set EMWS1.FILTER_TRAIN.
NOTE: PROCEDURE ARBOR used (Total process time):
      real time           0.60 seconds
      cpu time            0.25 seconds
      

21119      data WORK.Stat_RULE(keep=Target Name Rank Numeric_Value StatVar rename=(numeric_value=Worth));
MPRINT(EM_DIAGRAM):    data WORK.Stat_RULE(keep=Target Name Rank Numeric_Value StatVar rename=(numeric_value=Worth));
21120      label Target = "%sysfunc(sasmsg(sashelp.dmine, rpt_target_vlabel,      NOQUOTE))" Name = "%sysfunc(sasmsg(sashelp.dmine, rpt_variable_vlabel,    NOQUOTE))" Rank = "%sysfunc(sasmsg(sashelp.dmine, rpt_importance_vlabel,  NOQUOTE))" Numeric_Value =
21121         "%sysfunc(sasmsg(sashelp.dmine, rpt_worth_vlabel,       NOQUOTE))" StatVar = "%sysfunc(sasmsg(sashelp.dmine, rpt_analysisVar_vlabel, NOQUOTE))";
MPRINT(EM_DIAGRAM):   label Target = "Target" Name = "Variable" Rank = "Importance" Numeric_Value = "Worth" StatVar = "Analysis Variable";
21122      length Target $32 Name $32;
MPRINT(EM_DIAGRAM):   length Target $32 Name $32;
21123      retain TARGET "SalePrice" Name;
MPRINT(EM_DIAGRAM):   retain TARGET "SalePrice" Name;
21124      format STATVAR 6.0;
MPRINT(EM_DIAGRAM):   format STATVAR 6.0;
21125      set WORK.Stat_RULE;
MPRINT(EM_DIAGRAM):   set WORK.Stat_RULE;
21126      where stat in('VARIABLE','WORTH');
MPRINT(EM_DIAGRAM):   where stat in('VARIABLE','WORTH');
21127      if stat = 'VARIABLE' then Name = character_value;
MPRINT(EM_DIAGRAM):   if stat = 'VARIABLE' then Name = character_value;
21128      else do;
MPRINT(EM_DIAGRAM):   else do;
21129      if _N_<= 2*1000 then STATVAR=1;
MPRINT(EM_DIAGRAM):   if _N_<= 2*1000 then STATVAR=1;
21130      else STATVAR=0;
MPRINT(EM_DIAGRAM):   else STATVAR=0;
21131      output;
MPRINT(EM_DIAGRAM):   output;
21132      end;
MPRINT(EM_DIAGRAM):   end;
21133      run;
MPRINT(EM_DIAGRAM):   run;

NOTE: There were 30 observations read from the data set WORK.STAT_RULE.
      WHERE stat in ('VARIABLE', 'WORTH');
NOTE: The data set WORK.STAT_RULE has 15 observations and 5 variables.
NOTE: DATA statement used (Total process time):
      real time           0.03 seconds
      cpu time            0.01 seconds
      

21134      proc append base=EMWS1.Stat_WORTH data=WORK.Stat_RULE force;
MPRINT(EM_DIAGRAM):   proc append base=EMWS1.Stat_WORTH data=WORK.Stat_RULE force;
21135      run;
MPRINT(EM_DIAGRAM):   run;

NOTE: Appending WORK.STAT_RULE to EMWS1.STAT_WORTH.
NOTE: BASE data set does not exist. DATA file is being copied to BASE file.
NOTE: There were 15 observations read from the data set WORK.STAT_RULE.
NOTE: The data set EMWS1.STAT_WORTH has 15 observations and 5 variables.
NOTE: PROCEDURE APPEND used (Total process time):
      real time           0.01 seconds
      cpu time            0.01 seconds
      

21136      proc sort data=EMWS1.Stat_WORTH nodupkey out=WORK.Stat_SELVAR(keep=Name StatVar);
MPRINT(EM_DIAGRAM):    proc sort data=EMWS1.Stat_WORTH nodupkey out=WORK.Stat_SELVAR(keep=Name StatVar);
21137      by NAME;
MPRINT(EM_DIAGRAM):   by NAME;
21138      where statvar=1;
MPRINT(EM_DIAGRAM):   where statvar=1;
21139      run;
MPRINT(EM_DIAGRAM):   run;

NOTE: There were 15 observations read from the data set EMWS1.STAT_WORTH.
      WHERE statvar=1;
NOTE: 0 observations with duplicate key values were deleted.
NOTE: The data set WORK.STAT_SELVAR has 15 observations and 2 variables.
NOTE: PROCEDURE SORT used (Total process time):
      real time           0.01 seconds
      cpu time            0.01 seconds
      

21140      proc sort data=EMWS1.Stat_WORTH;
MPRINT(EM_DIAGRAM):    proc sort data=EMWS1.Stat_WORTH;
21141      by Rank;
MPRINT(EM_DIAGRAM):   by Rank;
21142      where statvar=1;
MPRINT(EM_DIAGRAM):   where statvar=1;
21143      run;
MPRINT(EM_DIAGRAM):   run;

NOTE: There were 15 observations read from the data set EMWS1.STAT_WORTH.
      WHERE statvar=1;
NOTE: The data set EMWS1.STAT_WORTH has 15 observations and 5 variables.
NOTE: PROCEDURE SORT used (Total process time):
      real time           0.01 seconds
      cpu time            0.01 seconds
      

21144      proc sort data=WORK.M2PZ18RS;
MPRINT(EM_DIAGRAM):    proc sort data=WORK.M2PZ18RS;
21145      by name;
MPRINT(EM_DIAGRAM):   by name;
21146      run;
MPRINT(EM_DIAGRAM):   run;

NOTE: There were 17 observations read from the data set WORK.M2PZ18RS.
NOTE: The data set WORK.M2PZ18RS has 17 observations and 21 variables.
NOTE: PROCEDURE SORT used (Total process time):
      real time           0.01 seconds
      cpu time            0.01 seconds
      

21147      data WORK.Stat_analysisMeta;
MPRINT(EM_DIAGRAM):   data WORK.Stat_analysisMeta;
21148      merge WORK.M2PZ18RS WORK.Stat_SELVAR(in=_a);
MPRINT(EM_DIAGRAM):   merge WORK.M2PZ18RS WORK.Stat_SELVAR(in=_a);
21149      by name;
MPRINT(EM_DIAGRAM):   by name;
21150      if _a then STATVAR = 1;
MPRINT(EM_DIAGRAM):   if _a then STATVAR = 1;
21151      else if ROLE in('INPUT', 'REJECTED') and REPORT ne 'Y' then delete;
MPRINT(EM_DIAGRAM):   else if ROLE in('INPUT', 'REJECTED') and REPORT ne 'Y' then delete;
21152      if REPORT eq 'Y' then STATVAR = 1;
MPRINT(EM_DIAGRAM):   if REPORT eq 'Y' then STATVAR = 1;
21153      run;
MPRINT(EM_DIAGRAM):   run;

NOTE: There were 17 observations read from the data set WORK.M2PZ18RS.
NOTE: There were 15 observations read from the data set WORK.STAT_SELVAR.
NOTE: The data set WORK.STAT_ANALYSISMETA has 16 observations and 22 variables.
NOTE: DATA statement used (Total process time):
      real time           0.01 seconds
      cpu time            0.01 seconds
      

21154      data WORK.M0SWI3OE;
MPRINT(EM_DIAGRAM):    data WORK.M0SWI3OE;
21155      set WORK.M0SWI3OE;
MPRINT(EM_DIAGRAM):   set WORK.M0SWI3OE;
21156      where(use = 'Y' or Report='Y' or (role in('TARGET' 'FREQ' 'PREDICT' 'RESIDUAL' 'INPUT') and use = 'D'));
MPRINT(EM_DIAGRAM):   where(use = 'Y' or Report='Y' or (role in('TARGET' 'FREQ' 'PREDICT' 'RESIDUAL' 'INPUT') and use = 'D'));
21157      if ROLE = 'SEGMENT' then delete;
MPRINT(EM_DIAGRAM):   if ROLE = 'SEGMENT' then delete;
21158      else if ROLE ^in('FREQ','TARGET') then role = 'INPUT';
MPRINT(EM_DIAGRAM):   else if ROLE ^in('FREQ','TARGET') then role = 'INPUT';
21159      run;
MPRINT(EM_DIAGRAM):   run;

NOTE: There were 16 observations read from the data set WORK.M0SWI3OE.
      WHERE (use='Y') or (Report='Y') or (role in ('FREQ', 'INPUT', 'PREDICT', 'RESIDUAL', 'TARGET') and (use='D'));
NOTE: The data set WORK.M0SWI3OE has 16 observations and 22 variables.
NOTE: DATA statement used (Total process time):
      real time           0.01 seconds
      cpu time            0.01 seconds
      

21160      data WORK.M1W4OSW9;
MPRINT(EM_DIAGRAM):    data WORK.M1W4OSW9;
21161      set WORK.M1W4OSW9;
MPRINT(EM_DIAGRAM):   set WORK.M1W4OSW9;
21162      where(use = 'Y' or Report='Y' or (role in('SEGMENT', 'TARGET' 'FREQ' 'PREDICT' 'RESIDUAL' 'INPUT') and use = 'D'));
MPRINT(EM_DIAGRAM):   where(use = 'Y' or Report='Y' or (role in('SEGMENT', 'TARGET' 'FREQ' 'PREDICT' 'RESIDUAL' 'INPUT') and use = 'D'));
21163      if ROLE ne 'FREQ' then role = 'INPUT';
MPRINT(EM_DIAGRAM):   if ROLE ne 'FREQ' then role = 'INPUT';
21164      run;
MPRINT(EM_DIAGRAM):   run;

NOTE: There were 16 observations read from the data set WORK.M1W4OSW9.
      WHERE (use='Y') or (Report='Y') or (role in ('FREQ', 'INPUT', 'PREDICT', 'RESIDUAL', 'SEGMENT', 'TARGET') and (use='D'));
NOTE: The data set WORK.M1W4OSW9 has 16 observations and 22 variables.
NOTE: DATA statement used (Total process time):
      real time           0.01 seconds
      cpu time            0.01 seconds
      

21165      *------------------------------------------------------------*;
MPRINT(EM_DIAGRAM):    *------------------------------------------------------------*;
21166      * Stat: Computing Statistics for Interval Variables;
MPRINT(EM_DIAGRAM):   * Stat: Computing Statistics for Interval Variables;
21167      *------------------------------------------------------------*;
MPRINT(EM_DIAGRAM):   *------------------------------------------------------------*;
21168      proc dmdb data=EMWS1.Filter_TRAIN(obs=100000) nonorm maxlevel=513
21169      varout=work._DMDBVAR(RENAME=(NAME=VARIABLE))
21170      classout=WORK.StatCLASS(drop=NMISSPERCENT rename=(NAME=VARIABLE FREQUENCY=COUNT FREQPERCENT=PERCENT))
21171      ;
MPRINT(EM_DIAGRAM):   proc dmdb data=EMWS1.Filter_TRAIN(obs=100000) nonorm maxlevel=513 varout=work._DMDBVAR(RENAME=(NAME=VARIABLE)) classout=WORK.StatCLASS(drop=NMISSPERCENT rename=(NAME=VARIABLE FREQUENCY=COUNT FREQPERCENT=PERCENT)) ;
21172      var
21173      Age Basement Baths FirePlace FirstFloor GarageSize SalePrice SecondFloor
21174      TotalArea UpperArea
21175      ;
MPRINT(EM_DIAGRAM):   var Age Basement Baths FirePlace FirstFloor GarageSize SalePrice SecondFloor TotalArea UpperArea ;
21176      class
21177      BasementType CentralAir ConstructionType GarageType Neighborhood WallType
21178      ;
MPRINT(EM_DIAGRAM):   class BasementType CentralAir ConstructionType GarageType Neighborhood WallType ;
21179      ;
MPRINT(EM_DIAGRAM):   ;
21180      run;
MPRINT(EM_DIAGRAM):   run;

NOTE: Records processed = 326   Memory used = 511K.
NOTE: There were 363 observations read from the data set EMWS1.FIMPORT_DATA.
NOTE: View EMWS1.FILTER_TRAIN.VIEW used (Total process time):
      real time           0.07 seconds
      cpu time            0.07 seconds
      
NOTE: There were 363 observations read from the data set EMWS1.FIMPORT_TRAIN.
NOTE: There were 326 observations read from the data set EMWS1.FILTER_TRAIN.
NOTE: The data set WORK._DMDBVAR has 10 observations and 9 variables.
NOTE: The data set WORK.STATCLASS has 17 observations and 8 variables.
NOTE: PROCEDURE DMDB used (Total process time):
      real time           0.10 seconds
      cpu time            0.11 seconds
      

21181      proc stdize data = EMWS1.Filter_TRAIN(obs=100000) out=_null_ outstat=work._STDIZE add=0 fuzz=1E-14 initial=MAD vardef=df method=STD mult=1 pctlmtd=ORD_STAT pctldef=2 pctlpts=(0 5 50 95 100);
MPRINT(EM_DIAGRAM):   proc stdize data = EMWS1.Filter_TRAIN(obs=100000) out=_null_ outstat=work._STDIZE add=0 fuzz=1E-14 initial=MAD vardef=df method=STD mult=1 pctlmtd=ORD_STAT pctldef=2 pctlpts=(0 5 50 95 100);
21182      var
21183      Age Basement Baths FirePlace FirstFloor GarageSize SalePrice SecondFloor
21184      TotalArea UpperArea
21185      ;
MPRINT(EM_DIAGRAM):   var Age Basement Baths FirePlace FirstFloor GarageSize SalePrice SecondFloor TotalArea UpperArea ;
21186      run;
MPRINT(EM_DIAGRAM):   run;

NOTE: INITIAL= will be ignored.
NOTE: There were 363 observations read from the data set EMWS1.FIMPORT_DATA.
NOTE: View EMWS1.FILTER_TRAIN.VIEW used (Total process time):
      real time           0.17 seconds
      cpu time            0.17 seconds
      
NOTE: There were 363 observations read from the data set EMWS1.FIMPORT_TRAIN.
NOTE: There were 326 observations read from the data set EMWS1.FILTER_TRAIN.
NOTE: The data set WORK._STDIZE has 13 observations and 11 variables.
NOTE: PROCEDURE STDIZE used (Total process time):
      real time           0.18 seconds
      cpu time            0.18 seconds
      

21187      proc transpose data=work._STDIZE out=work._TRANSSTDIZE(drop=_LABEL_ rename=(_NAME_=VARIABLE));
MPRINT(EM_DIAGRAM):   proc transpose data=work._STDIZE out=work._TRANSSTDIZE(drop=_LABEL_ rename=(_NAME_=VARIABLE));
21188      id _type_;
MPRINT(EM_DIAGRAM):   id _type_;
21189      where _TYPE_='P50';
MPRINT(EM_DIAGRAM):   where _TYPE_='P50';
21190      run;
MPRINT(EM_DIAGRAM):   run;

NOTE: There were 1 observations read from the data set WORK._STDIZE.
      WHERE _TYPE_='P50';
NOTE: The data set WORK._TRANSSTDIZE has 10 observations and 2 variables.
NOTE: PROCEDURE TRANSPOSE used (Total process time):
      real time           0.01 seconds
      cpu time            0.01 seconds
      

21191      proc sort data=work._TRANSSTDIZE;
MPRINT(EM_DIAGRAM):   proc sort data=work._TRANSSTDIZE;
21192      by VARIABLE;
MPRINT(EM_DIAGRAM):   by VARIABLE;
21193      run;
MPRINT(EM_DIAGRAM):   run;

NOTE: There were 10 observations read from the data set WORK._TRANSSTDIZE.
NOTE: The data set WORK._TRANSSTDIZE has 10 observations and 2 variables.
NOTE: PROCEDURE SORT used (Total process time):
      real time           0.01 seconds
      cpu time            0.01 seconds
      

21194      proc sort data=work._DMDBVAR;
MPRINT(EM_DIAGRAM):   proc sort data=work._DMDBVAR;
21195      by VARIABLE;
MPRINT(EM_DIAGRAM):   by VARIABLE;
21196      run;
MPRINT(EM_DIAGRAM):   run;

NOTE: There were 10 observations read from the data set WORK._DMDBVAR.
NOTE: The data set WORK._DMDBVAR has 10 observations and 9 variables.
NOTE: PROCEDURE SORT used (Total process time):
      real time           0.00 seconds
      cpu time            0.00 seconds
      

21197      data WORK.StatINTERVAL;
MPRINT(EM_DIAGRAM):   data WORK.StatINTERVAL;
21198      merge work._TRANSSTDIZE work._DMDBVAR;
MPRINT(EM_DIAGRAM):   merge work._TRANSSTDIZE work._DMDBVAR;
21199      format N NMISS 8. MIN MAX P50 MEAN STD SKEWNESS KURTOSIS BEST8.3;
MPRINT(EM_DIAGRAM):   format N NMISS 8. MIN MAX P50 MEAN STD SKEWNESS KURTOSIS BEST8.3;
21200      by VARIABLE;
MPRINT(EM_DIAGRAM):   by VARIABLE;
21201      run;
MPRINT(EM_DIAGRAM):   run;

WARNING: Multiple lengths were specified for the BY variable VARIABLE by input data sets. This might cause unexpected results.
NOTE: There were 10 observations read from the data set WORK._TRANSSTDIZE.
NOTE: There were 10 observations read from the data set WORK._DMDBVAR.
NOTE: The data set WORK.STATINTERVAL has 10 observations and 10 variables.
NOTE: DATA statement used (Total process time):
      real time           0.00 seconds
      cpu time            0.00 seconds
      

21202      proc sort data=WORK.StatCLASS;
MPRINT(EM_DIAGRAM):    proc sort data=WORK.StatCLASS;
21203      by Variable Level;
MPRINT(EM_DIAGRAM):   by Variable Level;
21204      run;
MPRINT(EM_DIAGRAM):   run;

NOTE: There were 17 observations read from the data set WORK.STATCLASS.
NOTE: The data set WORK.STATCLASS has 17 observations and 8 variables.
NOTE: PROCEDURE SORT used (Total process time):
      real time           0.00 seconds
      cpu time            0.00 seconds
      

NOTE: There were 13 observations read from the data set WORK._STDIZE.
NOTE: The data set EMWS1.STAT_TRAINPCTLS has 13 observations and 11 variables.
21205      data colorindex;
MPRINT(EM_DIAGRAM):    data colorindex;
21206      retain LevelIndex 0;
MPRINT(EM_DIAGRAM):   retain LevelIndex 0;
21207      set WORK.StatCLASS(keep=Variable Level);
MPRINT(EM_DIAGRAM):   set WORK.StatCLASS(keep=Variable Level);
21208      by variable level;
MPRINT(EM_DIAGRAM):   by variable level;
21209      if first.variable then LevelIndex = 0;
MPRINT(EM_DIAGRAM):   if first.variable then LevelIndex = 0;
21210      if first.level then LevelIndex + 1;
MPRINT(EM_DIAGRAM):   if first.level then LevelIndex + 1;
21211      run;
MPRINT(EM_DIAGRAM):   run;

NOTE: There were 17 observations read from the data set WORK.STATCLASS.
NOTE: The data set WORK.COLORINDEX has 17 observations and 3 variables.
NOTE: DATA statement used (Total process time):
      real time           0.01 seconds
      cpu time            0.01 seconds
      

21212      data WORK.StatCLASS;
MPRINT(EM_DIAGRAM):    data WORK.StatCLASS;
21213      merge WORK.StatCLASS(in=_a) colorindex;
MPRINT(EM_DIAGRAM):   merge WORK.StatCLASS(in=_a) colorindex;
21214      by variable level;
MPRINT(EM_DIAGRAM):   by variable level;
21215      if _a then output;
MPRINT(EM_DIAGRAM):   if _a then output;
21216      run;
MPRINT(EM_DIAGRAM):   run;

NOTE: There were 17 observations read from the data set WORK.STATCLASS.
NOTE: There were 17 observations read from the data set WORK.COLORINDEX.
NOTE: The data set WORK.STATCLASS has 17 observations and 9 variables.
NOTE: DATA statement used (Total process time):
      real time           0.01 seconds
      cpu time            0.01 seconds
      

21217      data WORK.StatINTERVAL;
MPRINT(EM_DIAGRAM):    data WORK.StatINTERVAL;
21218      length DATAROLE $20;
MPRINT(EM_DIAGRAM):   length DATAROLE $20;
21219      retain DATAROLE "TRAIN";
MPRINT(EM_DIAGRAM):   retain DATAROLE "TRAIN";
21220      set WORK.StatINTERVAL;
MPRINT(EM_DIAGRAM):   set WORK.StatINTERVAL;
21221      run;
MPRINT(EM_DIAGRAM):   run;

NOTE: There were 10 observations read from the data set WORK.STATINTERVAL.
NOTE: The data set WORK.STATINTERVAL has 10 observations and 11 variables.
NOTE: DATA statement used (Total process time):
      real time           0.00 seconds
      cpu time            0.00 seconds
      

21222      proc append base=EMWS1.Stat_INTERVAL data=WORK.StatINTERVAL force;
MPRINT(EM_DIAGRAM):   proc append base=EMWS1.Stat_INTERVAL data=WORK.StatINTERVAL force;
21223      run;
MPRINT(EM_DIAGRAM):   run;

NOTE: Appending WORK.STATINTERVAL to EMWS1.STAT_INTERVAL.
NOTE: BASE data set does not exist. DATA file is being copied to BASE file.
NOTE: There were 10 observations read from the data set WORK.STATINTERVAL.
NOTE: The data set EMWS1.STAT_INTERVAL has 10 observations and 11 variables.
NOTE: PROCEDURE APPEND used (Total process time):
      real time           0.01 seconds
      cpu time            0.00 seconds
      

21224      data WORK.StatCLASS;
MPRINT(EM_DIAGRAM):    data WORK.StatCLASS;
21225      length DATAROLE $20;
MPRINT(EM_DIAGRAM):   length DATAROLE $20;
21226      retain DATAROLE "TRAIN";
MPRINT(EM_DIAGRAM):   retain DATAROLE "TRAIN";
21227      set WORK.StatCLASS;
MPRINT(EM_DIAGRAM):   set WORK.StatCLASS;
21228      run;
MPRINT(EM_DIAGRAM):   run;

NOTE: There were 17 observations read from the data set WORK.STATCLASS.
NOTE: The data set WORK.STATCLASS has 17 observations and 10 variables.
NOTE: DATA statement used (Total process time):
      real time           0.00 seconds
      cpu time            0.00 seconds
      

21229      proc append base=EMWS1.Stat_CLASS data=WORK.StatCLASS force;
MPRINT(EM_DIAGRAM):   proc append base=EMWS1.Stat_CLASS data=WORK.StatCLASS force;
21230      run;
MPRINT(EM_DIAGRAM):   run;

NOTE: Appending WORK.STATCLASS to EMWS1.STAT_CLASS.
NOTE: BASE data set does not exist. DATA file is being copied to BASE file.
NOTE: There were 17 observations read from the data set WORK.STATCLASS.
NOTE: The data set EMWS1.STAT_CLASS has 17 observations and 10 variables.
NOTE: PROCEDURE APPEND used (Total process time):
      real time           0.01 seconds
      cpu time            0.00 seconds
      

21231      proc sort data=EMWS1.Stat_VariableSet out=tempVariable(keep=name label role rename=(name=variable));
MPRINT(EM_DIAGRAM):    proc sort data=EMWS1.Stat_VariableSet out=tempVariable(keep=name label role rename=(name=variable));
21232      by name;
MPRINT(EM_DIAGRAM):   by name;
21233      run;
MPRINT(EM_DIAGRAM):   run;

NOTE: There were 17 observations read from the data set EMWS1.STAT_VARIABLESET.
NOTE: The data set WORK.TEMPVARIABLE has 17 observations and 3 variables.
NOTE: PROCEDURE SORT used (Total process time):
      real time           0.01 seconds
      cpu time            0.01 seconds
      

21234      proc sort data=EMWS1.Stat_CLASS;
MPRINT(EM_DIAGRAM):   proc sort data=EMWS1.Stat_CLASS;
21235      by Variable;
MPRINT(EM_DIAGRAM):   by Variable;
21236      run;
MPRINT(EM_DIAGRAM):   run;

NOTE: There were 17 observations read from the data set EMWS1.STAT_CLASS.
NOTE: The data set EMWS1.STAT_CLASS has 17 observations and 10 variables.
NOTE: PROCEDURE SORT used (Total process time):
      real time           0.01 seconds
      cpu time            0.01 seconds
      

21237      data EMWS1.Stat_CLASS;
MPRINT(EM_DIAGRAM):   data EMWS1.Stat_CLASS;
21238      merge EMWS1.Stat_CLASS(in=_a) tempVariable;
MPRINT(EM_DIAGRAM):   merge EMWS1.Stat_CLASS(in=_a) tempVariable;
21239      by variable;
MPRINT(EM_DIAGRAM):   by variable;
21240      if label = '' then label=Variable;
MPRINT(EM_DIAGRAM):   if label = '' then label=Variable;
21241      if _a then output;
MPRINT(EM_DIAGRAM):   if _a then output;
21242      run;
MPRINT(EM_DIAGRAM):   run;

WARNING: Multiple lengths were specified for the BY variable VARIABLE by input data sets. This might cause unexpected results.
NOTE: There were 17 observations read from the data set EMWS1.STAT_CLASS.
NOTE: There were 17 observations read from the data set WORK.TEMPVARIABLE.
NOTE: The data set EMWS1.STAT_CLASS has 17 observations and 12 variables.
NOTE: DATA statement used (Total process time):
      real time           0.01 seconds
      cpu time            0.01 seconds
      

21243      run;
MPRINT(EM_DIAGRAM):    run;
21244      proc sort data=EMWS1.Stat_VariableSet out=tempVariable(keep=name label role rename=(name=variable));
MPRINT(EM_DIAGRAM):   proc sort data=EMWS1.Stat_VariableSet out=tempVariable(keep=name label role rename=(name=variable));
21245      by name;
MPRINT(EM_DIAGRAM):   by name;
21246      run;
MPRINT(EM_DIAGRAM):   run;

NOTE: There were 17 observations read from the data set EMWS1.STAT_VARIABLESET.
NOTE: The data set WORK.TEMPVARIABLE has 17 observations and 3 variables.
NOTE: PROCEDURE SORT used (Total process time):
      real time           0.00 seconds
      cpu time            0.00 seconds
      

21247      proc sort data=EMWS1.Stat_INTERVAL;
MPRINT(EM_DIAGRAM):   proc sort data=EMWS1.Stat_INTERVAL;
21248      by Variable;
MPRINT(EM_DIAGRAM):   by Variable;
21249      run;
MPRINT(EM_DIAGRAM):   run;

NOTE: There were 10 observations read from the data set EMWS1.STAT_INTERVAL.
NOTE: The data set EMWS1.STAT_INTERVAL has 10 observations and 11 variables.
NOTE: PROCEDURE SORT used (Total process time):
      real time           0.00 seconds
      cpu time            0.00 seconds
      

21250      data EMWS1.Stat_INTERVAL;
MPRINT(EM_DIAGRAM):   data EMWS1.Stat_INTERVAL;
21251      merge EMWS1.Stat_INTERVAL(in=_a) tempVariable;
MPRINT(EM_DIAGRAM):   merge EMWS1.Stat_INTERVAL(in=_a) tempVariable;
21252      by variable;
MPRINT(EM_DIAGRAM):   by variable;
21253      if label = '' then label=Variable;
MPRINT(EM_DIAGRAM):   if label = '' then label=Variable;
21254      if _a then output;
MPRINT(EM_DIAGRAM):   if _a then output;
21255      run;
MPRINT(EM_DIAGRAM):   run;

WARNING: Multiple lengths were specified for the BY variable VARIABLE by input data sets. This might cause unexpected results.
NOTE: There were 10 observations read from the data set EMWS1.STAT_INTERVAL.
NOTE: There were 17 observations read from the data set WORK.TEMPVARIABLE.
NOTE: The data set EMWS1.STAT_INTERVAL has 10 observations and 13 variables.
NOTE: DATA statement used (Total process time):
      real time           0.01 seconds
      cpu time            0.01 seconds
      

21256      proc datasets library=EMWS1 nolist;
MPRINT(EM_DIAGRAM):   proc datasets library=EMWS1 nolist;
21257      modify Stat_INTERVAL;
MPRINT(EM_DIAGRAM):   modify Stat_INTERVAL;
MPRINT(EM_DIAGRAM):   label DATAROLE = "Data Role";
21258      label DATAROLE = "%sysfunc(sasmsg(sashelp.dmine, rpt_datarole_vlabel, NOQUOTE))";
MPRINT(EM_DIAGRAM):   label Variable = "Variable";
21259      label Variable = "%sysfunc(sasmsg(sashelp.dmine, rpt_variable_vlabel, NOQUOTE))";
MPRINT(EM_DIAGRAM):   label MEAN = "Mean";
21260      label MEAN = "%sysfunc(sasmsg(sashelp.dmine, rpt_mean_vlabel,    NOQUOTE))";
MPRINT(EM_DIAGRAM):   label N = "Non Missing";
21261      label N = "%sysfunc(sasmsg(sashelp.dmine, rpt_nonMiss_vlabel, NOQUOTE))";
MPRINT(EM_DIAGRAM):   label STD = "Standard Deviation";
21262      label STD = "%sysfunc(sasmsg(sashelp.dmine, rpt_std_vlabel,     NOQUOTE))";
MPRINT(EM_DIAGRAM):   label NMISS = "Missing";
21263      label NMISS = "%sysfunc(sasmsg(sashelp.dmine, rpt_missing_vlabel, NOQUOTE))";
MPRINT(EM_DIAGRAM):   label p50 = "Median";
21264      label p50 = "%sysfunc(sasmsg(sashelp.dmine, rpt_median_vlabel, NOQUOTE))";
MPRINT(EM_DIAGRAM):   label MIN = "Minimum";
21265      label MIN = "%sysfunc(sasmsg(sashelp.dmine, rpt_minimum_vlabel, NOQUOTE))";
MPRINT(EM_DIAGRAM):   label MAX = "Maximum";
21266      label MAX = "%sysfunc(sasmsg(sashelp.dmine, rpt_maximum_vlabel, NOQUOTE))";
MPRINT(EM_DIAGRAM):   label SKEWNESS = "Skewness";
21267      label SKEWNESS = "%sysfunc(sasmsg(sashelp.dmine, rpt_skewness_vlabel, NOQUOTE))";
MPRINT(EM_DIAGRAM):   label KURTOSIS = "Kurtosis";
21268      label KURTOSIS = "%sysfunc(sasmsg(sashelp.dmine, rpt_kurtosis_vlabel, NOQUOTE))";
MPRINT(EM_DIAGRAM):   run;
21269      run;

NOTE: MODIFY was successful for EMWS1.STAT_INTERVAL.DATA.

NOTE: PROCEDURE DATASETS used (Total process time):
      real time           0.06 seconds
      cpu time            0.06 seconds
      

21270      proc sort data=EMWS1.Stat_CLASS NOTHREADS;
MPRINT(EM_DIAGRAM):   proc sort data=EMWS1.Stat_CLASS NOTHREADS;
21271      by DATAROLE ROLE Variable descending COUNT;
MPRINT(EM_DIAGRAM):   by DATAROLE ROLE Variable descending COUNT;
21272      run;
MPRINT(EM_DIAGRAM):   run;

NOTE: There were 17 observations read from the data set EMWS1.STAT_CLASS.
NOTE: The data set EMWS1.STAT_CLASS has 17 observations and 12 variables.
NOTE: PROCEDURE SORT used (Total process time):
      real time           0.01 seconds
      cpu time            0.01 seconds
      

21273      data WORK.StatCLASS(keep=DATAROLE Variable ROLE Numcat Nmiss Mode ModePct Mode2 Mode2Pct);
MPRINT(EM_DIAGRAM):   data WORK.StatCLASS(keep=DATAROLE Variable ROLE Numcat Nmiss Mode ModePct Mode2 Mode2Pct);
21274      set EMWS1.Stat_CLASS;
MPRINT(EM_DIAGRAM):   set EMWS1.Stat_CLASS;
21275      length Mode Mode2 $32;
MPRINT(EM_DIAGRAM):   length Mode Mode2 $32;
21276      retain NMiss 0 ModePct 0 Mode2Pct 0 Mode '' Mode2 '';
MPRINT(EM_DIAGRAM):   retain NMiss 0 ModePct 0 Mode2Pct 0 Mode '' Mode2 '';
21277      by DATAROLE ROLE Variable;
MPRINT(EM_DIAGRAM):   by DATAROLE ROLE Variable;
21278      if first.DATAROLE or first.variable then do;
MPRINT(EM_DIAGRAM):   if first.DATAROLE or first.variable then do;
21279      Numcat = 1;
MPRINT(EM_DIAGRAM):   Numcat = 1;
21280      NMiss = 0;
MPRINT(EM_DIAGRAM):   NMiss = 0;
21281      Mode = strip(LEVEL);
MPRINT(EM_DIAGRAM):   Mode = strip(LEVEL);
21282      ModePct = PERCENT;
MPRINT(EM_DIAGRAM):   ModePct = PERCENT;
21283      Mode2 = '';
MPRINT(EM_DIAGRAM):   Mode2 = '';
21284      Mode2Pct = 0;
MPRINT(EM_DIAGRAM):   Mode2Pct = 0;
21285      end;
MPRINT(EM_DIAGRAM):   end;
21286      else Numcat +1;
MPRINT(EM_DIAGRAM):   else Numcat +1;
21287      if Numcat =2 then do;
MPRINT(EM_DIAGRAM):   if Numcat =2 then do;
21288      Mode2 = strip(LEVEL);
MPRINT(EM_DIAGRAM):   Mode2 = strip(LEVEL);
21289      Mode2Pct = PERCENT;
MPRINT(EM_DIAGRAM):   Mode2Pct = PERCENT;
21290      end;
MPRINT(EM_DIAGRAM):   end;
21291      if NRAW=. and CRAW='' then NMiss= COUNT;
MPRINT(EM_DIAGRAM):   if NRAW=. and CRAW='' then NMiss= COUNT;
21292      if last.DATAROLE or last.variable then output;
MPRINT(EM_DIAGRAM):   if last.DATAROLE or last.variable then output;
21293      run;
MPRINT(EM_DIAGRAM):   run;

NOTE: There were 17 observations read from the data set EMWS1.STAT_CLASS.
NOTE: The data set WORK.STATCLASS has 6 observations and 9 variables.
NOTE: DATA statement used (Total process time):
      real time           0.01 seconds
      cpu time            0.01 seconds
      

21294      %let _cn = %sysfunc(getoption(CENTER));
21295      %let _nb = %sysfunc(getoption(NUMBER));
21296      options nonumber nocenter;
MPRINT(EM_DIAGRAM):   options nonumber nocenter;
21297      title;
MPRINT(EM_DIAGRAM):   title;
21298      title9 ' ';
MPRINT(EM_DIAGRAM):   title9 ' ';
21299      proc print data=WORK.StatCLASS(obs=500) label noobs;
MPRINT(EM_DIAGRAM):   proc print data=WORK.StatCLASS(obs=500) label noobs;
21300      var DATAROLE VARIABLE ROLE NUMCAT NMISS Mode ModePct Mode2 Mode2Pct;
MPRINT(EM_DIAGRAM):   var DATAROLE VARIABLE ROLE NUMCAT NMISS Mode ModePct Mode2 Mode2Pct;
21301      label DATAROLE = "%sysfunc(sasmsg(sashelp.dmine, rpt_datarole_vlabel, NOQUOTE))" ROLE = "%sysfunc(sasmsg(sashelp.dmine, meta_role_vlabel, NOQUOTE))" NUMCAT = "%sysfunc(sasmsg(sashelp.dmine, rpt_numcat_vlabel,   NOQUOTE))" NMISS =
21302         "%sysfunc(sasmsg(sashelp.dmine, rpt_missing_vlabel,  NOQUOTE))" MODE = "%sysfunc(sasmsg(sashelp.dmine, rpt_mode_vlabel,     NOQUOTE))" MODEPCT = "%sysfunc(sasmsg(sashelp.dmine, rpt_modepct_vlabel,  NOQUOTE))" MODE2 =
21303         "%sysfunc(sasmsg(sashelp.dmine, rpt_mode2_vlabel,     NOQUOTE))" MODE2PCT = "%sysfunc(sasmsg(sashelp.dmine, rpt_mode2pct_vlabel, NOQUOTE))";
MPRINT(EM_DIAGRAM):   label DATAROLE = "Data Role" ROLE = "Role" NUMCAT = "Number of Levels" NMISS = "Missing" MODE = "Mode" MODEPCT = "Mode Percentage" MODE2 = "Mode2" MODE2PCT = "Mode2 Percentage";
21304      format ModePct Mode2Pct 5.2;
MPRINT(EM_DIAGRAM):   format ModePct Mode2Pct 5.2;
21305      by DATAROLE;
MPRINT(EM_DIAGRAM):   by DATAROLE;
21306      title9 "%sysfunc(sasmsg(sashelp.dmine, rpt_classStats_title,     NOQUOTE))";
MPRINT(EM_DIAGRAM):   title9 "Class Variable Summary Statistics";
21307      title10 "%sysfunc(sasmsg(sashelp.dmine, rpt_maxObsPrinted_title,  NOQUOTE))";
MPRINT(EM_DIAGRAM):   title10 "(maximum 500 observations printed)";
MPRINT(EM_DIAGRAM):   run;
21308      run;

NOTE: There were 6 observations read from the data set WORK.STATCLASS.
NOTE: The PROCEDURE PRINT printed page 2.
NOTE: PROCEDURE PRINT used (Total process time):
      real time           0.07 seconds
      cpu time            0.07 seconds
      

21309      title9;
MPRINT(EM_DIAGRAM):   title9;
21310      title10;
MPRINT(EM_DIAGRAM):   title10;
21311      options &_cn &_nb;
MPRINT(EM_DIAGRAM):   options NOCENTER NONUMBER;
21312      data WORK.StatINTERVALSUMMARY;
MPRINT(EM_DIAGRAM):    data WORK.StatINTERVALSUMMARY;
21313      set EMWS1.Stat_INTERVAL;
MPRINT(EM_DIAGRAM):   set EMWS1.Stat_INTERVAL;
21314      length ROLE $32;
MPRINT(EM_DIAGRAM):   length ROLE $32;
21315      if Variable = "Age" then ROLE="INPUT";
MPRINT(EM_DIAGRAM):   if Variable = "Age" then ROLE="INPUT";
21316      else
21317      if Variable = "Basement" then ROLE="INPUT";
MPRINT(EM_DIAGRAM):   else if Variable = "Basement" then ROLE="INPUT";
21318      else
21319      if Variable = "Baths" then ROLE="INPUT";
MPRINT(EM_DIAGRAM):   else if Variable = "Baths" then ROLE="INPUT";
21320      else
21321      if Variable = "FirePlace" then ROLE="INPUT";
MPRINT(EM_DIAGRAM):   else if Variable = "FirePlace" then ROLE="INPUT";
21322      else
21323      if Variable = "FirstFloor" then ROLE="INPUT";
MPRINT(EM_DIAGRAM):   else if Variable = "FirstFloor" then ROLE="INPUT";
21324      else
21325      if Variable = "GarageSize" then ROLE="INPUT";
MPRINT(EM_DIAGRAM):   else if Variable = "GarageSize" then ROLE="INPUT";
21326      else
21327      if Variable = "SalePrice" then ROLE="TARGET";
MPRINT(EM_DIAGRAM):   else if Variable = "SalePrice" then ROLE="TARGET";
21328      else
21329      if Variable = "SecondFloor" then ROLE="INPUT";
MPRINT(EM_DIAGRAM):   else if Variable = "SecondFloor" then ROLE="INPUT";
21330      else
21331      if Variable = "TotalArea" then ROLE="INPUT";
MPRINT(EM_DIAGRAM):   else if Variable = "TotalArea" then ROLE="INPUT";
21332      else
21333      if Variable = "UpperArea" then ROLE="INPUT";
MPRINT(EM_DIAGRAM):   else if Variable = "UpperArea" then ROLE="INPUT";
21334      run;
MPRINT(EM_DIAGRAM):   run;

NOTE: There were 10 observations read from the data set EMWS1.STAT_INTERVAL.
NOTE: The data set WORK.STATINTERVALSUMMARY has 10 observations and 13 variables.
NOTE: DATA statement used (Total process time):
      real time           0.01 seconds
      cpu time            0.01 seconds
      

21335      proc sort data=WORK.StatINTERVALSUMMARY NOTHREADS;
MPRINT(EM_DIAGRAM):    proc sort data=WORK.StatINTERVALSUMMARY NOTHREADS;
21336      by DATAROLE ROLE Variable;
MPRINT(EM_DIAGRAM):   by DATAROLE ROLE Variable;
21337      run;
MPRINT(EM_DIAGRAM):   run;

NOTE: There were 10 observations read from the data set WORK.STATINTERVALSUMMARY.
NOTE: The data set WORK.STATINTERVALSUMMARY has 10 observations and 13 variables.
NOTE: PROCEDURE SORT used (Total process time):
      real time           0.01 seconds
      cpu time            0.01 seconds
      

21338      %let _cn = %sysfunc(getoption(CENTER));
21339      %let _nb = %sysfunc(getoption(NUMBER));
21340      options nonumber nocenter;
MPRINT(EM_DIAGRAM):   options nonumber nocenter;
21341      title;
MPRINT(EM_DIAGRAM):   title;
21342      proc print data=WORK.StatINTERVALSUMMARY(obs=500) label noobs;
MPRINT(EM_DIAGRAM):   proc print data=WORK.StatINTERVALSUMMARY(obs=500) label noobs;
21343      var Variable ROLE MEAN STD N NMISS MIN P50 MAX SKEWNESS KURTOSIS;
MPRINT(EM_DIAGRAM):   var Variable ROLE MEAN STD N NMISS MIN P50 MAX SKEWNESS KURTOSIS;
21344      by DATAROLE;
MPRINT(EM_DIAGRAM):   by DATAROLE;
21345      title9 "%sysfunc(sasmsg(sashelp.dmine, rpt_intervalStats_title, NOQUOTE))";
MPRINT(EM_DIAGRAM):   title9 "Interval Variable Summary Statistics";
21346      title10 "%sysfunc(sasmsg(sashelp.dmine, rpt_maxObsPrinted_title, NOQUOTE))";
MPRINT(EM_DIAGRAM):   title10 "(maximum 500 observations printed)";
MPRINT(EM_DIAGRAM):   run;
21347      run;

NOTE: There were 10 observations read from the data set WORK.STATINTERVALSUMMARY.
NOTE: The PROCEDURE PRINT printed page 3.
NOTE: PROCEDURE PRINT used (Total process time):
      real time           0.01 seconds
      cpu time            0.01 seconds
      

21348      title9;
MPRINT(EM_DIAGRAM):   title9;
21349      title10;
MPRINT(EM_DIAGRAM):   title10;
21350      options &_cn &_nb;
MPRINT(EM_DIAGRAM):   options NOCENTER NONUMBER;
21351      *------------------------------------------------------------*;
MPRINT(EM_DIAGRAM):    *------------------------------------------------------------*;
21352      * Stat: Computing Correlation Statistics;
MPRINT(EM_DIAGRAM):   * Stat: Computing Correlation Statistics;
21353      *------------------------------------------------------------*;
MPRINT(EM_DIAGRAM):   *------------------------------------------------------------*;
21354      proc corr data=EMWS1.Filter_TRAIN(obs=100000)
21355      pearson outp = WORK.Stat_TEMP
21356      noprint
21357      ;
MPRINT(EM_DIAGRAM):   proc corr data=EMWS1.Filter_TRAIN(obs=100000) pearson outp = WORK.Stat_TEMP noprint ;
21358      var
21359      SalePrice
21360      ;
MPRINT(EM_DIAGRAM):   var SalePrice ;
21361      with
21362      Age
21363      Basement
21364      Baths
21365      FirePlace
21366      FirstFloor
21367      GarageSize
21368      SalePrice
21369      SecondFloor
21370      TotalArea
21371      UpperArea
21372      ;
MPRINT(EM_DIAGRAM):   with Age Basement Baths FirePlace FirstFloor GarageSize SalePrice SecondFloor TotalArea UpperArea ;
21373      ;
MPRINT(EM_DIAGRAM):   ;
21374      run;
MPRINT(EM_DIAGRAM):   run;

NOTE: There were 363 observations read from the data set EMWS1.FIMPORT_DATA.
NOTE: View EMWS1.FILTER_TRAIN.VIEW used (Total process time):
      real time           0.28 seconds
      cpu time            0.23 seconds
      
NOTE: There were 363 observations read from the data set EMWS1.FIMPORT_TRAIN.
NOTE: The data set WORK.STAT_TEMP has 13 observations and 3 variables.
NOTE: PROCEDURE CORR used (Total process time):
      real time           0.31 seconds
      cpu time            0.26 seconds
      

MPRINT(EM_DIAGRAM):   quit;
21375      quit;

21376      data WORK.StatCORR;
MPRINT(EM_DIAGRAM):    data WORK.StatCORR;
21377      length CORRTYPE $8;
MPRINT(EM_DIAGRAM):   length CORRTYPE $8;
21378      drop _TYPE_;
MPRINT(EM_DIAGRAM):   drop _TYPE_;
21379      set
21380      WORK.Stat_TEMP(in=a)
21381      ;
MPRINT(EM_DIAGRAM):   set WORK.Stat_TEMP(in=a) ;
21382      if a then CORRTYPE = 'PEARSON';
MPRINT(EM_DIAGRAM):   if a then CORRTYPE = 'PEARSON';
21383      where _TYPE_ = 'CORR';
MPRINT(EM_DIAGRAM):   where _TYPE_ = 'CORR';
21384      run;
MPRINT(EM_DIAGRAM):   run;

NOTE: There were 10 observations read from the data set WORK.STAT_TEMP.
      WHERE _TYPE_='CORR';
NOTE: The data set WORK.STATCORR has 10 observations and 3 variables.
NOTE: DATA statement used (Total process time):
      real time           0.01 seconds
      cpu time            0.01 seconds
      

MPRINT(EM_DIAGRAM):   quit;
21385      quit;
21386      proc sort data=WORK.StatCORR;
MPRINT(EM_DIAGRAM):   proc sort data=WORK.StatCORR;
21387      by CORRTYPE _NAME_;
MPRINT(EM_DIAGRAM):   by CORRTYPE _NAME_;
21388      run;
MPRINT(EM_DIAGRAM):   run;

NOTE: There were 10 observations read from the data set WORK.STATCORR.
NOTE: The data set WORK.STATCORR has 10 observations and 3 variables.
NOTE: PROCEDURE SORT used (Total process time):
      real time           0.03 seconds
      cpu time            0.03 seconds
      

21389      proc transpose data=WORK.StatCORR(rename=_NAME_=INPUT) out=WORK.StatCORR(DROP=_LABEL_ RENAME=(COL1=CORRVALUE)) NAME=TARGET;
MPRINT(EM_DIAGRAM):   proc transpose data=WORK.StatCORR(rename=_NAME_=INPUT) out=WORK.StatCORR(DROP=_LABEL_ RENAME=(COL1=CORRVALUE)) NAME=TARGET;
21390      by CORRTYPE INPUT;
MPRINT(EM_DIAGRAM):   by CORRTYPE INPUT;
21391      run;
MPRINT(EM_DIAGRAM):   run;

NOTE: There were 10 observations read from the data set WORK.STATCORR.
NOTE: The data set WORK.STATCORR has 10 observations and 4 variables.
NOTE: PROCEDURE TRANSPOSE used (Total process time):
      real time           0.03 seconds
      cpu time            0.03 seconds
      

21392      proc datasets lib=WORK nolist;
MPRINT(EM_DIAGRAM):   proc datasets lib=WORK nolist;
21393      modify StatCORR;
MPRINT(EM_DIAGRAM):   modify StatCORR;
21394      label Target = "%sysfunc(sasmsg(sashelp.dmine, rpt_target_vlabel ,      NOQUOTE))" INPUT = "%sysfunc(sasmsg(sashelp.dmine, rpt_input_vlabel ,       NOQUOTE))" CORRTYPE = "%sysfunc(sasmsg(sashelp.dmine, meta_type_vlabel ,       NOQUOTE))"
21394    ! CORRVALUE =
MPRINT(EM_DIAGRAM):   label Target = "Target" INPUT = "Input" CORRTYPE = "Type" CORRVALUE = "Correlation";
21395         "%sysfunc(sasmsg(sashelp.dmine, rpt_correlation_vlabel , NOQUOTE))";
MPRINT(EM_DIAGRAM):   run;
21396      run;

NOTE: MODIFY was successful for WORK.STATCORR.DATA.

NOTE: PROCEDURE DATASETS used (Total process time):
      real time           0.04 seconds
      cpu time            0.04 seconds
      

21397      proc sort data=WORK.StatCORR;
MPRINT(EM_DIAGRAM):   proc sort data=WORK.StatCORR;
21398      by CORRTYPE TARGET INPUT;
MPRINT(EM_DIAGRAM):   by CORRTYPE TARGET INPUT;
21399      where TARGET ne INPUT;
MPRINT(EM_DIAGRAM):   where TARGET ne INPUT;
21400      run;
MPRINT(EM_DIAGRAM):   run;

NOTE: There were 9 observations read from the data set WORK.STATCORR.
      WHERE TARGET not = INPUT;
NOTE: The data set WORK.STATCORR has 9 observations and 4 variables.
NOTE: PROCEDURE SORT used (Total process time):
      real time           0.01 seconds
      cpu time            0.01 seconds
      

21401      data WORK.StatCORR;
MPRINT(EM_DIAGRAM):    data WORK.StatCORR;
21402      length DATAROLE $20;
MPRINT(EM_DIAGRAM):   length DATAROLE $20;
21403      retain DATAROLE "TRAIN";
MPRINT(EM_DIAGRAM):   retain DATAROLE "TRAIN";
21404      SegmentVar = "";
MPRINT(EM_DIAGRAM):   SegmentVar = "";
21405      SegmentValue = "";
MPRINT(EM_DIAGRAM):   SegmentValue = "";
21406      SegmentId = "_OVERALL_";
MPRINT(EM_DIAGRAM):   SegmentId = "_OVERALL_";
21407      set WORK.StatCORR;
MPRINT(EM_DIAGRAM):   set WORK.StatCORR;
21408      run;
MPRINT(EM_DIAGRAM):   run;

NOTE: There were 9 observations read from the data set WORK.STATCORR.
NOTE: The data set WORK.STATCORR has 9 observations and 8 variables.
NOTE: DATA statement used (Total process time):
      real time           0.01 seconds
      cpu time            0.01 seconds
      

21409      proc append base=EMWS1.Stat_CORR data=WORK.StatCORR force;
MPRINT(EM_DIAGRAM):   proc append base=EMWS1.Stat_CORR data=WORK.StatCORR force;
21410      run;
MPRINT(EM_DIAGRAM):   run;

NOTE: Appending WORK.STATCORR to EMWS1.STAT_CORR.
NOTE: BASE data set does not exist. DATA file is being copied to BASE file.
NOTE: There were 9 observations read from the data set WORK.STATCORR.
NOTE: The data set EMWS1.STAT_CORR has 9 observations and 8 variables.
NOTE: PROCEDURE APPEND used (Total process time):
      real time           0.01 seconds
      cpu time            0.01 seconds
      

21411      %let _cn = %sysfunc(getoption(CENTER));
21412      %let _nb = %sysfunc(getoption(NUMBER));
21413      proc sort data=EMWS1.Stat_VariableSet out=tempVariable(keep=name label role rename=(name=INPUT));
MPRINT(EM_DIAGRAM):    proc sort data=EMWS1.Stat_VariableSet out=tempVariable(keep=name label role rename=(name=INPUT));
21414      by name;
MPRINT(EM_DIAGRAM):   by name;
21415      run;
MPRINT(EM_DIAGRAM):   run;

NOTE: There were 17 observations read from the data set EMWS1.STAT_VARIABLESET.
NOTE: The data set WORK.TEMPVARIABLE has 17 observations and 3 variables.
NOTE: PROCEDURE SORT used (Total process time):
      real time           0.01 seconds
      cpu time            0.01 seconds
      

21416      proc sort data=EMWS1.Stat_CORR;
MPRINT(EM_DIAGRAM):   proc sort data=EMWS1.Stat_CORR;
21417      by INPUT;
MPRINT(EM_DIAGRAM):   by INPUT;
21418      run;
MPRINT(EM_DIAGRAM):   run;

NOTE: There were 9 observations read from the data set EMWS1.STAT_CORR.
NOTE: The data set EMWS1.STAT_CORR has 9 observations and 8 variables.
NOTE: PROCEDURE SORT used (Total process time):
      real time           0.03 seconds
      cpu time            0.03 seconds
      

21419      data EMWS1.Stat_CORR;
MPRINT(EM_DIAGRAM):   data EMWS1.Stat_CORR;
21420      merge EMWS1.Stat_CORR(in=_a) tempVariable;
MPRINT(EM_DIAGRAM):   merge EMWS1.Stat_CORR(in=_a) tempVariable;
21421      by INPUT;
MPRINT(EM_DIAGRAM):   by INPUT;
21422      if label = '' then label=INPUT;
MPRINT(EM_DIAGRAM):   if label = '' then label=INPUT;
21423      if _a then output;
MPRINT(EM_DIAGRAM):   if _a then output;
21424      run;
MPRINT(EM_DIAGRAM):   run;

WARNING: Multiple lengths were specified for the BY variable INPUT by input data sets. This might cause unexpected results.
NOTE: There were 9 observations read from the data set EMWS1.STAT_CORR.
NOTE: There were 17 observations read from the data set WORK.TEMPVARIABLE.
NOTE: The data set EMWS1.STAT_CORR has 9 observations and 10 variables.
NOTE: DATA statement used (Total process time):
      real time           0.01 seconds
      cpu time            0.01 seconds
      

21425      proc sort data=EMWS1.Stat_CORR NOTHREADS;
MPRINT(EM_DIAGRAM):   proc sort data=EMWS1.Stat_CORR NOTHREADS;
21426      by DATAROLE CORRTYPE SEGMENTID TARGET descending CORRVALUE;
MPRINT(EM_DIAGRAM):   by DATAROLE CORRTYPE SEGMENTID TARGET descending CORRVALUE;
21427      run;
MPRINT(EM_DIAGRAM):   run;

NOTE: There were 9 observations read from the data set EMWS1.STAT_CORR.
NOTE: The data set EMWS1.STAT_CORR has 9 observations and 10 variables.
NOTE: PROCEDURE SORT used (Total process time):
      real time           0.01 seconds
      cpu time            0.01 seconds
      

21428      data EMWS1.Stat_CORR;
MPRINT(EM_DIAGRAM):   data EMWS1.Stat_CORR;
21429      set EMWS1.Stat_CORR;
MPRINT(EM_DIAGRAM):   set EMWS1.Stat_CORR;
21430      label DATAROLE = "%sysfunc(sasmsg(sashelp.dmine,  rpt_datarole_vlabel, NOQUOTE))" ORDEREDINPUTS = "%sysfunc(sasmsg(sashelp.dmine, rpt_orderedInput_vlabel  , NOQUOTE))";
MPRINT(EM_DIAGRAM):   label DATAROLE = "Data Role" ORDEREDINPUTS = "Ordered Inputs";
21431      label SegmentValue= "%sysfunc(sasmsg(sashelp.dmine, rpt_segmentId_vlabel, NOQUOTE))" SegmentVar = "%sysfunc(sasmsg(sashelp.dmine, rpt_segment_vlabel, NOQUOTE))" SegmentId = "%sysfunc(sasmsg(sashelp.dmine, rpt_segmentNameValue_vlabel, NOQUOTE))";
MPRINT(EM_DIAGRAM):   label SegmentValue= "Segment Id" SegmentVar = "Segment" SegmentId = "Segment Name:Value";
21432      format ORDEREDINPUTS 5.0;
MPRINT(EM_DIAGRAM):   format ORDEREDINPUTS 5.0;
21433      retain ORDEREDINPUTS 0;
MPRINT(EM_DIAGRAM):   retain ORDEREDINPUTS 0;
21434      if first.DATAROLE or first.CORRTYPE or first.SEGMENTID or first.TARGET then ORDEREDINPUTS=1;
MPRINT(EM_DIAGRAM):   if first.DATAROLE or first.CORRTYPE or first.SEGMENTID or first.TARGET then ORDEREDINPUTS=1;
21435      else ORDEREDINPUTS+1;
MPRINT(EM_DIAGRAM):   else ORDEREDINPUTS+1;
21436      by DATAROLE CORRTYPE TARGET;
MPRINT(EM_DIAGRAM):   by DATAROLE CORRTYPE TARGET;
21437      run;
MPRINT(EM_DIAGRAM):   run;

NOTE: Variable first.SEGMENTID is uninitialized.
NOTE: There were 9 observations read from the data set EMWS1.STAT_CORR.
NOTE: The data set EMWS1.STAT_CORR has 9 observations and 11 variables.
NOTE: DATA statement used (Total process time):
      real time           0.04 seconds
      cpu time            0.04 seconds
      

21438      options nonumber nocenter;
MPRINT(EM_DIAGRAM):   options nonumber nocenter;
21439      title;
MPRINT(EM_DIAGRAM):   title;
21440      title9 ' ';
MPRINT(EM_DIAGRAM):   title9 ' ';
21441      proc sort data=EMWS1.Stat_CORR NOTHREADS;
MPRINT(EM_DIAGRAM):   proc sort data=EMWS1.Stat_CORR NOTHREADS;
21442      by DATAROLE CORRTYPE TARGET descending CORRVALUE;
MPRINT(EM_DIAGRAM):   by DATAROLE CORRTYPE TARGET descending CORRVALUE;
21443      run;
MPRINT(EM_DIAGRAM):   run;

NOTE: There were 9 observations read from the data set EMWS1.STAT_CORR.
NOTE: The data set EMWS1.STAT_CORR has 9 observations and 11 variables.
NOTE: PROCEDURE SORT used (Total process time):
      real time           0.01 seconds
      cpu time            0.01 seconds
      

21444      proc print data=EMWS1.Stat_CORR(obs=500) noobs label;
MPRINT(EM_DIAGRAM):   proc print data=EMWS1.Stat_CORR(obs=500) noobs label;
21445      var INPUT CORRVALUE;
MPRINT(EM_DIAGRAM):   var INPUT CORRVALUE;
21446      by DATAROLE CORRTYPE TARGET;
MPRINT(EM_DIAGRAM):   by DATAROLE CORRTYPE TARGET;
21447      title9 "%sysfunc(sasmsg(sashelp.dmine, rpt_corrStats_title    , NOQUOTE))";
MPRINT(EM_DIAGRAM):   title9 "Correlation Statistics";
21448      title10 "%sysfunc(sasmsg(sashelp.dmine, rpt_maxObsPrinted_title, NOQUOTE))";
MPRINT(EM_DIAGRAM):   title10 "(maximum 500 observations printed)";
MPRINT(EM_DIAGRAM):   run;
21449      run;

NOTE: There were 9 observations read from the data set EMWS1.STAT_CORR.
NOTE: The PROCEDURE PRINT printed page 4.
NOTE: PROCEDURE PRINT used (Total process time):
      real time           0.03 seconds
      cpu time            0.03 seconds
      

21450      title10;
MPRINT(EM_DIAGRAM):   title10;
21451      options &_cn &_nb;
MPRINT(EM_DIAGRAM):   options NOCENTER NONUMBER;
21452      proc sort data=WORK.M2PZ18RS;
MPRINT(EM_DIAGRAM):   proc sort data=WORK.M2PZ18RS;
21453      by name;
MPRINT(EM_DIAGRAM):   by name;
21454      run;
MPRINT(EM_DIAGRAM):   run;

NOTE: Input data set is already sorted, no sorting done.
NOTE: PROCEDURE SORT used (Total process time):
      real time           0.01 seconds
      cpu time            0.01 seconds
      

21455      proc means data=EMWS1.Stat_CLASS noprint;
MPRINT(EM_DIAGRAM):    proc means data=EMWS1.Stat_CLASS noprint;
21456      class DATAROLE Variable;
MPRINT(EM_DIAGRAM):   class DATAROLE Variable;
21457      var PERCENT;
MPRINT(EM_DIAGRAM):   var PERCENT;
21458      output out=EMWS1.Stat_CLASSPLOT;
MPRINT(EM_DIAGRAM):   output out=EMWS1.Stat_CLASSPLOT;
21459      run;
MPRINT(EM_DIAGRAM):   run;

NOTE: There were 17 observations read from the data set EMWS1.STAT_CLASS.
NOTE: The data set EMWS1.STAT_CLASSPLOT has 70 observations and 6 variables.
NOTE: PROCEDURE MEANS used (Total process time):
      real time           0.03 seconds
      cpu time            0.03 seconds
      

21460      proc transpose data=EMWS1.Stat_CLASSPLOT out=EMWS1.Stat_CLASSPLOT;
MPRINT(EM_DIAGRAM):   proc transpose data=EMWS1.Stat_CLASSPLOT out=EMWS1.Stat_CLASSPLOT;
21461      where _type_=3 and _STAT_ = 'STD';
MPRINT(EM_DIAGRAM):   where _type_=3 and _STAT_ = 'STD';
21462      var PERCENT;
MPRINT(EM_DIAGRAM):   var PERCENT;
21463      id _STAT_;
MPRINT(EM_DIAGRAM):   id _STAT_;
21464      by DATAROLE Variable;
MPRINT(EM_DIAGRAM):   by DATAROLE Variable;
21465      run;
MPRINT(EM_DIAGRAM):   run;

NOTE: There were 6 observations read from the data set EMWS1.STAT_CLASSPLOT.
      WHERE (_type_=3) and (_STAT_='STD');
NOTE: The data set EMWS1.STAT_CLASSPLOT has 6 observations and 4 variables.
NOTE: PROCEDURE TRANSPOSE used (Total process time):
      real time           0.03 seconds
      cpu time            0.03 seconds
      

21466      proc sort data=EMWS1.Stat_CLASSPLOT;
MPRINT(EM_DIAGRAM):   proc sort data=EMWS1.Stat_CLASSPLOT;
21467      by DATAROLE descending STD;
MPRINT(EM_DIAGRAM):   by DATAROLE descending STD;
21468      where STD ne .;
MPRINT(EM_DIAGRAM):   where STD ne .;
21469      run;
MPRINT(EM_DIAGRAM):   run;

NOTE: There were 6 observations read from the data set EMWS1.STAT_CLASSPLOT.
      WHERE STD not = .;
NOTE: The data set EMWS1.STAT_CLASSPLOT has 6 observations and 4 variables.
NOTE: PROCEDURE SORT used (Total process time):
      real time           0.01 seconds
      cpu time            0.01 seconds
      

21470      data EMWS1.Stat_CLASSPLOT(keep=DATAROLE Variable STD OrderedInput);
MPRINT(EM_DIAGRAM):   data EMWS1.Stat_CLASSPLOT(keep=DATAROLE Variable STD OrderedInput);
21471      label OrderedInput = "%sysfunc(sasmsg(sashelp.dmine, rpt_orderedInput_vlabel, NOQUOTE))";
MPRINT(EM_DIAGRAM):   label OrderedInput = "Ordered Inputs";
21472      format OrderedInput 5.0;
MPRINT(EM_DIAGRAM):   format OrderedInput 5.0;
21473      label STD = "%sysfunc(sasmsg(sashelp.dmine, rpt_pctVariability_vlabel, NOQUOTE))";
MPRINT(EM_DIAGRAM):   label STD = "Percent Variability";
21474      retain OrderedInput 0;
MPRINT(EM_DIAGRAM):   retain OrderedInput 0;
21475      set EMWS1.Stat_CLASSPLOT;
MPRINT(EM_DIAGRAM):   set EMWS1.Stat_CLASSPLOT;
21476      by DATAROLE;
MPRINT(EM_DIAGRAM):   by DATAROLE;
21477      if first.DATAROLE then OrderedInput = 1;
MPRINT(EM_DIAGRAM):   if first.DATAROLE then OrderedInput = 1;
21478      else OrderedInput + 1;
MPRINT(EM_DIAGRAM):   else OrderedInput + 1;
21479      run;
MPRINT(EM_DIAGRAM):   run;

NOTE: There were 6 observations read from the data set EMWS1.STAT_CLASSPLOT.
NOTE: The data set EMWS1.STAT_CLASSPLOT has 6 observations and 4 variables.
NOTE: DATA statement used (Total process time):
      real time           0.04 seconds
      cpu time            0.04 seconds
      

21480      proc sort data=EMWS1.Stat_CLASSPLOT;
MPRINT(EM_DIAGRAM):   proc sort data=EMWS1.Stat_CLASSPLOT;
21481      by Variable;
MPRINT(EM_DIAGRAM):   by Variable;
21482      run;
MPRINT(EM_DIAGRAM):   run;

NOTE: There were 6 observations read from the data set EMWS1.STAT_CLASSPLOT.
NOTE: The data set EMWS1.STAT_CLASSPLOT has 6 observations and 4 variables.
NOTE: PROCEDURE SORT used (Total process time):
      real time           0.01 seconds
      cpu time            0.01 seconds
      

21483      data EMWS1.Stat_CLASSPLOT;
MPRINT(EM_DIAGRAM):   data EMWS1.Stat_CLASSPLOT;
21484      merge EMWS1.Stat_CLASSPLOT(in=_a) WORK.M2PZ18RS(rename=(NAME=VARIABLE) Keep=NAME ROLE LABEL REPORT);
MPRINT(EM_DIAGRAM):   merge EMWS1.Stat_CLASSPLOT(in=_a) WORK.M2PZ18RS(rename=(NAME=VARIABLE) Keep=NAME ROLE LABEL REPORT);
21485      by Variable;
MPRINT(EM_DIAGRAM):   by Variable;
21486      if _a and (OrderedInput<100 or Report='Y') then output;
MPRINT(EM_DIAGRAM):   if _a and (OrderedInput<100 or Report='Y') then output;
21487      run;
MPRINT(EM_DIAGRAM):   run;

WARNING: Multiple lengths were specified for the BY variable VARIABLE by input data sets. This might cause unexpected results.
NOTE: There were 6 observations read from the data set EMWS1.STAT_CLASSPLOT.
NOTE: There were 17 observations read from the data set WORK.M2PZ18RS.
NOTE: The data set EMWS1.STAT_CLASSPLOT has 6 observations and 7 variables.
NOTE: DATA statement used (Total process time):
      real time           0.01 seconds
      cpu time            0.01 seconds
      

21488      data temp;
MPRINT(EM_DIAGRAM):   data temp;
21489      set EMWS1.Stat_CLASSPLOT;
MPRINT(EM_DIAGRAM):   set EMWS1.Stat_CLASSPLOT;
21490      where DATAROLE='TRAIN';
MPRINT(EM_DIAGRAM):   where DATAROLE='TRAIN';
21491      if OrderedInput<21 then plot = 1;
MPRINT(EM_DIAGRAM):   if OrderedInput<21 then plot = 1;
21492      else plot=0;
MPRINT(EM_DIAGRAM):   else plot=0;
21493      if LABEL = "" then LABEL = Variable;
MPRINT(EM_DIAGRAM):   if LABEL = "" then LABEL = Variable;
21494      keep Variable Label plot;
MPRINT(EM_DIAGRAM):   keep Variable Label plot;
21495      run;
MPRINT(EM_DIAGRAM):   run;

NOTE: There were 6 observations read from the data set EMWS1.STAT_CLASSPLOT.
      WHERE DATAROLE='TRAIN';
NOTE: The data set WORK.TEMP has 6 observations and 3 variables.
NOTE: DATA statement used (Total process time):
      real time           0.01 seconds
      cpu time            0.01 seconds
      

21496      data EMWS1.Stat_CLASSPLOT;
MPRINT(EM_DIAGRAM):   data EMWS1.Stat_CLASSPLOT;
21497      merge EMWS1.Stat_CLASSPLOT temp;
MPRINT(EM_DIAGRAM):   merge EMWS1.Stat_CLASSPLOT temp;
21498      by Variable;
MPRINT(EM_DIAGRAM):   by Variable;
21499      label DATAROLE = "%sysfunc(sasmsg(sashelp.dmine,  rpt_datarole_vlabel, NOQUOTE))" ROLE = "%sysfunc(sasmsg(sashelp.dmine, meta_role_vlabel,          NOQUOTE))" PLOT = "%sysfunc(sasmsg(sashelp.dmine, rpt_plot_vlabel,           NOQUOTE))" REPORT =
21500         "%sysfunc(sasmsg(sashelp.dmine, meta_report_vlabel,         NOQUOTE))";
MPRINT(EM_DIAGRAM):   label DATAROLE = "Data Role" ROLE = "Role" PLOT = "Plot" REPORT = "Report";
21501      run;
MPRINT(EM_DIAGRAM):   run;

NOTE: There were 6 observations read from the data set EMWS1.STAT_CLASSPLOT.
NOTE: There were 6 observations read from the data set WORK.TEMP.
NOTE: The data set EMWS1.STAT_CLASSPLOT has 6 observations and 8 variables.
NOTE: DATA statement used (Total process time):
      real time           0.06 seconds
      cpu time            0.04 seconds
      

21502      proc sort data=EMWS1.Stat_CLASSPLOT;
MPRINT(EM_DIAGRAM):   proc sort data=EMWS1.Stat_CLASSPLOT;
21503      by DATAROLE Variable;
MPRINT(EM_DIAGRAM):   by DATAROLE Variable;
21504      run;
MPRINT(EM_DIAGRAM):   run;

NOTE: There were 6 observations read from the data set EMWS1.STAT_CLASSPLOT.
NOTE: The data set EMWS1.STAT_CLASSPLOT has 6 observations and 8 variables.
NOTE: PROCEDURE SORT used (Total process time):
      real time           0.01 seconds
      cpu time            0.01 seconds
      

21505      proc sort data=EMWS1.Stat_CLASS;
MPRINT(EM_DIAGRAM):   proc sort data=EMWS1.Stat_CLASS;
21506      by DATAROLE Variable;
MPRINT(EM_DIAGRAM):   by DATAROLE Variable;
21507      run;
MPRINT(EM_DIAGRAM):   run;

NOTE: There were 17 observations read from the data set EMWS1.STAT_CLASS.
NOTE: The data set EMWS1.STAT_CLASS has 17 observations and 12 variables.
NOTE: PROCEDURE SORT used (Total process time):
      real time           0.01 seconds
      cpu time            0.01 seconds
      

21508      data EMWS1.Stat_CLASS;
MPRINT(EM_DIAGRAM):   data EMWS1.Stat_CLASS;
21509      merge EMWS1.Stat_CLASS(drop=NRAW CRAW) EMWS1.Stat_CLASSPLOT(keep=DATAROLE Variable Plot);
MPRINT(EM_DIAGRAM):   merge EMWS1.Stat_CLASS(drop=NRAW CRAW) EMWS1.Stat_CLASSPLOT(keep=DATAROLE Variable Plot);
21510      by DATAROLE Variable;
MPRINT(EM_DIAGRAM):   by DATAROLE Variable;
21511      if plot eq . then delete;
MPRINT(EM_DIAGRAM):   if plot eq . then delete;
21512      label DATAROLE = "%sysfunc(sasmsg(sashelp.dmine, rpt_datarole_vlabel,       NOQUOTE))" LEVEL = "%sysfunc(sasmsg(sashelp.dmine, rpt_level_vlabel,          NOQUOTE))" TYPE = "%sysfunc(sasmsg(sashelp.dmine, rpt_type_vlabel,           NOQUOTE))"
21512    ! COUNT =
21513         "%sysfunc(sasmsg(sashelp.dmine, rpt_count_vlabel,          NOQUOTE))" ROLE = "%sysfunc(sasmsg(sashelp.dmine, meta_role_vlabel,          NOQUOTE))" PERCENT = "%sysfunc(sasmsg(sashelp.dmine, rpt_percent_vlabel,        NOQUOTE))" PLOT =
21514         "%sysfunc(sasmsg(sashelp.dmine, rpt_plot_vlabel,           NOQUOTE))" LEVELINDEX = "%sysfunc(sasmsg(sashelp.dmine, rpt_levelIndex_vlabel,     NOQUOTE))";
MPRINT(EM_DIAGRAM):   label DATAROLE = "Data Role" LEVEL = "Level" TYPE = "Type" COUNT = "Frequency Count" ROLE = "Role" PERCENT = "Percent" PLOT = "Plot" LEVELINDEX = "Level Index";
21515      run;
MPRINT(EM_DIAGRAM):   run;

NOTE: There were 17 observations read from the data set EMWS1.STAT_CLASS.
NOTE: There were 6 observations read from the data set EMWS1.STAT_CLASSPLOT.
NOTE: The data set EMWS1.STAT_CLASS has 17 observations and 11 variables.
NOTE: DATA statement used (Total process time):
      real time           0.07 seconds
      cpu time            0.07 seconds
      

21516      data EMWS1.Stat_INTERVAL;
MPRINT(EM_DIAGRAM):    data EMWS1.Stat_INTERVAL;
21517      set EMWS1.Stat_INTERVAL;
MPRINT(EM_DIAGRAM):   set EMWS1.Stat_INTERVAL;
21518      label NMiss = "%sysfunc(sasmsg(sashelp.dmine, rpt_missing_vlabel, NOQUOTE))" absCV = "%sysfunc(sasmsg(sashelp.dmine, rpt_absCV_vlabel,   NOQUOTE))" CV = "%sysfunc(sasmsg(sashelp.dmine, rpt_cv_vlabel,      NOQUOTE))" Sign =
21519         "%sysfunc(sasmsg(sashelp.dmine, rpt_sign_vlabel,    NOQUOTE))";
MPRINT(EM_DIAGRAM):   label NMiss = "Missing" absCV = "Abs C.V." CV = "Coefficient of Variation" Sign = "Sign";
21520      if MEAN ne . then do;
MPRINT(EM_DIAGRAM):   if MEAN ne . then do;
21521      CV = STD/MEAN;
MPRINT(EM_DIAGRAM):   CV = STD/MEAN;
21522      absCV = abs(CV);
MPRINT(EM_DIAGRAM):   absCV = abs(CV);
21523      if absCV < 0 then Sign = '-';
MPRINT(EM_DIAGRAM):   if absCV < 0 then Sign = '-';
21524      else Sign = '+';
MPRINT(EM_DIAGRAM):   else Sign = '+';
21525      absCV = abs(absCV);
MPRINT(EM_DIAGRAM):   absCV = abs(absCV);
21526      end;
MPRINT(EM_DIAGRAM):   end;
21527      run;
MPRINT(EM_DIAGRAM):   run;

NOTE: There were 10 observations read from the data set EMWS1.STAT_INTERVAL.
NOTE: The data set EMWS1.STAT_INTERVAL has 10 observations and 16 variables.
NOTE: DATA statement used (Total process time):
      real time           0.04 seconds
      cpu time            0.04 seconds
      

21528      proc sort data = EMWS1.Stat_INTERVAL;
MPRINT(EM_DIAGRAM):   proc sort data = EMWS1.Stat_INTERVAL;
21529      by DATAROLE descending absCV;
MPRINT(EM_DIAGRAM):   by DATAROLE descending absCV;
21530      run;
MPRINT(EM_DIAGRAM):   run;

NOTE: There were 10 observations read from the data set EMWS1.STAT_INTERVAL.
NOTE: The data set EMWS1.STAT_INTERVAL has 10 observations and 16 variables.
NOTE: PROCEDURE SORT used (Total process time):
      real time           0.03 seconds
      cpu time            0.03 seconds
      

21531      data EMWS1.Stat_INTERVAL;
MPRINT(EM_DIAGRAM):   data EMWS1.Stat_INTERVAL;
21532      retain OrderedInput;
MPRINT(EM_DIAGRAM):   retain OrderedInput;
21533      set EMWS1.Stat_INTERVAL;
MPRINT(EM_DIAGRAM):   set EMWS1.Stat_INTERVAL;
21534      by DATAROLE;
MPRINT(EM_DIAGRAM):   by DATAROLE;
21535      label OrderedInput = "%sysfunc(sasmsg(sashelp.dmine, rpt_orderedInput_vlabel, NOQUOTE))";
MPRINT(EM_DIAGRAM):   label OrderedInput = "Ordered Inputs";
21536      format OrderedInput 5.0;
MPRINT(EM_DIAGRAM):   format OrderedInput 5.0;
21537      if first.DATAROLE then OrderedInput = 1;
MPRINT(EM_DIAGRAM):   if first.DATAROLE then OrderedInput = 1;
21538      else OrderedInput + 1;
MPRINT(EM_DIAGRAM):   else OrderedInput + 1;
21539      run;
MPRINT(EM_DIAGRAM):   run;

NOTE: There were 10 observations read from the data set EMWS1.STAT_INTERVAL.
NOTE: The data set EMWS1.STAT_INTERVAL has 10 observations and 17 variables.
NOTE: DATA statement used (Total process time):
      real time           0.03 seconds
      cpu time            0.03 seconds
      

21540      proc sort data=WORK.M2PZ18RS;
MPRINT(EM_DIAGRAM):    proc sort data=WORK.M2PZ18RS;
21541      by name;
MPRINT(EM_DIAGRAM):   by name;
21542      run;
MPRINT(EM_DIAGRAM):   run;

NOTE: Input data set is already sorted, no sorting done.
NOTE: PROCEDURE SORT used (Total process time):
      real time           0.00 seconds
      cpu time            0.00 seconds
      

21543      proc sort data=EMWS1.Stat_WORTH;
MPRINT(EM_DIAGRAM):    proc sort data=EMWS1.Stat_WORTH;
21544      by NAME;
MPRINT(EM_DIAGRAM):   by NAME;
21545      run;
MPRINT(EM_DIAGRAM):   run;

NOTE: There were 15 observations read from the data set EMWS1.STAT_WORTH.
NOTE: The data set EMWS1.STAT_WORTH has 15 observations and 5 variables.
NOTE: PROCEDURE SORT used (Total process time):
      real time           0.01 seconds
      cpu time            0.01 seconds
      

21546      data EMWS1.Stat_WORTH;
MPRINT(EM_DIAGRAM):   data EMWS1.Stat_WORTH;
21547      merge EMWS1.Stat_WORTH(in=_a) WORK.M2PZ18RS(Keep=NAME LABEL REPORT);
MPRINT(EM_DIAGRAM):   merge EMWS1.Stat_WORTH(in=_a) WORK.M2PZ18RS(Keep=NAME LABEL REPORT);
21548      by NAME;
MPRINT(EM_DIAGRAM):   by NAME;
21549      if REPORT = 'Y' then plot = 1;
MPRINT(EM_DIAGRAM):   if REPORT = 'Y' then plot = 1;
21550      if LABEL = "" then LABEL = NAME;
MPRINT(EM_DIAGRAM):   if LABEL = "" then LABEL = NAME;
21551      if _a then output;
MPRINT(EM_DIAGRAM):   if _a then output;
21552      drop report;
MPRINT(EM_DIAGRAM):   drop report;
21553      run;
MPRINT(EM_DIAGRAM):   run;

WARNING: Multiple lengths were specified for the BY variable Name by input data sets. This might cause unexpected results.
NOTE: There were 15 observations read from the data set EMWS1.STAT_WORTH.
NOTE: There were 17 observations read from the data set WORK.M2PZ18RS.
NOTE: The data set EMWS1.STAT_WORTH has 15 observations and 7 variables.
NOTE: DATA statement used (Total process time):
      real time           0.01 seconds
      cpu time            0.01 seconds
      

21554      proc sort data=EMWS1.Stat_WORTH;
MPRINT(EM_DIAGRAM):   proc sort data=EMWS1.Stat_WORTH;
21555      by rank;
MPRINT(EM_DIAGRAM):   by rank;
21556      run;
MPRINT(EM_DIAGRAM):   run;

NOTE: There were 15 observations read from the data set EMWS1.STAT_WORTH.
NOTE: The data set EMWS1.STAT_WORTH has 15 observations and 7 variables.
NOTE: PROCEDURE SORT used (Total process time):
      real time           0.01 seconds
      cpu time            0.01 seconds
      

MPRINT(EM_DIAGRAM):    proc printto;
MPRINT(EM_DIAGRAM):   run;
